2026-03-10 11:51:13,192 [INFO] Activator:176 - 


2026-03-10 11:51:13,194 [INFO] Activator:177 - !SESSION log4j initialized
2026-03-10 11:51:14,747 [INFO] LogOutputStream:77 - [STDOUT_REDIRECT] 
2026-03-10 11:51:16,782 [INFO] ApplicationProperties:184 - Using Application install path: /opt/st/stm32cubeide_1.19.0/plugins/com.st.stm32cube.common.mx_6.15.0.202507011659
2026-03-10 11:51:16,797 [INFO] DbMcusXml:78 - Set database path to: /opt/st/stm32cubeide_1.19.0/plugins/com.st.stm32cube.common.mx_6.15.0.202507011659//db//mcu/
2026-03-10 11:51:16,798 [INFO] ApiDb:274 - Set plugin database path to: /opt/st/stm32cubeide_1.19.0/plugins/com.st.stm32cube.common.mx_6.15.0.202507011659//db//plugins/boardmanager/
2026-03-10 11:51:16,798 [WARN] ApiDb:259 - Overriding images path with different value:  => /opt/st/stm32cubeide_1.19.0/plugins/com.st.stm32cube.common.mx_6.15.0.202507011659//db//plugins/mcufinder/images/
2026-03-10 11:51:16,802 [INFO] ApiDb:250 - Set database path to: /home/mat-ros/.stmcufinder/plugins/mcufinder//mcu/
2026-03-10 11:51:16,803 [INFO] DbMcusAds:125 - Set database path to: /home/mat-ros/.stmcufinder/plugins/mcufinder//mcu/
2026-03-10 11:51:16,805 [INFO] CrossReferenceDbSqlite:203 - Set database path to: /home/mat-ros/.stmcufinder/plugins/mcufinder//mcu/cs/
2026-03-10 11:51:16,901 [INFO] RulesReader:64 - Compatibility file has been processed (317 Rules)
2026-03-10 11:51:16,947 [INFO] DbMcusXml:78 - Set database path to: /opt/st/stm32cubeide_1.19.0/plugins/com.st.stm32cube.common.mx_6.15.0.202507011659//db//mcu/
2026-03-10 11:51:16,947 [INFO] ApiDb:274 - Set plugin database path to: /opt/st/stm32cubeide_1.19.0/plugins/com.st.stm32cube.common.mx_6.15.0.202507011659//db//plugins/boardmanager/
2026-03-10 11:51:16,947 [INFO] ApiDb:261 - Set plugin images path to: /opt/st/stm32cubeide_1.19.0/plugins/com.st.stm32cube.common.mx_6.15.0.202507011659//db//plugins/mcufinder/images/
2026-03-10 11:51:16,948 [WARN] DbFile:41 - Overriding database path with different value: /home/mat-ros/.stmcufinder/plugins/mcufinder/ => /home/mat-ros/.stmcufinder/plugins/mcufinder
2026-03-10 11:51:16,948 [INFO] ApiDb:250 - Set database path to: /home/mat-ros/.stmcufinder/plugins/mcufinder//mcu/
2026-03-10 11:51:16,948 [WARN] DbFile:41 - Overriding database path with different value: /home/mat-ros/.stmcufinder/plugins/mcufinder/ => /home/mat-ros/.stmcufinder/plugins/mcufinder
2026-03-10 11:51:16,948 [INFO] DbMcusAds:125 - Set database path to: /home/mat-ros/.stmcufinder/plugins/mcufinder//mcu/
2026-03-10 11:51:16,948 [WARN] DbFile:41 - Overriding database path with different value: /home/mat-ros/.stmcufinder/plugins/mcufinder/ => /home/mat-ros/.stmcufinder/plugins/mcufinder
2026-03-10 11:51:16,948 [WARN] DbFile:41 - Overriding database path with different value: /home/mat-ros/.stmcufinder/plugins/mcufinder/ => /home/mat-ros/.stmcufinder/plugins/mcufinder
2026-03-10 11:51:16,948 [INFO] CrossReferenceDbSqlite:203 - Set database path to: /home/mat-ros/.stmcufinder/plugins/mcufinder//mcu/cs/
2026-03-10 11:51:17,002 [INFO] MainPanel:274 - HeapMemory: 268435456
2026-03-10 11:51:17,131 [INFO] DbMcusXml:78 - Set database path to: /opt/st/stm32cubeide_1.19.0/plugins/com.st.stm32cube.common.mx_6.15.0.202507011659//db//mcu/
2026-03-10 11:51:17,131 [INFO] ApiDb:274 - Set plugin database path to: /opt/st/stm32cubeide_1.19.0/plugins/com.st.stm32cube.common.mx_6.15.0.202507011659//db//plugins/boardmanager/
2026-03-10 11:51:17,131 [INFO] ApiDb:261 - Set plugin images path to: /opt/st/stm32cubeide_1.19.0/plugins/com.st.stm32cube.common.mx_6.15.0.202507011659//db//plugins/mcufinder/images/
2026-03-10 11:51:17,131 [WARN] DbFile:41 - Overriding database path with different value: /home/mat-ros/.stmcufinder/plugins/mcufinder/ => /home/mat-ros/.stmcufinder/plugins/mcufinder
2026-03-10 11:51:17,131 [INFO] ApiDb:250 - Set database path to: /home/mat-ros/.stmcufinder/plugins/mcufinder//mcu/
2026-03-10 11:51:17,131 [WARN] DbFile:41 - Overriding database path with different value: /home/mat-ros/.stmcufinder/plugins/mcufinder/ => /home/mat-ros/.stmcufinder/plugins/mcufinder
2026-03-10 11:51:17,132 [INFO] DbMcusAds:125 - Set database path to: /home/mat-ros/.stmcufinder/plugins/mcufinder//mcu/
2026-03-10 11:51:17,132 [WARN] DbFile:41 - Overriding database path with different value: /home/mat-ros/.stmcufinder/plugins/mcufinder/ => /home/mat-ros/.stmcufinder/plugins/mcufinder
2026-03-10 11:51:17,132 [WARN] DbFile:41 - Overriding database path with different value: /home/mat-ros/.stmcufinder/plugins/mcufinder/ => /home/mat-ros/.stmcufinder/plugins/mcufinder
2026-03-10 11:51:17,132 [INFO] CrossReferenceDbSqlite:203 - Set database path to: /home/mat-ros/.stmcufinder/plugins/mcufinder//mcu/cs/
2026-03-10 11:51:17,144 [INFO] ApplicationProperties:184 - Using Application install path: /opt/st/stm32cubeide_1.19.0/plugins/com.st.stm32cube.common.mx_6.15.0.202507011659
2026-03-10 11:51:17,145 [INFO] PluginManage:196 - Search for loadable plugins [exclusion list=, ]
2026-03-10 11:51:17,146 [INFO] PluginManage:310 - Check plugin analytics
2026-03-10 11:51:17,276 [INFO] AnalyticsPlugin:253 - Accepted Software Licenses: STM32CubeMX.6.16.1
2026-03-10 11:51:17,276 [INFO] AnalyticsPlugin:255 - Accepted CMSIS Pack Licenses: 
2026-03-10 11:51:17,276 [INFO] AnalyticsPlugin:257 - Accepted Firmware Licenses: FW.L4.1.18.0
2026-03-10 11:51:17,277 [INFO] PluginManage:359 - Loaded plugin analytics (category:tool,tabindex:-1)
2026-03-10 11:51:17,278 [INFO] PluginManage:310 - Check plugin cadmodel
2026-03-10 11:51:17,282 [INFO] CADModel:105 - Init CAD model plugin
2026-03-10 11:51:17,283 [INFO] PluginManage:359 - Loaded plugin cadmodel (category:power,tabindex:5)
2026-03-10 11:51:17,283 [INFO] PluginManage:310 - Check plugin clock
2026-03-10 11:51:17,291 [INFO] PluginManage:359 - Loaded plugin clock (category:base,tabindex:2)
2026-03-10 11:51:17,291 [INFO] PluginManage:310 - Check plugin ddr
2026-03-10 11:51:17,293 [INFO] PluginManage:359 - Loaded plugin ddr (category:tool,tabindex:6)
2026-03-10 11:51:17,293 [INFO] PluginManage:310 - Check plugin filemanager
2026-03-10 11:51:17,430 [INFO] PluginManage:359 - Loaded plugin filemanager (category:base,tabindex:10)
2026-03-10 11:51:17,430 [INFO] PluginManage:310 - Check plugin ipmanager
2026-03-10 11:51:17,434 [INFO] PluginManage:359 - Loaded plugin ipmanager (category:base,tabindex:5)
2026-03-10 11:51:17,435 [INFO] PluginManage:310 - Check plugin lpbam
2026-03-10 11:51:17,442 [INFO] PluginManage:359 - Loaded plugin lpbam (category:base,tabindex:0)
2026-03-10 11:51:17,442 [INFO] PluginManage:310 - Check plugin memorymap
2026-03-10 11:51:17,457 [INFO] PluginManage:359 - Loaded plugin memorymap (category:base,tabindex:4)
2026-03-10 11:51:17,458 [INFO] PluginManage:310 - Check plugin pinoutandconfiguration
2026-03-10 11:51:17,465 [INFO] PluginManage:359 - Loaded plugin pinoutandconfiguration (category:base,tabindex:1)
2026-03-10 11:51:17,465 [INFO] PluginManage:310 - Check plugin pinoutconfig
2026-03-10 11:51:17,555 [WARN] SupportedApi:132 - Cannot load RTOS API schema: s4s-elt-must-match.1: The content of 'definitions' must match (annotation?, (simpleType | complexType)?, (unique | key | keyref)*)). A problem was found starting at: attribute.
2026-03-10 11:51:17,691 [INFO] PluginManage:359 - Loaded plugin pinoutconfig (category:base,tabindex:0)
2026-03-10 11:51:17,691 [INFO] PluginManage:310 - Check plugin power
2026-03-10 11:51:17,699 [INFO] PluginManage:359 - Loaded plugin power (category:power,tabindex:4)
2026-03-10 11:51:17,699 [INFO] PluginManage:310 - Check plugin projectmanager
2026-03-10 11:51:17,711 [INFO] PluginManage:359 - Loaded plugin projectmanager (category:projectmanager,tabindex:4)
2026-03-10 11:51:17,711 [INFO] PluginManage:310 - Check plugin rif
2026-03-10 11:51:17,720 [INFO] PluginManage:359 - Loaded plugin rif (category:base,tabindex:3)
2026-03-10 11:51:17,720 [INFO] PluginManage:310 - Check plugin thirdparty
2026-03-10 11:51:17,833 [INFO] PluginManage:359 - Loaded plugin thirdparty (category:base,tabindex:-1)
2026-03-10 11:51:17,833 [WARN] IntegrityCheckThread:84 - waiting for thirdparty lock release [integrity check]
2026-03-10 11:51:17,833 [INFO] PluginManage:310 - Check plugin tools
2026-03-10 11:51:17,833 [INFO] IntegrityCheckThread:86 - entering critical section [integrity check]
2026-03-10 11:51:17,834 [INFO] ThirdPartyUpdaterWithRetryManager:70 - Updater plugin not ready yet. [1/15]
2026-03-10 11:51:17,835 [INFO] PluginManage:359 - Loaded plugin tools (category:base,tabindex:7)
2026-03-10 11:51:17,835 [INFO] PluginManage:310 - Check plugin tutovideos
2026-03-10 11:51:17,978 [INFO] PluginManage:359 - Loaded plugin tutovideos (category:base,tabindex:-1)
2026-03-10 11:51:17,979 [INFO] PluginManage:310 - Check plugin updater
2026-03-10 11:51:17,998 [INFO] PluginManage:359 - Loaded plugin updater (category:base,tabindex:12)
2026-03-10 11:51:17,999 [INFO] PluginManage:310 - Check plugin userauth
2026-03-10 11:51:18,003 [INFO] UserAuth:118 - Init User Auth plugin
2026-03-10 11:51:18,004 [INFO] PluginManage:359 - Loaded plugin userauth (category:base,tabindex:14)
2026-03-10 11:51:18,004 [INFO] PluginManage:283 - PluginManage : Loaded plugins [18]
2026-03-10 11:51:18,166 [INFO] PinOutPanel:1589 - setPackage(No Configuration,No Configuration)
2026-03-10 11:51:18,232 [INFO] CADModel:165 - CPN selected for project level
2026-03-10 11:51:18,232 [INFO] CADModel:114 - Register for checkConnection events
2026-03-10 11:51:18,242 [INFO] IPUIPlugin:80 - create IPUIPlugin
2026-03-10 11:51:18,243 [INFO] PluginManager:220 - loadIPPluginJar : add i2c
2026-03-10 11:51:18,245 [INFO] IPUIPlugin:80 - create IPUIPlugin
2026-03-10 11:51:18,245 [INFO] PluginManager:220 - loadIPPluginJar : add can
2026-03-10 11:51:18,250 [INFO] IPUIPlugin:80 - create IPUIPlugin
2026-03-10 11:51:18,250 [INFO] PluginManager:220 - loadIPPluginJar : add gpio
2026-03-10 11:51:18,251 [INFO] IPUIPlugin:80 - create IPUIPlugin
2026-03-10 11:51:18,251 [INFO] PluginManager:220 - loadIPPluginJar : add fatfs
2026-03-10 11:51:18,253 [INFO] IPUIPlugin:80 - create IPUIPlugin
2026-03-10 11:51:18,253 [INFO] PluginManager:220 - loadIPPluginJar : add openamp
2026-03-10 11:51:18,254 [INFO] IPUIPlugin:80 - create IPUIPlugin
2026-03-10 11:51:18,254 [INFO] PluginManager:220 - loadIPPluginJar : add genericplugin
2026-03-10 11:51:18,259 [INFO] IPUIPlugin:80 - create IPUIPlugin
2026-03-10 11:51:18,262 [INFO] PluginManager:220 - loadIPPluginJar : add plateformsettings
2026-03-10 11:51:18,264 [INFO] IPUIPlugin:80 - create IPUIPlugin
2026-03-10 11:51:18,264 [INFO] PluginManager:220 - loadIPPluginJar : add sai
2026-03-10 11:51:18,267 [INFO] IPUIPlugin:80 - create IPUIPlugin
2026-03-10 11:51:18,267 [INFO] PluginManager:220 - loadIPPluginJar : add ddr_ctrl_phy
2026-03-10 11:51:18,272 [INFO] IPUIPlugin:80 - create IPUIPlugin
2026-03-10 11:51:18,272 [INFO] PluginManager:220 - loadIPPluginJar : add adc
2026-03-10 11:51:18,274 [INFO] IPUIPlugin:80 - create IPUIPlugin
2026-03-10 11:51:18,275 [INFO] PluginManager:220 - loadIPPluginJar : add touchsensing
2026-03-10 11:51:18,277 [INFO] IPUIPlugin:80 - create IPUIPlugin
2026-03-10 11:51:18,277 [INFO] PluginManager:220 - loadIPPluginJar : add ucpd
2026-03-10 11:51:18,279 [INFO] IPUIPlugin:80 - create IPUIPlugin
2026-03-10 11:51:18,279 [INFO] PluginManager:220 - loadIPPluginJar : add dma3
2026-03-10 11:51:18,283 [INFO] IPUIPlugin:80 - create IPUIPlugin
2026-03-10 11:51:18,283 [INFO] PluginManager:220 - loadIPPluginJar : add freertos
2026-03-10 11:51:18,284 [INFO] IPUIPlugin:80 - create IPUIPlugin
2026-03-10 11:51:18,284 [INFO] PluginManager:220 - loadIPPluginJar : add tracer_emb
2026-03-10 11:51:18,285 [INFO] IPUIPlugin:80 - create IPUIPlugin
2026-03-10 11:51:18,286 [INFO] PluginManager:220 - loadIPPluginJar : add radio
2026-03-10 11:51:18,290 [INFO] IPUIPlugin:80 - create IPUIPlugin
2026-03-10 11:51:18,290 [INFO] PluginManager:220 - loadIPPluginJar : add linkedlist
2026-03-10 11:51:18,292 [INFO] IPUIPlugin:80 - create IPUIPlugin
2026-03-10 11:51:18,292 [INFO] PluginManager:220 - loadIPPluginJar : add usart
2026-03-10 11:51:18,296 [INFO] IPUIPlugin:80 - create IPUIPlugin
2026-03-10 11:51:18,296 [INFO] PluginManager:220 - loadIPPluginJar : add gic
2026-03-10 11:51:18,298 [INFO] IPUIPlugin:80 - create IPUIPlugin
2026-03-10 11:51:18,299 [INFO] PluginManager:220 - loadIPPluginJar : add opamp
2026-03-10 11:51:18,300 [INFO] IPUIPlugin:80 - create IPUIPlugin
2026-03-10 11:51:18,300 [INFO] PluginManager:220 - loadIPPluginJar : add cryp
2026-03-10 11:51:18,301 [INFO] IPUIPlugin:80 - create IPUIPlugin
2026-03-10 11:51:18,301 [INFO] PluginManager:220 - loadIPPluginJar : add quadspi
2026-03-10 11:51:18,302 [INFO] IPUIPlugin:80 - create IPUIPlugin
2026-03-10 11:51:18,302 [INFO] PluginManager:220 - loadIPPluginJar : add tsc
2026-03-10 11:51:18,307 [INFO] IPUIPlugin:80 - create IPUIPlugin
2026-03-10 11:51:18,307 [INFO] PluginManager:220 - loadIPPluginJar : add mdma
2026-03-10 11:51:18,309 [INFO] IPUIPlugin:80 - create IPUIPlugin
2026-03-10 11:51:18,310 [INFO] PluginManager:220 - loadIPPluginJar : add extmemmanager
2026-03-10 11:51:18,312 [INFO] IPUIPlugin:80 - create IPUIPlugin
2026-03-10 11:51:18,312 [INFO] PluginManager:220 - loadIPPluginJar : add i2s
2026-03-10 11:51:18,315 [INFO] IPUIPlugin:80 - create IPUIPlugin
2026-03-10 11:51:18,315 [INFO] PluginManager:220 - loadIPPluginJar : add fmc
2026-03-10 11:51:18,316 [INFO] IPUIPlugin:80 - create IPUIPlugin
2026-03-10 11:51:18,317 [INFO] PluginManager:220 - loadIPPluginJar : add ltdc
2026-03-10 11:51:18,319 [INFO] IPUIPlugin:80 - create IPUIPlugin
2026-03-10 11:51:18,319 [INFO] PluginManager:220 - loadIPPluginJar : add usbx
2026-03-10 11:51:18,320 [INFO] IPUIPlugin:80 - create IPUIPlugin
2026-03-10 11:51:18,320 [INFO] PluginManager:220 - loadIPPluginJar : add tim
2026-03-10 11:51:18,321 [INFO] IPUIPlugin:80 - create IPUIPlugin
2026-03-10 11:51:18,321 [INFO] PluginManager:220 - loadIPPluginJar : add ts
2026-03-10 11:51:18,323 [INFO] IPUIPlugin:80 - create IPUIPlugin
2026-03-10 11:51:18,323 [INFO] PluginManager:220 - loadIPPluginJar : add gfxmmu
2026-03-10 11:51:18,328 [INFO] IPUIPlugin:80 - create IPUIPlugin
2026-03-10 11:51:18,329 [INFO] PluginManager:220 - loadIPPluginJar : add stm32_wpan
2026-03-10 11:51:18,330 [INFO] IPUIPlugin:80 - create IPUIPlugin
2026-03-10 11:51:18,330 [INFO] PluginManager:220 - loadIPPluginJar : add comp
2026-03-10 11:51:18,332 [INFO] IPUIPlugin:80 - create IPUIPlugin
2026-03-10 11:51:18,332 [INFO] PluginManager:220 - loadIPPluginJar : add dfsdm
2026-03-10 11:51:18,335 [INFO] IPUIPlugin:80 - create IPUIPlugin
2026-03-10 11:51:18,336 [INFO] PluginManager:220 - loadIPPluginJar : add dma
2026-03-10 11:51:18,337 [INFO] IPUIPlugin:80 - create IPUIPlugin
2026-03-10 11:51:18,337 [INFO] PluginManager:220 - loadIPPluginJar : add nvic
2026-03-10 11:51:18,340 [INFO] IPUIPlugin:80 - create IPUIPlugin
2026-03-10 11:51:18,340 [INFO] PluginManager:220 - loadIPPluginJar : add resmgrutility
2026-03-10 11:51:18,342 [INFO] IPUIPlugin:80 - create IPUIPlugin
2026-03-10 11:51:18,342 [INFO] PluginManager:220 - loadIPPluginJar : add spi
2026-03-10 11:51:18,345 [INFO] IPUIPlugin:80 - create IPUIPlugin
2026-03-10 11:51:18,345 [INFO] PluginManager:220 - loadIPPluginJar : add aes
2026-03-10 11:51:18,346 [INFO] IPUIPlugin:80 - create IPUIPlugin
2026-03-10 11:51:18,347 [INFO] PluginManager:220 - loadIPPluginJar : add pdm2pcm
2026-03-10 11:51:18,349 [INFO] IPUIPlugin:80 - create IPUIPlugin
2026-03-10 11:51:18,349 [INFO] PluginManager:220 - loadIPPluginJar : add gtzc
2026-03-10 11:51:18,351 [INFO] IPUIPlugin:80 - create IPUIPlugin
2026-03-10 11:51:18,351 [INFO] PluginManager:220 - loadIPPluginJar : add ipddr
2026-03-10 11:51:18,353 [INFO] IPUIPlugin:80 - create IPUIPlugin
2026-03-10 11:51:18,353 [INFO] PluginManager:220 - loadIPPluginJar : add hash
2026-03-10 11:51:18,354 [INFO] IPUIPlugin:80 - create IPUIPlugin
2026-03-10 11:51:18,354 [INFO] PluginManager:220 - loadIPPluginJar : add lorawan
2026-03-10 11:51:18,356 [INFO] IPUIPlugin:80 - create IPUIPlugin
2026-03-10 11:51:18,356 [INFO] PluginManager:220 - loadIPPluginJar : add i3c
2026-03-10 11:51:18,453 [FATAL] Updater:351 - Updater called before beeing initialized
2026-03-10 11:51:18,479 [INFO] RulesReader:64 - Compatibility file has been processed (317 Rules)
2026-03-10 11:51:18,492 [INFO] RulesReader:64 - Compatibility file has been processed (317 Rules)
2026-03-10 11:51:18,498 [INFO] CADModel:165 - CPN selected for project level
2026-03-10 11:51:18,498 [INFO] CADModel:114 - Register for checkConnection events
2026-03-10 11:51:18,498 [FATAL] Updater:351 - Updater called before beeing initialized
2026-03-10 11:51:18,498 [ERROR] CADModel:125 - Updater not yet initialized, retry later 
2026-03-10 11:51:18,589 [FATAL] Updater:351 - Updater called before beeing initialized
2026-03-10 11:51:18,590 [INFO] CADModel:165 - CPN selected for project level
2026-03-10 11:51:18,590 [INFO] CADModel:114 - Register for checkConnection events
2026-03-10 11:51:18,590 [FATAL] Updater:351 - Updater called before beeing initialized
2026-03-10 11:51:18,590 [ERROR] CADModel:125 - Updater not yet initialized, retry later 
2026-03-10 11:51:18,592 [FATAL] Updater:351 - Updater called before beeing initialized
2026-03-10 11:51:18,647 [FATAL] Updater:351 - Updater called before beeing initialized
2026-03-10 11:51:18,650 [INFO] DbMcusAds:53 - JSON generation date=Thu Mar 05 18:32:52 GST 2026 (1772721172610)
2026-03-10 11:51:18,650 [FATAL] Updater:351 - Updater called before beeing initialized
2026-03-10 11:51:18,673 [WARN] DetailPanel:346 - Failed to get advertising image, set to default
2026-03-10 11:51:18,730 [FATAL] Updater:351 - Updater called before beeing initialized
2026-03-10 11:51:18,731 [FATAL] Updater:351 - Updater called before beeing initialized
2026-03-10 11:51:18,731 [FATAL] Updater:351 - Updater called before beeing initialized
2026-03-10 11:51:18,731 [WARN] DetailPanel:346 - Failed to get advertising image, set to default
2026-03-10 11:51:18,732 [FATAL] Updater:351 - Updater called before beeing initialized
2026-03-10 11:51:18,755 [ERROR] Updater:1198 - MainUpdater not yet initialized. External WinMGr cannot be set.
2026-03-10 11:51:18,756 [INFO] Updater:1134 - Updater Version found : 6.15.0
2026-03-10 11:51:18,770 [INFO] ApplicationProperties:184 - Using Application install path: /opt/st/stm32cubeide_1.19.0/plugins/com.st.stm32cube.common.mx_6.15.0.202507011659
2026-03-10 11:51:19,014 [INFO] MainUpdater:2872 - connection check result : 10
2026-03-10 11:51:19,014 [INFO] MainUpdater:289 - Updater Check For Update Now.
2026-03-10 11:51:19,014 [INFO] MicroXplorer:498 - Change Database Version : DB.6.0.150
2026-03-10 11:51:19,018 [INFO] McuFinderGlobals:63 - Set McuFinder mode to 2 (CubeIDE integrated)
2026-03-10 11:51:19,018 [INFO] UserAuth:171 - activating auth plugin
2026-03-10 11:51:19,021 [INFO] UserAuth:487 - Internet connection configuration mode: 1
2026-03-10 11:51:19,039 [INFO] JxBrowserEngine:152 - Initiate JxBrowser Engine with user profile folder
2026-03-10 11:51:19,205 [INFO] CheckServerUpdateThread:120 - End of CheckServer Thread
2026-03-10 11:51:19,602 [INFO] WebApp:169 - Instantiating new browser for Auth
2026-03-10 11:51:20,239 [INFO] WebApp:463 - Apply proxy settings
2026-03-10 11:51:20,240 [INFO] WebApp:548 - Chromium requires no authentication
2026-03-10 11:51:20,246 [INFO] WebApp:491 - Direct internet connection detected
2026-03-10 11:51:20,261 [INFO] WebApp:900 - Register for checkConnection events
2026-03-10 11:51:20,261 [INFO] WebApp:463 - Apply proxy settings
2026-03-10 11:51:20,261 [INFO] WebApp:548 - Chromium requires no authentication
2026-03-10 11:51:20,261 [INFO] WebApp:491 - Direct internet connection detected
2026-03-10 11:51:20,352 [INFO] WebApp:225 - Starting web application
2026-03-10 11:51:20,352 [INFO] WebApp:593 - Web application path used /opt/st/stm32cubeide_1.19.0/plugins/com.st.stm32cube.common.mx_6.15.0.202507011659/db/plugins/mcufinder/reactClient1/index.html
2026-03-10 11:51:20,961 [WARN] PackLoader:240 - Cannot read IP mode file for STMicroelectronics.X-CUBE-AZRTOS-H7.3.5.0
2026-03-10 11:51:20,970 [WARN] PackLoader:240 - Cannot read IP mode file for STMicroelectronics.FP-ATR-ASTRA1.2.0.2
2026-03-10 11:51:20,992 [WARN] PackLoader:240 - Cannot read IP mode file for STMicroelectronics.X-CUBE-SMBUS.2.1.0
2026-03-10 11:51:21,010 [WARN] PackLoader:240 - Cannot read IP mode file for STMicroelectronics.X-CUBE-AZRTOS-F7.1.1.0
2026-03-10 11:51:21,017 [WARN] PackLoader:240 - Cannot read IP mode file for STMicroelectronics.FP-SNS-MOTENV1.5.1.0
2026-03-10 11:51:21,026 [WARN] PackLoader:240 - Cannot read IP mode file for WES.I-CUBE-Cesium.1.4.0
2026-03-10 11:51:21,052 [WARN] PackLoader:240 - Cannot read IP mode file for STMicroelectronics.X-CUBE-AZRTOS-H7.3.4.0
2026-03-10 11:51:21,056 [INFO] WebApp:191 - Connection restablished
2026-03-10 11:51:21,064 [WARN] PackLoader:240 - Cannot read IP mode file for STMicroelectronics.X-CUBE-DISPLAY.3.0.0
2026-03-10 11:51:21,072 [WARN] PackLoader:240 - Cannot read IP mode file for STMicroelectronics.FP-SNS-MOTENVWB1.1.5.0
2026-03-10 11:51:21,079 [WARN] PackLoader:240 - Cannot read IP mode file for STMicroelectronics.X-CUBE-NFC10.1.0.0
2026-03-10 11:51:21,085 [WARN] PackLoader:240 - Cannot read IP mode file for STMicroelectronics.X-CUBE-ST60.1.1.0
2026-03-10 11:51:21,089 [WARN] PackLoader:240 - Cannot read IP mode file for emotas.I-CUBE-CANOPEN.1.3.0
2026-03-10 11:51:21,095 [WARN] PackLoader:240 - Cannot read IP mode file for STMicroelectronics.X-CUBE-GNSS1.7.1.0
2026-03-10 11:51:21,106 [WARN] PackLoader:240 - Cannot read IP mode file for STMicroelectronics.FP-SNS-STBOX1.2.1.0
2026-03-10 11:51:21,112 [WARN] PackLoader:240 - Cannot read IP mode file for STMicroelectronics.FP-SNS-SMARTAG2.1.2.0
2026-03-10 11:51:21,116 [WARN] PackLoader:240 - Cannot read IP mode file for STMicroelectronics.FP-SNS-FLIGHT1.5.1.0
2026-03-10 11:51:21,124 [INFO] LogOutputStream:77 - [STDOUT_REDIRECT] 1 : Invalid condition id : UX_CORESTACK_Condition cause : null
2026-03-10 11:51:21,125 [INFO] LogOutputStream:77 - [STDOUT_REDIRECT] 1 : Invalid condition id : UX_CORESTACK_Condition cause : null
2026-03-10 11:51:21,125 [INFO] LogOutputStream:77 - [STDOUT_REDIRECT] 1 : Invalid condition id : UX_CORESTACK_Condition cause : null
2026-03-10 11:51:21,125 [INFO] LogOutputStream:77 - [STDOUT_REDIRECT] 1 : Invalid condition id : UX_CORESTACK_Condition cause : null
2026-03-10 11:51:21,125 [INFO] LogOutputStream:77 - [STDOUT_REDIRECT] 1 : Invalid condition id : UX_CORESTACK_Condition cause : null
2026-03-10 11:51:21,129 [WARN] PackLoader:240 - Cannot read IP mode file for STMicroelectronics.X-CUBE-AZRTOS-WL.2.0.0
2026-03-10 11:51:21,153 [WARN] PackLoader:240 - Cannot read IP mode file for STMicroelectronics.X-CUBE-AZRTOS-H7RS.1.2.0
2026-03-10 11:51:21,162 [WARN] PackLoader:240 - Cannot read IP mode file for STMicroelectronics.X-CUBE-BLE2.3.3.0
2026-03-10 11:51:21,196 [WARN] PackLoader:240 - Cannot read IP mode file for Infineon.AIROC-Wi-Fi-Bluetooth-STM32.1.8.0
2026-03-10 11:51:21,204 [WARN] PackLoader:240 - Cannot read IP mode file for STMicroelectronics.X-CUBE-NFC9.1.0.0
2026-03-10 11:51:21,208 [WARN] PackLoader:240 - Cannot read IP mode file for STMicroelectronics.X-CUBE-BLE1.7.1.0
2026-03-10 11:51:21,210 [WARN] PackLoader:240 - Cannot read IP mode file for wolfSSL.I-CUBE-wolfMQTT.1.19.2
2026-03-10 11:51:21,215 [WARN] PackLoader:240 - Cannot read IP mode file for STMicroelectronics.X-CUBE-FREERTOS.1.4.0
2026-03-10 11:51:21,220 [WARN] PackLoader:240 - Cannot read IP mode file for STMicroelectronics.X-CUBE-EEPRMA1.5.2.0
2026-03-10 11:51:21,223 [WARN] PackLoader:240 - Cannot read IP mode file for wolfSSL.I-CUBE-wolfSSL.5.8.4
2026-03-10 11:51:21,225 [WARN] PackLoader:240 - Cannot read IP mode file for Cesanta.I-CUBE-Mongoose.7.20.0
2026-03-10 11:51:21,278 [WARN] PackLoader:240 - Cannot read IP mode file for STMicroelectronics.X-CUBE-MEMS1.12.0.0
2026-03-10 11:51:21,420 [WARN] PackLoader:240 - Cannot read IP mode file for STMicroelectronics.X-CUBE-AZRTOS-G0.1.1.0
2026-03-10 11:51:21,427 [WARN] PackLoader:240 - Cannot read IP mode file for STMicroelectronics.X-CUBE-NFC4.3.0.0
2026-03-10 11:51:21,434 [WARN] PackLoader:240 - Cannot read IP mode file for EmbeddedOffice.I-CUBE-FS-RTOS.1.0.1
2026-03-10 11:51:21,438 [WARN] PackLoader:240 - Cannot read IP mode file for STMicroelectronics.X-CUBE-WB05N.2.0.0
2026-03-10 11:51:21,442 [WARN] PackLoader:240 - Cannot read IP mode file for wolfSSL.I-CUBE-wolfTPM.3.8.0
2026-03-10 11:51:21,447 [WARN] PackLoader:240 - Cannot read IP mode file for STMicroelectronics.X-CUBE-TCPP.4.2.0
2026-03-10 11:51:21,458 [WARN] PackLoader:240 - Cannot read IP mode file for RealThread.X-CUBE-RT-Thread_Nano.4.1.1
2026-03-10 11:51:21,465 [WARN] PackLoader:240 - Cannot read IP mode file for STMicroelectronics.FP-ATR-SIGFOX1.3.2.0
2026-03-10 11:51:21,469 [WARN] PackLoader:240 - Cannot read IP mode file for STMicroelectronics.X-CUBE-FREERTOS.1.5.0
2026-03-10 11:51:21,474 [WARN] PackLoader:240 - Cannot read IP mode file for ITTIA_DB.I-CUBE-ITTIADB.8.9.0
2026-03-10 11:51:21,487 [WARN] PackLoader:240 - Cannot read IP mode file for STMicroelectronics.X-CUBE-NFC6.3.2.0
2026-03-10 11:51:21,493 [WARN] PackLoader:240 - Cannot read IP mode file for STMicroelectronics.X-CUBE-AI.10.2.0
2026-03-10 11:51:21,515 [WARN] PackLoader:240 - Cannot read IP mode file for SEGGER.I-CUBE-embOS.1.3.1
2026-03-10 11:51:21,557 [WARN] PackLoader:240 - Cannot read IP mode file for STMicroelectronics.X-CUBE-ALGOBUILD.1.4.0
2026-03-10 11:51:21,561 [WARN] PackLoader:240 - Cannot read IP mode file for STMicroelectronics.X-CUBE-PM33A1.1.0.0
2026-03-10 11:51:21,576 [WARN] PackLoader:240 - Cannot read IP mode file for STMicroelectronics.X-CUBE-AZRTOS-F4.1.1.0
2026-03-10 11:51:21,583 [WARN] PackLoader:240 - Cannot read IP mode file for STMicroelectronics.X-CUBE-ISPU.2.1.0
2026-03-10 11:51:21,600 [WARN] PackLoader:240 - Cannot read IP mode file for STMicroelectronics.X-CUBE-IPS.3.2.0
2026-03-10 11:51:21,613 [WARN] PackLoader:240 - Cannot read IP mode file for STMicroelectronics.X-CUBE-NFC12.1.0.0
2026-03-10 11:51:21,627 [WARN] PackLoader:240 - Cannot read IP mode file for STMicroelectronics.X-CUBE-AZRTOS-L5.2.0.0
2026-03-10 11:51:21,633 [WARN] PackLoader:240 - Cannot read IP mode file for STMicroelectronics.X-CUBE-TOUCHGFX.4.26.0
2026-03-10 11:51:21,634 [WARN] PackLoader:240 - Cannot read IP mode file for STMicroelectronics.X-CUBE-TOUCHGFX.4.26.1
2026-03-10 11:51:21,637 [WARN] PackLoader:240 - Cannot read IP mode file for STMicroelectronics.FP-SNS-STAIOTCFT.1.0.0
2026-03-10 11:51:21,642 [WARN] PackLoader:240 - Cannot read IP mode file for STMicroelectronics.X-CUBE-DPower.1.3.0
2026-03-10 11:51:21,654 [WARN] ConditionMgr:438 - getConditionDescription Invalid condition id : LAN8742 Phy interface Condition cause : null
2026-03-10 11:51:21,655 [WARN] PackLoader:240 - Cannot read IP mode file for STMicroelectronics.X-CUBE-AZRTOS-L4.2.0.0
2026-03-10 11:51:21,655 [WARN] ConditionMgr:1044 - genDependencies : Invalid condition id : LAN8742 Phy interface Condition cause : null
2026-03-10 11:51:21,655 [WARN] ConditionMgr:1044 - genDependencies : Invalid condition id : LAN8742 Phy interface Condition cause : null
2026-03-10 11:51:21,656 [WARN] ConditionMgr:1044 - genDependencies : Invalid condition id : LAN8742 Phy interface Condition cause : null
2026-03-10 11:51:21,660 [WARN] PackLoader:240 - Cannot read IP mode file for STMicroelectronics.X-CUBE-SFXS2LP1.4.0.0
2026-03-10 11:51:21,663 [WARN] PackLoader:240 - Cannot read IP mode file for STMicroelectronics.X-CUBE-ST67W61.1.2.0
2026-03-10 11:51:21,671 [WARN] PackLoader:240 - Cannot read IP mode file for STMicroelectronics.X-CUBE-BLEMGR.4.1.0
2026-03-10 11:51:21,680 [WARN] ConditionMgr:438 - getConditionDescription Invalid condition id : UX DEVICE CLASS RTOS Condition cause : null
2026-03-10 11:51:21,680 [WARN] ConditionMgr:438 - getConditionDescription Invalid condition id : UX DEVICE CLASS RTOS Condition cause : null
2026-03-10 11:51:21,688 [WARN] PackLoader:240 - Cannot read IP mode file for STMicroelectronics.X-CUBE-AZRTOS-WB.2.0.0
2026-03-10 11:51:21,688 [WARN] ConditionMgr:1044 - genDependencies : Invalid condition id : UX DEVICE CLASS RTOS Condition cause : null
2026-03-10 11:51:21,688 [WARN] ConditionMgr:1044 - genDependencies : Invalid condition id : UX DEVICE CLASS RTOS Condition cause : null
2026-03-10 11:51:21,689 [WARN] ConditionMgr:1044 - genDependencies : Invalid condition id : UX DEVICE CLASS RTOS Condition cause : null
2026-03-10 11:51:21,689 [WARN] ConditionMgr:1044 - genDependencies : Invalid condition id : UX DEVICE CLASS RTOS Condition cause : null
2026-03-10 11:51:21,689 [WARN] ConditionMgr:1044 - genDependencies : Invalid condition id : UX DEVICE CLASS RTOS Condition cause : null
2026-03-10 11:51:21,692 [WARN] ConditionMgr:438 - getConditionDescription Invalid condition id : Cortex-A Device cause : null
2026-03-10 11:51:21,698 [WARN] ConditionMgr:1044 - genDependencies : Invalid condition id : Cortex-A Device cause : null
2026-03-10 11:51:21,698 [WARN] ConditionMgr:1044 - genDependencies : Invalid condition id : Cortex-A Device cause : null
2026-03-10 11:51:21,699 [WARN] ConditionMgr:1044 - genDependencies : Invalid condition id : Cortex-A Device cause : null
2026-03-10 11:51:21,704 [WARN] PackLoader:240 - Cannot read IP mode file for STMicroelectronics.X-CUBE-STSE01.2.0.0
2026-03-10 11:51:21,711 [WARN] PackLoader:240 - Cannot read IP mode file for STMicroelectronics.X-CUBE-SUBG2.5.0.0
2026-03-10 11:51:21,724 [WARN] PackLoader:240 - Cannot read IP mode file for STMicroelectronics.X-CUBE-AZRTOS-G4.2.0.0
2026-03-10 11:51:21,728 [WARN] PackLoader:240 - Cannot read IP mode file for wolfSSL.I-CUBE-wolfSSH.1.4.20
2026-03-10 11:51:21,730 [WARN] PackLoader:240 - Cannot read IP mode file for STMicroelectronics.X-CUBE-NFC7.2.0.0
2026-03-10 11:51:21,732 [WARN] PackLoader:240 - Cannot read IP mode file for STMicroelectronics.X-CUBE-ALS.1.0.2
2026-03-10 11:51:21,741 [WARN] PackLoader:240 - Cannot read IP mode file for STMicroelectronics.X-CUBE-TOF1.3.4.3
2026-03-10 11:51:21,751 [INFO] ThirdParty:978 - Integrity check success = true
2026-03-10 11:51:21,751 [INFO] IntegrityCheckThread:100 - exiting critical section [integrity check]
2026-03-10 11:51:21,751 [INFO] IntegrityCheckThread:103 - End integrity checks thread
2026-03-10 11:55:11,168 [ERROR] LogOutputStream:75 - [STDERR_REDIRECT] 
2026-03-10 11:55:15,513 [INFO] Activator:176 - 


2026-03-10 11:55:15,514 [INFO] Activator:177 - !SESSION log4j initialized
2026-03-10 11:55:17,069 [INFO] LogOutputStream:77 - [STDOUT_REDIRECT] 
2026-03-10 11:55:18,828 [INFO] ApplicationProperties:184 - Using Application install path: /opt/st/stm32cubeide_1.19.0/plugins/com.st.stm32cube.common.mx_6.15.0.202507011659
2026-03-10 11:55:18,840 [INFO] DbMcusXml:78 - Set database path to: /opt/st/stm32cubeide_1.19.0/plugins/com.st.stm32cube.common.mx_6.15.0.202507011659//db//mcu/
2026-03-10 11:55:18,840 [INFO] ApiDb:274 - Set plugin database path to: /opt/st/stm32cubeide_1.19.0/plugins/com.st.stm32cube.common.mx_6.15.0.202507011659//db//plugins/boardmanager/
2026-03-10 11:55:18,840 [WARN] ApiDb:259 - Overriding images path with different value:  => /opt/st/stm32cubeide_1.19.0/plugins/com.st.stm32cube.common.mx_6.15.0.202507011659//db//plugins/mcufinder/images/
2026-03-10 11:55:18,843 [INFO] ApiDb:250 - Set database path to: /home/mat-ros/.stmcufinder/plugins/mcufinder//mcu/
2026-03-10 11:55:18,844 [INFO] DbMcusAds:125 - Set database path to: /home/mat-ros/.stmcufinder/plugins/mcufinder//mcu/
2026-03-10 11:55:18,845 [INFO] CrossReferenceDbSqlite:203 - Set database path to: /home/mat-ros/.stmcufinder/plugins/mcufinder//mcu/cs/
2026-03-10 11:55:18,931 [INFO] RulesReader:64 - Compatibility file has been processed (317 Rules)
2026-03-10 11:55:18,970 [INFO] DbMcusXml:78 - Set database path to: /opt/st/stm32cubeide_1.19.0/plugins/com.st.stm32cube.common.mx_6.15.0.202507011659//db//mcu/
2026-03-10 11:55:18,970 [INFO] ApiDb:274 - Set plugin database path to: /opt/st/stm32cubeide_1.19.0/plugins/com.st.stm32cube.common.mx_6.15.0.202507011659//db//plugins/boardmanager/
2026-03-10 11:55:18,970 [INFO] ApiDb:261 - Set plugin images path to: /opt/st/stm32cubeide_1.19.0/plugins/com.st.stm32cube.common.mx_6.15.0.202507011659//db//plugins/mcufinder/images/
2026-03-10 11:55:18,971 [WARN] DbFile:41 - Overriding database path with different value: /home/mat-ros/.stmcufinder/plugins/mcufinder/ => /home/mat-ros/.stmcufinder/plugins/mcufinder
2026-03-10 11:55:18,971 [INFO] ApiDb:250 - Set database path to: /home/mat-ros/.stmcufinder/plugins/mcufinder//mcu/
2026-03-10 11:55:18,971 [WARN] DbFile:41 - Overriding database path with different value: /home/mat-ros/.stmcufinder/plugins/mcufinder/ => /home/mat-ros/.stmcufinder/plugins/mcufinder
2026-03-10 11:55:18,971 [INFO] DbMcusAds:125 - Set database path to: /home/mat-ros/.stmcufinder/plugins/mcufinder//mcu/
2026-03-10 11:55:18,971 [WARN] DbFile:41 - Overriding database path with different value: /home/mat-ros/.stmcufinder/plugins/mcufinder/ => /home/mat-ros/.stmcufinder/plugins/mcufinder
2026-03-10 11:55:18,971 [WARN] DbFile:41 - Overriding database path with different value: /home/mat-ros/.stmcufinder/plugins/mcufinder/ => /home/mat-ros/.stmcufinder/plugins/mcufinder
2026-03-10 11:55:18,971 [INFO] CrossReferenceDbSqlite:203 - Set database path to: /home/mat-ros/.stmcufinder/plugins/mcufinder//mcu/cs/
2026-03-10 11:55:19,025 [INFO] MainPanel:274 - HeapMemory: 268435456
2026-03-10 11:55:19,148 [INFO] DbMcusXml:78 - Set database path to: /opt/st/stm32cubeide_1.19.0/plugins/com.st.stm32cube.common.mx_6.15.0.202507011659//db//mcu/
2026-03-10 11:55:19,149 [INFO] ApiDb:274 - Set plugin database path to: /opt/st/stm32cubeide_1.19.0/plugins/com.st.stm32cube.common.mx_6.15.0.202507011659//db//plugins/boardmanager/
2026-03-10 11:55:19,149 [INFO] ApiDb:261 - Set plugin images path to: /opt/st/stm32cubeide_1.19.0/plugins/com.st.stm32cube.common.mx_6.15.0.202507011659//db//plugins/mcufinder/images/
2026-03-10 11:55:19,149 [WARN] DbFile:41 - Overriding database path with different value: /home/mat-ros/.stmcufinder/plugins/mcufinder/ => /home/mat-ros/.stmcufinder/plugins/mcufinder
2026-03-10 11:55:19,149 [INFO] ApiDb:250 - Set database path to: /home/mat-ros/.stmcufinder/plugins/mcufinder//mcu/
2026-03-10 11:55:19,149 [WARN] DbFile:41 - Overriding database path with different value: /home/mat-ros/.stmcufinder/plugins/mcufinder/ => /home/mat-ros/.stmcufinder/plugins/mcufinder
2026-03-10 11:55:19,149 [INFO] DbMcusAds:125 - Set database path to: /home/mat-ros/.stmcufinder/plugins/mcufinder//mcu/
2026-03-10 11:55:19,149 [WARN] DbFile:41 - Overriding database path with different value: /home/mat-ros/.stmcufinder/plugins/mcufinder/ => /home/mat-ros/.stmcufinder/plugins/mcufinder
2026-03-10 11:55:19,149 [WARN] DbFile:41 - Overriding database path with different value: /home/mat-ros/.stmcufinder/plugins/mcufinder/ => /home/mat-ros/.stmcufinder/plugins/mcufinder
2026-03-10 11:55:19,149 [INFO] CrossReferenceDbSqlite:203 - Set database path to: /home/mat-ros/.stmcufinder/plugins/mcufinder//mcu/cs/
2026-03-10 11:55:19,161 [INFO] ApplicationProperties:184 - Using Application install path: /opt/st/stm32cubeide_1.19.0/plugins/com.st.stm32cube.common.mx_6.15.0.202507011659
2026-03-10 11:55:19,162 [INFO] PluginManage:196 - Search for loadable plugins [exclusion list=, ]
2026-03-10 11:55:19,163 [INFO] PluginManage:310 - Check plugin analytics
2026-03-10 11:55:19,278 [INFO] AnalyticsPlugin:253 - Accepted Software Licenses: STM32CubeMX.6.16.1
2026-03-10 11:55:19,279 [INFO] AnalyticsPlugin:255 - Accepted CMSIS Pack Licenses: 
2026-03-10 11:55:19,279 [INFO] AnalyticsPlugin:257 - Accepted Firmware Licenses: FW.L4.1.18.0
2026-03-10 11:55:19,281 [INFO] PluginManage:359 - Loaded plugin analytics (category:tool,tabindex:-1)
2026-03-10 11:55:19,282 [INFO] PluginManage:310 - Check plugin cadmodel
2026-03-10 11:55:19,284 [INFO] CADModel:105 - Init CAD model plugin
2026-03-10 11:55:19,285 [INFO] PluginManage:359 - Loaded plugin cadmodel (category:power,tabindex:5)
2026-03-10 11:55:19,285 [INFO] PluginManage:310 - Check plugin clock
2026-03-10 11:55:19,291 [INFO] PluginManage:359 - Loaded plugin clock (category:base,tabindex:2)
2026-03-10 11:55:19,291 [INFO] PluginManage:310 - Check plugin ddr
2026-03-10 11:55:19,293 [INFO] PluginManage:359 - Loaded plugin ddr (category:tool,tabindex:6)
2026-03-10 11:55:19,293 [INFO] PluginManage:310 - Check plugin filemanager
2026-03-10 11:55:19,396 [INFO] PluginManage:359 - Loaded plugin filemanager (category:base,tabindex:10)
2026-03-10 11:55:19,396 [INFO] PluginManage:310 - Check plugin ipmanager
2026-03-10 11:55:19,400 [INFO] PluginManage:359 - Loaded plugin ipmanager (category:base,tabindex:5)
2026-03-10 11:55:19,400 [INFO] PluginManage:310 - Check plugin lpbam
2026-03-10 11:55:19,407 [INFO] PluginManage:359 - Loaded plugin lpbam (category:base,tabindex:0)
2026-03-10 11:55:19,407 [INFO] PluginManage:310 - Check plugin memorymap
2026-03-10 11:55:19,415 [INFO] PluginManage:359 - Loaded plugin memorymap (category:base,tabindex:4)
2026-03-10 11:55:19,415 [INFO] PluginManage:310 - Check plugin pinoutandconfiguration
2026-03-10 11:55:19,421 [INFO] PluginManage:359 - Loaded plugin pinoutandconfiguration (category:base,tabindex:1)
2026-03-10 11:55:19,421 [INFO] PluginManage:310 - Check plugin pinoutconfig
2026-03-10 11:55:19,474 [WARN] SupportedApi:132 - Cannot load RTOS API schema: s4s-elt-must-match.1: The content of 'definitions' must match (annotation?, (simpleType | complexType)?, (unique | key | keyref)*)). A problem was found starting at: attribute.
2026-03-10 11:55:19,565 [INFO] PluginManage:359 - Loaded plugin pinoutconfig (category:base,tabindex:0)
2026-03-10 11:55:19,565 [INFO] PluginManage:310 - Check plugin power
2026-03-10 11:55:19,571 [INFO] PluginManage:359 - Loaded plugin power (category:power,tabindex:4)
2026-03-10 11:55:19,571 [INFO] PluginManage:310 - Check plugin projectmanager
2026-03-10 11:55:19,585 [INFO] PluginManage:359 - Loaded plugin projectmanager (category:projectmanager,tabindex:4)
2026-03-10 11:55:19,585 [INFO] PluginManage:310 - Check plugin rif
2026-03-10 11:55:19,594 [INFO] PluginManage:359 - Loaded plugin rif (category:base,tabindex:3)
2026-03-10 11:55:19,594 [INFO] PluginManage:310 - Check plugin thirdparty
2026-03-10 11:55:19,730 [INFO] PluginManage:359 - Loaded plugin thirdparty (category:base,tabindex:-1)
2026-03-10 11:55:19,729 [WARN] IntegrityCheckThread:84 - waiting for thirdparty lock release [integrity check]
2026-03-10 11:55:19,730 [INFO] PluginManage:310 - Check plugin tools
2026-03-10 11:55:19,730 [INFO] IntegrityCheckThread:86 - entering critical section [integrity check]
2026-03-10 11:55:19,730 [INFO] ThirdPartyUpdaterWithRetryManager:70 - Updater plugin not ready yet. [1/15]
2026-03-10 11:55:19,732 [INFO] PluginManage:359 - Loaded plugin tools (category:base,tabindex:7)
2026-03-10 11:55:19,732 [INFO] PluginManage:310 - Check plugin tutovideos
2026-03-10 11:55:19,844 [INFO] PluginManage:359 - Loaded plugin tutovideos (category:base,tabindex:-1)
2026-03-10 11:55:19,844 [INFO] PluginManage:310 - Check plugin updater
2026-03-10 11:55:19,862 [INFO] PluginManage:359 - Loaded plugin updater (category:base,tabindex:12)
2026-03-10 11:55:19,863 [INFO] PluginManage:310 - Check plugin userauth
2026-03-10 11:55:19,866 [INFO] UserAuth:118 - Init User Auth plugin
2026-03-10 11:55:19,867 [INFO] PluginManage:359 - Loaded plugin userauth (category:base,tabindex:14)
2026-03-10 11:55:19,867 [INFO] PluginManage:283 - PluginManage : Loaded plugins [18]
2026-03-10 11:55:20,007 [INFO] PinOutPanel:1589 - setPackage(No Configuration,No Configuration)
2026-03-10 11:55:20,063 [INFO] CADModel:165 - CPN selected for project level
2026-03-10 11:55:20,063 [INFO] CADModel:114 - Register for checkConnection events
2026-03-10 11:55:20,072 [INFO] IPUIPlugin:80 - create IPUIPlugin
2026-03-10 11:55:20,072 [INFO] PluginManager:220 - loadIPPluginJar : add i2c
2026-03-10 11:55:20,074 [INFO] IPUIPlugin:80 - create IPUIPlugin
2026-03-10 11:55:20,074 [INFO] PluginManager:220 - loadIPPluginJar : add can
2026-03-10 11:55:20,077 [INFO] IPUIPlugin:80 - create IPUIPlugin
2026-03-10 11:55:20,078 [INFO] PluginManager:220 - loadIPPluginJar : add gpio
2026-03-10 11:55:20,079 [INFO] IPUIPlugin:80 - create IPUIPlugin
2026-03-10 11:55:20,079 [INFO] PluginManager:220 - loadIPPluginJar : add fatfs
2026-03-10 11:55:20,081 [INFO] IPUIPlugin:80 - create IPUIPlugin
2026-03-10 11:55:20,081 [INFO] PluginManager:220 - loadIPPluginJar : add openamp
2026-03-10 11:55:20,082 [INFO] IPUIPlugin:80 - create IPUIPlugin
2026-03-10 11:55:20,082 [INFO] PluginManager:220 - loadIPPluginJar : add genericplugin
2026-03-10 11:55:20,087 [INFO] IPUIPlugin:80 - create IPUIPlugin
2026-03-10 11:55:20,089 [INFO] PluginManager:220 - loadIPPluginJar : add plateformsettings
2026-03-10 11:55:20,091 [INFO] IPUIPlugin:80 - create IPUIPlugin
2026-03-10 11:55:20,091 [INFO] PluginManager:220 - loadIPPluginJar : add sai
2026-03-10 11:55:20,093 [INFO] IPUIPlugin:80 - create IPUIPlugin
2026-03-10 11:55:20,093 [INFO] PluginManager:220 - loadIPPluginJar : add ddr_ctrl_phy
2026-03-10 11:55:20,099 [INFO] IPUIPlugin:80 - create IPUIPlugin
2026-03-10 11:55:20,099 [INFO] PluginManager:220 - loadIPPluginJar : add adc
2026-03-10 11:55:20,101 [INFO] IPUIPlugin:80 - create IPUIPlugin
2026-03-10 11:55:20,101 [INFO] PluginManager:220 - loadIPPluginJar : add touchsensing
2026-03-10 11:55:20,103 [INFO] IPUIPlugin:80 - create IPUIPlugin
2026-03-10 11:55:20,103 [INFO] PluginManager:220 - loadIPPluginJar : add ucpd
2026-03-10 11:55:20,105 [INFO] IPUIPlugin:80 - create IPUIPlugin
2026-03-10 11:55:20,105 [INFO] PluginManager:220 - loadIPPluginJar : add dma3
2026-03-10 11:55:20,109 [INFO] IPUIPlugin:80 - create IPUIPlugin
2026-03-10 11:55:20,109 [INFO] PluginManager:220 - loadIPPluginJar : add freertos
2026-03-10 11:55:20,111 [INFO] IPUIPlugin:80 - create IPUIPlugin
2026-03-10 11:55:20,111 [INFO] PluginManager:220 - loadIPPluginJar : add tracer_emb
2026-03-10 11:55:20,112 [INFO] IPUIPlugin:80 - create IPUIPlugin
2026-03-10 11:55:20,112 [INFO] PluginManager:220 - loadIPPluginJar : add radio
2026-03-10 11:55:20,117 [INFO] IPUIPlugin:80 - create IPUIPlugin
2026-03-10 11:55:20,117 [INFO] PluginManager:220 - loadIPPluginJar : add linkedlist
2026-03-10 11:55:20,119 [INFO] IPUIPlugin:80 - create IPUIPlugin
2026-03-10 11:55:20,119 [INFO] PluginManager:220 - loadIPPluginJar : add usart
2026-03-10 11:55:20,123 [INFO] IPUIPlugin:80 - create IPUIPlugin
2026-03-10 11:55:20,123 [INFO] PluginManager:220 - loadIPPluginJar : add gic
2026-03-10 11:55:20,125 [INFO] IPUIPlugin:80 - create IPUIPlugin
2026-03-10 11:55:20,125 [INFO] PluginManager:220 - loadIPPluginJar : add opamp
2026-03-10 11:55:20,126 [INFO] IPUIPlugin:80 - create IPUIPlugin
2026-03-10 11:55:20,126 [INFO] PluginManager:220 - loadIPPluginJar : add cryp
2026-03-10 11:55:20,128 [INFO] IPUIPlugin:80 - create IPUIPlugin
2026-03-10 11:55:20,128 [INFO] PluginManager:220 - loadIPPluginJar : add quadspi
2026-03-10 11:55:20,129 [INFO] IPUIPlugin:80 - create IPUIPlugin
2026-03-10 11:55:20,129 [INFO] PluginManager:220 - loadIPPluginJar : add tsc
2026-03-10 11:55:20,133 [INFO] IPUIPlugin:80 - create IPUIPlugin
2026-03-10 11:55:20,134 [INFO] PluginManager:220 - loadIPPluginJar : add mdma
2026-03-10 11:55:20,136 [INFO] IPUIPlugin:80 - create IPUIPlugin
2026-03-10 11:55:20,136 [INFO] PluginManager:220 - loadIPPluginJar : add extmemmanager
2026-03-10 11:55:20,138 [INFO] IPUIPlugin:80 - create IPUIPlugin
2026-03-10 11:55:20,138 [INFO] PluginManager:220 - loadIPPluginJar : add i2s
2026-03-10 11:55:20,141 [INFO] IPUIPlugin:80 - create IPUIPlugin
2026-03-10 11:55:20,141 [INFO] PluginManager:220 - loadIPPluginJar : add fmc
2026-03-10 11:55:20,142 [INFO] IPUIPlugin:80 - create IPUIPlugin
2026-03-10 11:55:20,142 [INFO] PluginManager:220 - loadIPPluginJar : add ltdc
2026-03-10 11:55:20,144 [INFO] IPUIPlugin:80 - create IPUIPlugin
2026-03-10 11:55:20,144 [INFO] PluginManager:220 - loadIPPluginJar : add usbx
2026-03-10 11:55:20,146 [INFO] IPUIPlugin:80 - create IPUIPlugin
2026-03-10 11:55:20,146 [INFO] PluginManager:220 - loadIPPluginJar : add tim
2026-03-10 11:55:20,147 [INFO] IPUIPlugin:80 - create IPUIPlugin
2026-03-10 11:55:20,147 [INFO] PluginManager:220 - loadIPPluginJar : add ts
2026-03-10 11:55:20,148 [INFO] IPUIPlugin:80 - create IPUIPlugin
2026-03-10 11:55:20,148 [INFO] PluginManager:220 - loadIPPluginJar : add gfxmmu
2026-03-10 11:55:20,152 [INFO] IPUIPlugin:80 - create IPUIPlugin
2026-03-10 11:55:20,153 [INFO] PluginManager:220 - loadIPPluginJar : add stm32_wpan
2026-03-10 11:55:20,153 [INFO] IPUIPlugin:80 - create IPUIPlugin
2026-03-10 11:55:20,153 [INFO] PluginManager:220 - loadIPPluginJar : add comp
2026-03-10 11:55:20,155 [INFO] IPUIPlugin:80 - create IPUIPlugin
2026-03-10 11:55:20,155 [INFO] PluginManager:220 - loadIPPluginJar : add dfsdm
2026-03-10 11:55:20,158 [INFO] IPUIPlugin:80 - create IPUIPlugin
2026-03-10 11:55:20,158 [INFO] PluginManager:220 - loadIPPluginJar : add dma
2026-03-10 11:55:20,161 [INFO] IPUIPlugin:80 - create IPUIPlugin
2026-03-10 11:55:20,161 [INFO] PluginManager:220 - loadIPPluginJar : add nvic
2026-03-10 11:55:20,163 [INFO] IPUIPlugin:80 - create IPUIPlugin
2026-03-10 11:55:20,163 [INFO] PluginManager:220 - loadIPPluginJar : add resmgrutility
2026-03-10 11:55:20,165 [INFO] IPUIPlugin:80 - create IPUIPlugin
2026-03-10 11:55:20,165 [INFO] PluginManager:220 - loadIPPluginJar : add spi
2026-03-10 11:55:20,167 [INFO] IPUIPlugin:80 - create IPUIPlugin
2026-03-10 11:55:20,167 [INFO] PluginManager:220 - loadIPPluginJar : add aes
2026-03-10 11:55:20,168 [INFO] IPUIPlugin:80 - create IPUIPlugin
2026-03-10 11:55:20,168 [INFO] PluginManager:220 - loadIPPluginJar : add pdm2pcm
2026-03-10 11:55:20,170 [INFO] IPUIPlugin:80 - create IPUIPlugin
2026-03-10 11:55:20,170 [INFO] PluginManager:220 - loadIPPluginJar : add gtzc
2026-03-10 11:55:20,172 [INFO] IPUIPlugin:80 - create IPUIPlugin
2026-03-10 11:55:20,172 [INFO] PluginManager:220 - loadIPPluginJar : add ipddr
2026-03-10 11:55:20,174 [INFO] IPUIPlugin:80 - create IPUIPlugin
2026-03-10 11:55:20,174 [INFO] PluginManager:220 - loadIPPluginJar : add hash
2026-03-10 11:55:20,175 [INFO] IPUIPlugin:80 - create IPUIPlugin
2026-03-10 11:55:20,176 [INFO] PluginManager:220 - loadIPPluginJar : add lorawan
2026-03-10 11:55:20,177 [INFO] IPUIPlugin:80 - create IPUIPlugin
2026-03-10 11:55:20,177 [INFO] PluginManager:220 - loadIPPluginJar : add i3c
2026-03-10 11:55:20,272 [FATAL] Updater:351 - Updater called before beeing initialized
2026-03-10 11:55:20,312 [INFO] RulesReader:64 - Compatibility file has been processed (317 Rules)
2026-03-10 11:55:20,331 [INFO] RulesReader:64 - Compatibility file has been processed (317 Rules)
2026-03-10 11:55:20,338 [INFO] CADModel:165 - CPN selected for project level
2026-03-10 11:55:20,338 [INFO] CADModel:114 - Register for checkConnection events
2026-03-10 11:55:20,338 [FATAL] Updater:351 - Updater called before beeing initialized
2026-03-10 11:55:20,338 [ERROR] CADModel:125 - Updater not yet initialized, retry later 
2026-03-10 11:55:20,413 [FATAL] Updater:351 - Updater called before beeing initialized
2026-03-10 11:55:20,415 [INFO] CADModel:165 - CPN selected for project level
2026-03-10 11:55:20,415 [INFO] CADModel:114 - Register for checkConnection events
2026-03-10 11:55:20,415 [FATAL] Updater:351 - Updater called before beeing initialized
2026-03-10 11:55:20,415 [ERROR] CADModel:125 - Updater not yet initialized, retry later 
2026-03-10 11:55:20,417 [FATAL] Updater:351 - Updater called before beeing initialized
2026-03-10 11:55:20,474 [FATAL] Updater:351 - Updater called before beeing initialized
2026-03-10 11:55:20,477 [INFO] DbMcusAds:53 - JSON generation date=Thu Mar 05 18:32:52 GST 2026 (1772721172610)
2026-03-10 11:55:20,477 [FATAL] Updater:351 - Updater called before beeing initialized
2026-03-10 11:55:20,501 [WARN] DetailPanel:346 - Failed to get advertising image, set to default
2026-03-10 11:55:20,547 [FATAL] Updater:351 - Updater called before beeing initialized
2026-03-10 11:55:20,548 [FATAL] Updater:351 - Updater called before beeing initialized
2026-03-10 11:55:20,548 [FATAL] Updater:351 - Updater called before beeing initialized
2026-03-10 11:55:20,548 [WARN] DetailPanel:346 - Failed to get advertising image, set to default
2026-03-10 11:55:20,549 [FATAL] Updater:351 - Updater called before beeing initialized
2026-03-10 11:55:20,572 [ERROR] Updater:1198 - MainUpdater not yet initialized. External WinMGr cannot be set.
2026-03-10 11:55:20,574 [INFO] Updater:1134 - Updater Version found : 6.15.0
2026-03-10 11:55:20,585 [INFO] ApplicationProperties:184 - Using Application install path: /opt/st/stm32cubeide_1.19.0/plugins/com.st.stm32cube.common.mx_6.15.0.202507011659
2026-03-10 11:55:20,884 [INFO] MainUpdater:2872 - connection check result : 10
2026-03-10 11:55:20,885 [INFO] MainUpdater:289 - Updater Check For Update Now.
2026-03-10 11:55:20,885 [INFO] MicroXplorer:498 - Change Database Version : DB.6.0.150
2026-03-10 11:55:20,891 [INFO] McuFinderGlobals:63 - Set McuFinder mode to 2 (CubeIDE integrated)
2026-03-10 11:55:20,891 [INFO] UserAuth:171 - activating auth plugin
2026-03-10 11:55:20,895 [INFO] UserAuth:487 - Internet connection configuration mode: 1
2026-03-10 11:55:20,913 [INFO] JxBrowserEngine:152 - Initiate JxBrowser Engine with user profile folder
2026-03-10 11:55:21,080 [INFO] CheckServerUpdateThread:120 - End of CheckServer Thread
2026-03-10 11:55:21,381 [INFO] WebApp:169 - Instantiating new browser for Auth
2026-03-10 11:55:21,863 [INFO] WebApp:463 - Apply proxy settings
2026-03-10 11:55:21,863 [INFO] WebApp:548 - Chromium requires no authentication
2026-03-10 11:55:21,870 [INFO] WebApp:491 - Direct internet connection detected
2026-03-10 11:55:21,884 [INFO] WebApp:900 - Register for checkConnection events
2026-03-10 11:55:21,884 [INFO] WebApp:463 - Apply proxy settings
2026-03-10 11:55:21,884 [INFO] WebApp:548 - Chromium requires no authentication
2026-03-10 11:55:21,884 [INFO] WebApp:491 - Direct internet connection detected
2026-03-10 11:55:21,972 [INFO] WebApp:225 - Starting web application
2026-03-10 11:55:21,972 [INFO] WebApp:593 - Web application path used /opt/st/stm32cubeide_1.19.0/plugins/com.st.stm32cube.common.mx_6.15.0.202507011659/db/plugins/mcufinder/reactClient1/index.html
2026-03-10 11:55:22,595 [INFO] WebApp:191 - Connection restablished
2026-03-10 11:55:22,877 [WARN] PackLoader:240 - Cannot read IP mode file for STMicroelectronics.X-CUBE-AZRTOS-H7.3.5.0
2026-03-10 11:55:22,890 [WARN] PackLoader:240 - Cannot read IP mode file for STMicroelectronics.FP-ATR-ASTRA1.2.0.2
2026-03-10 11:55:22,896 [WARN] PackLoader:240 - Cannot read IP mode file for STMicroelectronics.X-CUBE-SMBUS.2.1.0
2026-03-10 11:55:22,920 [WARN] PackLoader:240 - Cannot read IP mode file for STMicroelectronics.X-CUBE-AZRTOS-F7.1.1.0
2026-03-10 11:55:22,929 [WARN] PackLoader:240 - Cannot read IP mode file for STMicroelectronics.FP-SNS-MOTENV1.5.1.0
2026-03-10 11:55:22,939 [WARN] PackLoader:240 - Cannot read IP mode file for WES.I-CUBE-Cesium.1.4.0
2026-03-10 11:55:22,965 [WARN] PackLoader:240 - Cannot read IP mode file for STMicroelectronics.X-CUBE-AZRTOS-H7.3.4.0
2026-03-10 11:55:22,974 [WARN] PackLoader:240 - Cannot read IP mode file for STMicroelectronics.X-CUBE-DISPLAY.3.0.0
2026-03-10 11:55:22,981 [WARN] PackLoader:240 - Cannot read IP mode file for STMicroelectronics.FP-SNS-MOTENVWB1.1.5.0
2026-03-10 11:55:22,987 [WARN] PackLoader:240 - Cannot read IP mode file for STMicroelectronics.X-CUBE-NFC10.1.0.0
2026-03-10 11:55:23,004 [WARN] PackLoader:240 - Cannot read IP mode file for STMicroelectronics.X-CUBE-ST60.1.1.0
2026-03-10 11:55:23,010 [WARN] PackLoader:240 - Cannot read IP mode file for emotas.I-CUBE-CANOPEN.1.3.0
2026-03-10 11:55:23,014 [WARN] PackLoader:240 - Cannot read IP mode file for STMicroelectronics.X-CUBE-GNSS1.7.1.0
2026-03-10 11:55:23,023 [WARN] PackLoader:240 - Cannot read IP mode file for STMicroelectronics.FP-SNS-STBOX1.2.1.0
2026-03-10 11:55:23,030 [WARN] PackLoader:240 - Cannot read IP mode file for STMicroelectronics.FP-SNS-SMARTAG2.1.2.0
2026-03-10 11:55:23,033 [WARN] PackLoader:240 - Cannot read IP mode file for STMicroelectronics.FP-SNS-FLIGHT1.5.1.0
2026-03-10 11:55:23,043 [INFO] LogOutputStream:77 - [STDOUT_REDIRECT] 1 : Invalid condition id : UX_CORESTACK_Condition cause : null
2026-03-10 11:55:23,043 [INFO] LogOutputStream:77 - [STDOUT_REDIRECT] 1 : Invalid condition id : UX_CORESTACK_Condition cause : null
2026-03-10 11:55:23,043 [INFO] LogOutputStream:77 - [STDOUT_REDIRECT] 1 : Invalid condition id : UX_CORESTACK_Condition cause : null
2026-03-10 11:55:23,044 [INFO] LogOutputStream:77 - [STDOUT_REDIRECT] 1 : Invalid condition id : UX_CORESTACK_Condition cause : null
2026-03-10 11:55:23,044 [INFO] LogOutputStream:77 - [STDOUT_REDIRECT] 1 : Invalid condition id : UX_CORESTACK_Condition cause : null
2026-03-10 11:55:23,047 [WARN] PackLoader:240 - Cannot read IP mode file for STMicroelectronics.X-CUBE-AZRTOS-WL.2.0.0
2026-03-10 11:55:23,061 [WARN] PackLoader:240 - Cannot read IP mode file for STMicroelectronics.X-CUBE-AZRTOS-H7RS.1.2.0
2026-03-10 11:55:23,066 [WARN] PackLoader:240 - Cannot read IP mode file for STMicroelectronics.X-CUBE-BLE2.3.3.0
2026-03-10 11:55:23,099 [WARN] PackLoader:240 - Cannot read IP mode file for Infineon.AIROC-Wi-Fi-Bluetooth-STM32.1.8.0
2026-03-10 11:55:23,110 [WARN] PackLoader:240 - Cannot read IP mode file for STMicroelectronics.X-CUBE-NFC9.1.0.0
2026-03-10 11:55:23,116 [WARN] PackLoader:240 - Cannot read IP mode file for STMicroelectronics.X-CUBE-BLE1.7.1.0
2026-03-10 11:55:23,119 [WARN] PackLoader:240 - Cannot read IP mode file for wolfSSL.I-CUBE-wolfMQTT.1.19.2
2026-03-10 11:55:23,124 [WARN] PackLoader:240 - Cannot read IP mode file for STMicroelectronics.X-CUBE-FREERTOS.1.4.0
2026-03-10 11:55:23,128 [WARN] PackLoader:240 - Cannot read IP mode file for STMicroelectronics.X-CUBE-EEPRMA1.5.2.0
2026-03-10 11:55:23,132 [WARN] PackLoader:240 - Cannot read IP mode file for wolfSSL.I-CUBE-wolfSSL.5.8.4
2026-03-10 11:55:23,134 [WARN] PackLoader:240 - Cannot read IP mode file for Cesanta.I-CUBE-Mongoose.7.20.0
2026-03-10 11:55:23,166 [WARN] PackLoader:240 - Cannot read IP mode file for STMicroelectronics.X-CUBE-MEMS1.12.0.0
2026-03-10 11:55:23,267 [WARN] PackLoader:240 - Cannot read IP mode file for STMicroelectronics.X-CUBE-AZRTOS-G0.1.1.0
2026-03-10 11:55:23,274 [WARN] PackLoader:240 - Cannot read IP mode file for STMicroelectronics.X-CUBE-NFC4.3.0.0
2026-03-10 11:55:23,283 [WARN] PackLoader:240 - Cannot read IP mode file for EmbeddedOffice.I-CUBE-FS-RTOS.1.0.1
2026-03-10 11:55:23,288 [WARN] PackLoader:240 - Cannot read IP mode file for STMicroelectronics.X-CUBE-WB05N.2.0.0
2026-03-10 11:55:23,304 [WARN] PackLoader:240 - Cannot read IP mode file for wolfSSL.I-CUBE-wolfTPM.3.8.0
2026-03-10 11:55:23,309 [WARN] PackLoader:240 - Cannot read IP mode file for STMicroelectronics.X-CUBE-TCPP.4.2.0
2026-03-10 11:55:23,316 [WARN] PackLoader:240 - Cannot read IP mode file for RealThread.X-CUBE-RT-Thread_Nano.4.1.1
2026-03-10 11:55:23,319 [WARN] PackLoader:240 - Cannot read IP mode file for STMicroelectronics.FP-ATR-SIGFOX1.3.2.0
2026-03-10 11:55:23,324 [WARN] PackLoader:240 - Cannot read IP mode file for STMicroelectronics.X-CUBE-FREERTOS.1.5.0
2026-03-10 11:55:23,330 [WARN] PackLoader:240 - Cannot read IP mode file for ITTIA_DB.I-CUBE-ITTIADB.8.9.0
2026-03-10 11:55:23,337 [WARN] PackLoader:240 - Cannot read IP mode file for STMicroelectronics.X-CUBE-NFC6.3.2.0
2026-03-10 11:55:23,343 [WARN] PackLoader:240 - Cannot read IP mode file for STMicroelectronics.X-CUBE-AI.10.2.0
2026-03-10 11:55:23,367 [WARN] PackLoader:240 - Cannot read IP mode file for SEGGER.I-CUBE-embOS.1.3.1
2026-03-10 11:55:23,394 [WARN] PackLoader:240 - Cannot read IP mode file for STMicroelectronics.X-CUBE-ALGOBUILD.1.4.0
2026-03-10 11:55:23,396 [WARN] PackLoader:240 - Cannot read IP mode file for STMicroelectronics.X-CUBE-PM33A1.1.0.0
2026-03-10 11:55:23,415 [WARN] PackLoader:240 - Cannot read IP mode file for STMicroelectronics.X-CUBE-AZRTOS-F4.1.1.0
2026-03-10 11:55:23,420 [WARN] PackLoader:240 - Cannot read IP mode file for STMicroelectronics.X-CUBE-ISPU.2.1.0
2026-03-10 11:55:23,432 [WARN] PackLoader:240 - Cannot read IP mode file for STMicroelectronics.X-CUBE-IPS.3.2.0
2026-03-10 11:55:23,443 [WARN] PackLoader:240 - Cannot read IP mode file for STMicroelectronics.X-CUBE-NFC12.1.0.0
2026-03-10 11:55:23,459 [WARN] PackLoader:240 - Cannot read IP mode file for STMicroelectronics.X-CUBE-AZRTOS-L5.2.0.0
2026-03-10 11:55:23,464 [WARN] PackLoader:240 - Cannot read IP mode file for STMicroelectronics.X-CUBE-TOUCHGFX.4.26.0
2026-03-10 11:55:23,466 [WARN] PackLoader:240 - Cannot read IP mode file for STMicroelectronics.X-CUBE-TOUCHGFX.4.26.1
2026-03-10 11:55:23,470 [WARN] PackLoader:240 - Cannot read IP mode file for STMicroelectronics.FP-SNS-STAIOTCFT.1.0.0
2026-03-10 11:55:23,474 [WARN] PackLoader:240 - Cannot read IP mode file for STMicroelectronics.X-CUBE-DPower.1.3.0
2026-03-10 11:55:23,489 [WARN] ConditionMgr:438 - getConditionDescription Invalid condition id : LAN8742 Phy interface Condition cause : null
2026-03-10 11:55:23,490 [WARN] PackLoader:240 - Cannot read IP mode file for STMicroelectronics.X-CUBE-AZRTOS-L4.2.0.0
2026-03-10 11:55:23,491 [WARN] ConditionMgr:1044 - genDependencies : Invalid condition id : LAN8742 Phy interface Condition cause : null
2026-03-10 11:55:23,492 [WARN] ConditionMgr:1044 - genDependencies : Invalid condition id : LAN8742 Phy interface Condition cause : null
2026-03-10 11:55:23,492 [WARN] ConditionMgr:1044 - genDependencies : Invalid condition id : LAN8742 Phy interface Condition cause : null
2026-03-10 11:55:23,497 [WARN] PackLoader:240 - Cannot read IP mode file for STMicroelectronics.X-CUBE-SFXS2LP1.4.0.0
2026-03-10 11:55:23,503 [WARN] PackLoader:240 - Cannot read IP mode file for STMicroelectronics.X-CUBE-ST67W61.1.2.0
2026-03-10 11:55:23,512 [WARN] PackLoader:240 - Cannot read IP mode file for STMicroelectronics.X-CUBE-BLEMGR.4.1.0
2026-03-10 11:55:23,525 [WARN] ConditionMgr:438 - getConditionDescription Invalid condition id : UX DEVICE CLASS RTOS Condition cause : null
2026-03-10 11:55:23,525 [WARN] ConditionMgr:438 - getConditionDescription Invalid condition id : UX DEVICE CLASS RTOS Condition cause : null
2026-03-10 11:55:23,527 [WARN] PackLoader:240 - Cannot read IP mode file for STMicroelectronics.X-CUBE-AZRTOS-WB.2.0.0
2026-03-10 11:55:23,527 [WARN] ConditionMgr:1044 - genDependencies : Invalid condition id : UX DEVICE CLASS RTOS Condition cause : null
2026-03-10 11:55:23,527 [WARN] ConditionMgr:1044 - genDependencies : Invalid condition id : UX DEVICE CLASS RTOS Condition cause : null
2026-03-10 11:55:23,528 [WARN] ConditionMgr:1044 - genDependencies : Invalid condition id : UX DEVICE CLASS RTOS Condition cause : null
2026-03-10 11:55:23,528 [WARN] ConditionMgr:1044 - genDependencies : Invalid condition id : UX DEVICE CLASS RTOS Condition cause : null
2026-03-10 11:55:23,528 [WARN] ConditionMgr:1044 - genDependencies : Invalid condition id : UX DEVICE CLASS RTOS Condition cause : null
2026-03-10 11:55:23,531 [WARN] ConditionMgr:438 - getConditionDescription Invalid condition id : Cortex-A Device cause : null
2026-03-10 11:55:23,537 [WARN] ConditionMgr:1044 - genDependencies : Invalid condition id : Cortex-A Device cause : null
2026-03-10 11:55:23,537 [WARN] ConditionMgr:1044 - genDependencies : Invalid condition id : Cortex-A Device cause : null
2026-03-10 11:55:23,537 [WARN] ConditionMgr:1044 - genDependencies : Invalid condition id : Cortex-A Device cause : null
2026-03-10 11:55:23,542 [WARN] PackLoader:240 - Cannot read IP mode file for STMicroelectronics.X-CUBE-STSE01.2.0.0
2026-03-10 11:55:23,551 [WARN] PackLoader:240 - Cannot read IP mode file for STMicroelectronics.X-CUBE-SUBG2.5.0.0
2026-03-10 11:55:23,565 [WARN] PackLoader:240 - Cannot read IP mode file for STMicroelectronics.X-CUBE-AZRTOS-G4.2.0.0
2026-03-10 11:55:23,569 [WARN] PackLoader:240 - Cannot read IP mode file for wolfSSL.I-CUBE-wolfSSH.1.4.20
2026-03-10 11:55:23,573 [WARN] PackLoader:240 - Cannot read IP mode file for STMicroelectronics.X-CUBE-NFC7.2.0.0
2026-03-10 11:55:23,576 [WARN] PackLoader:240 - Cannot read IP mode file for STMicroelectronics.X-CUBE-ALS.1.0.2
2026-03-10 11:55:23,584 [WARN] PackLoader:240 - Cannot read IP mode file for STMicroelectronics.X-CUBE-TOF1.3.4.3
2026-03-10 11:55:23,595 [INFO] ThirdParty:978 - Integrity check success = true
2026-03-10 11:55:23,595 [INFO] IntegrityCheckThread:100 - exiting critical section [integrity check]
2026-03-10 11:55:23,595 [INFO] IntegrityCheckThread:103 - End integrity checks thread
2026-03-10 11:59:47,018 [ERROR] LogOutputStream:75 - [STDERR_REDIRECT] 
2026-03-10 11:59:51,442 [INFO] Activator:176 - 


2026-03-10 11:59:51,443 [INFO] Activator:177 - !SESSION log4j initialized
2026-03-10 11:59:53,309 [INFO] LogOutputStream:77 - [STDOUT_REDIRECT] 
2026-03-10 11:59:53,945 [INFO] ApplicationProperties:184 - Using Application install path: /opt/st/stm32cubeide_1.19.0/plugins/com.st.stm32cube.common.mx_6.15.0.202507011659
2026-03-10 11:59:53,959 [INFO] DbMcusXml:78 - Set database path to: /opt/st/stm32cubeide_1.19.0/plugins/com.st.stm32cube.common.mx_6.15.0.202507011659//db//mcu/
2026-03-10 11:59:53,960 [INFO] ApiDb:274 - Set plugin database path to: /opt/st/stm32cubeide_1.19.0/plugins/com.st.stm32cube.common.mx_6.15.0.202507011659//db//plugins/boardmanager/
2026-03-10 11:59:53,960 [WARN] ApiDb:259 - Overriding images path with different value:  => /opt/st/stm32cubeide_1.19.0/plugins/com.st.stm32cube.common.mx_6.15.0.202507011659//db//plugins/mcufinder/images/
2026-03-10 11:59:53,963 [INFO] ApiDb:250 - Set database path to: /home/mat-ros/.stmcufinder/plugins/mcufinder//mcu/
2026-03-10 11:59:53,964 [INFO] DbMcusAds:125 - Set database path to: /home/mat-ros/.stmcufinder/plugins/mcufinder//mcu/
2026-03-10 11:59:53,965 [INFO] CrossReferenceDbSqlite:203 - Set database path to: /home/mat-ros/.stmcufinder/plugins/mcufinder//mcu/cs/
2026-03-10 11:59:54,077 [INFO] RulesReader:64 - Compatibility file has been processed (317 Rules)
2026-03-10 11:59:54,127 [INFO] DbMcusXml:78 - Set database path to: /opt/st/stm32cubeide_1.19.0/plugins/com.st.stm32cube.common.mx_6.15.0.202507011659//db//mcu/
2026-03-10 11:59:54,128 [INFO] ApiDb:274 - Set plugin database path to: /opt/st/stm32cubeide_1.19.0/plugins/com.st.stm32cube.common.mx_6.15.0.202507011659//db//plugins/boardmanager/
2026-03-10 11:59:54,128 [INFO] ApiDb:261 - Set plugin images path to: /opt/st/stm32cubeide_1.19.0/plugins/com.st.stm32cube.common.mx_6.15.0.202507011659//db//plugins/mcufinder/images/
2026-03-10 11:59:54,128 [WARN] DbFile:41 - Overriding database path with different value: /home/mat-ros/.stmcufinder/plugins/mcufinder/ => /home/mat-ros/.stmcufinder/plugins/mcufinder
2026-03-10 11:59:54,128 [INFO] ApiDb:250 - Set database path to: /home/mat-ros/.stmcufinder/plugins/mcufinder//mcu/
2026-03-10 11:59:54,128 [WARN] DbFile:41 - Overriding database path with different value: /home/mat-ros/.stmcufinder/plugins/mcufinder/ => /home/mat-ros/.stmcufinder/plugins/mcufinder
2026-03-10 11:59:54,128 [INFO] DbMcusAds:125 - Set database path to: /home/mat-ros/.stmcufinder/plugins/mcufinder//mcu/
2026-03-10 11:59:54,128 [WARN] DbFile:41 - Overriding database path with different value: /home/mat-ros/.stmcufinder/plugins/mcufinder/ => /home/mat-ros/.stmcufinder/plugins/mcufinder
2026-03-10 11:59:54,128 [WARN] DbFile:41 - Overriding database path with different value: /home/mat-ros/.stmcufinder/plugins/mcufinder/ => /home/mat-ros/.stmcufinder/plugins/mcufinder
2026-03-10 11:59:54,128 [INFO] CrossReferenceDbSqlite:203 - Set database path to: /home/mat-ros/.stmcufinder/plugins/mcufinder//mcu/cs/
2026-03-10 11:59:54,211 [INFO] MainPanel:274 - HeapMemory: 268435456
2026-03-10 11:59:54,328 [INFO] DbMcusXml:78 - Set database path to: /opt/st/stm32cubeide_1.19.0/plugins/com.st.stm32cube.common.mx_6.15.0.202507011659//db//mcu/
2026-03-10 11:59:54,328 [INFO] ApiDb:274 - Set plugin database path to: /opt/st/stm32cubeide_1.19.0/plugins/com.st.stm32cube.common.mx_6.15.0.202507011659//db//plugins/boardmanager/
2026-03-10 11:59:54,328 [INFO] ApiDb:261 - Set plugin images path to: /opt/st/stm32cubeide_1.19.0/plugins/com.st.stm32cube.common.mx_6.15.0.202507011659//db//plugins/mcufinder/images/
2026-03-10 11:59:54,329 [WARN] DbFile:41 - Overriding database path with different value: /home/mat-ros/.stmcufinder/plugins/mcufinder/ => /home/mat-ros/.stmcufinder/plugins/mcufinder
2026-03-10 11:59:54,329 [INFO] ApiDb:250 - Set database path to: /home/mat-ros/.stmcufinder/plugins/mcufinder//mcu/
2026-03-10 11:59:54,329 [WARN] DbFile:41 - Overriding database path with different value: /home/mat-ros/.stmcufinder/plugins/mcufinder/ => /home/mat-ros/.stmcufinder/plugins/mcufinder
2026-03-10 11:59:54,329 [INFO] DbMcusAds:125 - Set database path to: /home/mat-ros/.stmcufinder/plugins/mcufinder//mcu/
2026-03-10 11:59:54,329 [WARN] DbFile:41 - Overriding database path with different value: /home/mat-ros/.stmcufinder/plugins/mcufinder/ => /home/mat-ros/.stmcufinder/plugins/mcufinder
2026-03-10 11:59:54,329 [WARN] DbFile:41 - Overriding database path with different value: /home/mat-ros/.stmcufinder/plugins/mcufinder/ => /home/mat-ros/.stmcufinder/plugins/mcufinder
2026-03-10 11:59:54,329 [INFO] CrossReferenceDbSqlite:203 - Set database path to: /home/mat-ros/.stmcufinder/plugins/mcufinder//mcu/cs/
2026-03-10 11:59:54,347 [INFO] ApplicationProperties:184 - Using Application install path: /opt/st/stm32cubeide_1.19.0/plugins/com.st.stm32cube.common.mx_6.15.0.202507011659
2026-03-10 11:59:54,348 [INFO] PluginManage:196 - Search for loadable plugins [exclusion list=, ]
2026-03-10 11:59:54,350 [INFO] PluginManage:310 - Check plugin analytics
2026-03-10 11:59:54,510 [INFO] AnalyticsPlugin:253 - Accepted Software Licenses: STM32CubeMX.6.16.1
2026-03-10 11:59:54,510 [INFO] AnalyticsPlugin:255 - Accepted CMSIS Pack Licenses: 
2026-03-10 11:59:54,510 [INFO] AnalyticsPlugin:257 - Accepted Firmware Licenses: FW.L4.1.18.0
2026-03-10 11:59:54,513 [INFO] PluginManage:359 - Loaded plugin analytics (category:tool,tabindex:-1)
2026-03-10 11:59:54,513 [INFO] PluginManage:310 - Check plugin cadmodel
2026-03-10 11:59:54,516 [INFO] CADModel:105 - Init CAD model plugin
2026-03-10 11:59:54,517 [INFO] PluginManage:359 - Loaded plugin cadmodel (category:power,tabindex:5)
2026-03-10 11:59:54,517 [INFO] PluginManage:310 - Check plugin clock
2026-03-10 11:59:54,525 [INFO] PluginManage:359 - Loaded plugin clock (category:base,tabindex:2)
2026-03-10 11:59:54,525 [INFO] PluginManage:310 - Check plugin ddr
2026-03-10 11:59:54,528 [INFO] PluginManage:359 - Loaded plugin ddr (category:tool,tabindex:6)
2026-03-10 11:59:54,528 [INFO] PluginManage:310 - Check plugin filemanager
2026-03-10 11:59:54,648 [INFO] PluginManage:359 - Loaded plugin filemanager (category:base,tabindex:10)
2026-03-10 11:59:54,649 [INFO] PluginManage:310 - Check plugin ipmanager
2026-03-10 11:59:54,652 [INFO] PluginManage:359 - Loaded plugin ipmanager (category:base,tabindex:5)
2026-03-10 11:59:54,652 [INFO] PluginManage:310 - Check plugin lpbam
2026-03-10 11:59:54,658 [INFO] PluginManage:359 - Loaded plugin lpbam (category:base,tabindex:0)
2026-03-10 11:59:54,658 [INFO] PluginManage:310 - Check plugin memorymap
2026-03-10 11:59:54,665 [INFO] PluginManage:359 - Loaded plugin memorymap (category:base,tabindex:4)
2026-03-10 11:59:54,665 [INFO] PluginManage:310 - Check plugin pinoutandconfiguration
2026-03-10 11:59:54,670 [INFO] PluginManage:359 - Loaded plugin pinoutandconfiguration (category:base,tabindex:1)
2026-03-10 11:59:54,670 [INFO] PluginManage:310 - Check plugin pinoutconfig
2026-03-10 11:59:54,731 [WARN] SupportedApi:132 - Cannot load RTOS API schema: s4s-elt-must-match.1: The content of 'definitions' must match (annotation?, (simpleType | complexType)?, (unique | key | keyref)*)). A problem was found starting at: attribute.
2026-03-10 11:59:54,807 [INFO] PluginManage:359 - Loaded plugin pinoutconfig (category:base,tabindex:0)
2026-03-10 11:59:54,807 [INFO] PluginManage:310 - Check plugin power
2026-03-10 11:59:54,813 [INFO] PluginManage:359 - Loaded plugin power (category:power,tabindex:4)
2026-03-10 11:59:54,813 [INFO] PluginManage:310 - Check plugin projectmanager
2026-03-10 11:59:54,824 [INFO] PluginManage:359 - Loaded plugin projectmanager (category:projectmanager,tabindex:4)
2026-03-10 11:59:54,824 [INFO] PluginManage:310 - Check plugin rif
2026-03-10 11:59:54,830 [INFO] PluginManage:359 - Loaded plugin rif (category:base,tabindex:3)
2026-03-10 11:59:54,831 [INFO] PluginManage:310 - Check plugin thirdparty
2026-03-10 11:59:54,913 [INFO] PluginManage:359 - Loaded plugin thirdparty (category:base,tabindex:-1)
2026-03-10 11:59:54,913 [WARN] IntegrityCheckThread:84 - waiting for thirdparty lock release [integrity check]
2026-03-10 11:59:54,913 [INFO] IntegrityCheckThread:86 - entering critical section [integrity check]
2026-03-10 11:59:54,913 [INFO] PluginManage:310 - Check plugin tools
2026-03-10 11:59:54,913 [INFO] ThirdPartyUpdaterWithRetryManager:70 - Updater plugin not ready yet. [1/15]
2026-03-10 11:59:54,915 [INFO] PluginManage:359 - Loaded plugin tools (category:base,tabindex:7)
2026-03-10 11:59:54,915 [INFO] PluginManage:310 - Check plugin tutovideos
2026-03-10 11:59:55,053 [INFO] PluginManage:359 - Loaded plugin tutovideos (category:base,tabindex:-1)
2026-03-10 11:59:55,053 [INFO] PluginManage:310 - Check plugin updater
2026-03-10 11:59:55,072 [INFO] PluginManage:359 - Loaded plugin updater (category:base,tabindex:12)
2026-03-10 11:59:55,072 [INFO] PluginManage:310 - Check plugin userauth
2026-03-10 11:59:55,075 [INFO] UserAuth:118 - Init User Auth plugin
2026-03-10 11:59:55,076 [INFO] PluginManage:359 - Loaded plugin userauth (category:base,tabindex:14)
2026-03-10 11:59:55,077 [INFO] PluginManage:283 - PluginManage : Loaded plugins [18]
2026-03-10 11:59:55,193 [INFO] PinOutPanel:1589 - setPackage(No Configuration,No Configuration)
2026-03-10 11:59:55,239 [INFO] CADModel:165 - CPN selected for project level
2026-03-10 11:59:55,239 [INFO] CADModel:114 - Register for checkConnection events
2026-03-10 11:59:55,250 [INFO] IPUIPlugin:80 - create IPUIPlugin
2026-03-10 11:59:55,251 [INFO] PluginManager:220 - loadIPPluginJar : add i2c
2026-03-10 11:59:55,252 [INFO] IPUIPlugin:80 - create IPUIPlugin
2026-03-10 11:59:55,253 [INFO] PluginManager:220 - loadIPPluginJar : add can
2026-03-10 11:59:55,256 [INFO] IPUIPlugin:80 - create IPUIPlugin
2026-03-10 11:59:55,256 [INFO] PluginManager:220 - loadIPPluginJar : add gpio
2026-03-10 11:59:55,257 [INFO] IPUIPlugin:80 - create IPUIPlugin
2026-03-10 11:59:55,257 [INFO] PluginManager:220 - loadIPPluginJar : add fatfs
2026-03-10 11:59:55,259 [INFO] IPUIPlugin:80 - create IPUIPlugin
2026-03-10 11:59:55,259 [INFO] PluginManager:220 - loadIPPluginJar : add openamp
2026-03-10 11:59:55,260 [INFO] IPUIPlugin:80 - create IPUIPlugin
2026-03-10 11:59:55,260 [INFO] PluginManager:220 - loadIPPluginJar : add genericplugin
2026-03-10 11:59:55,264 [INFO] IPUIPlugin:80 - create IPUIPlugin
2026-03-10 11:59:55,266 [INFO] PluginManager:220 - loadIPPluginJar : add plateformsettings
2026-03-10 11:59:55,268 [INFO] IPUIPlugin:80 - create IPUIPlugin
2026-03-10 11:59:55,268 [INFO] PluginManager:220 - loadIPPluginJar : add sai
2026-03-10 11:59:55,270 [INFO] IPUIPlugin:80 - create IPUIPlugin
2026-03-10 11:59:55,270 [INFO] PluginManager:220 - loadIPPluginJar : add ddr_ctrl_phy
2026-03-10 11:59:55,276 [INFO] IPUIPlugin:80 - create IPUIPlugin
2026-03-10 11:59:55,276 [INFO] PluginManager:220 - loadIPPluginJar : add adc
2026-03-10 11:59:55,279 [INFO] IPUIPlugin:80 - create IPUIPlugin
2026-03-10 11:59:55,279 [INFO] PluginManager:220 - loadIPPluginJar : add touchsensing
2026-03-10 11:59:55,280 [INFO] IPUIPlugin:80 - create IPUIPlugin
2026-03-10 11:59:55,280 [INFO] PluginManager:220 - loadIPPluginJar : add ucpd
2026-03-10 11:59:55,282 [INFO] IPUIPlugin:80 - create IPUIPlugin
2026-03-10 11:59:55,282 [INFO] PluginManager:220 - loadIPPluginJar : add dma3
2026-03-10 11:59:55,286 [INFO] IPUIPlugin:80 - create IPUIPlugin
2026-03-10 11:59:55,286 [INFO] PluginManager:220 - loadIPPluginJar : add freertos
2026-03-10 11:59:55,288 [INFO] IPUIPlugin:80 - create IPUIPlugin
2026-03-10 11:59:55,288 [INFO] PluginManager:220 - loadIPPluginJar : add tracer_emb
2026-03-10 11:59:55,289 [INFO] IPUIPlugin:80 - create IPUIPlugin
2026-03-10 11:59:55,289 [INFO] PluginManager:220 - loadIPPluginJar : add radio
2026-03-10 11:59:55,294 [INFO] IPUIPlugin:80 - create IPUIPlugin
2026-03-10 11:59:55,294 [INFO] PluginManager:220 - loadIPPluginJar : add linkedlist
2026-03-10 11:59:55,296 [INFO] IPUIPlugin:80 - create IPUIPlugin
2026-03-10 11:59:55,296 [INFO] PluginManager:220 - loadIPPluginJar : add usart
2026-03-10 11:59:55,300 [INFO] IPUIPlugin:80 - create IPUIPlugin
2026-03-10 11:59:55,300 [INFO] PluginManager:220 - loadIPPluginJar : add gic
2026-03-10 11:59:55,302 [INFO] IPUIPlugin:80 - create IPUIPlugin
2026-03-10 11:59:55,302 [INFO] PluginManager:220 - loadIPPluginJar : add opamp
2026-03-10 11:59:55,303 [INFO] IPUIPlugin:80 - create IPUIPlugin
2026-03-10 11:59:55,303 [INFO] PluginManager:220 - loadIPPluginJar : add cryp
2026-03-10 11:59:55,304 [INFO] IPUIPlugin:80 - create IPUIPlugin
2026-03-10 11:59:55,304 [INFO] PluginManager:220 - loadIPPluginJar : add quadspi
2026-03-10 11:59:55,305 [INFO] IPUIPlugin:80 - create IPUIPlugin
2026-03-10 11:59:55,305 [INFO] PluginManager:220 - loadIPPluginJar : add tsc
2026-03-10 11:59:55,310 [INFO] IPUIPlugin:80 - create IPUIPlugin
2026-03-10 11:59:55,310 [INFO] PluginManager:220 - loadIPPluginJar : add mdma
2026-03-10 11:59:55,312 [INFO] IPUIPlugin:80 - create IPUIPlugin
2026-03-10 11:59:55,312 [INFO] PluginManager:220 - loadIPPluginJar : add extmemmanager
2026-03-10 11:59:55,313 [INFO] IPUIPlugin:80 - create IPUIPlugin
2026-03-10 11:59:55,313 [INFO] PluginManager:220 - loadIPPluginJar : add i2s
2026-03-10 11:59:55,316 [INFO] IPUIPlugin:80 - create IPUIPlugin
2026-03-10 11:59:55,316 [INFO] PluginManager:220 - loadIPPluginJar : add fmc
2026-03-10 11:59:55,317 [INFO] IPUIPlugin:80 - create IPUIPlugin
2026-03-10 11:59:55,317 [INFO] PluginManager:220 - loadIPPluginJar : add ltdc
2026-03-10 11:59:55,319 [INFO] IPUIPlugin:80 - create IPUIPlugin
2026-03-10 11:59:55,319 [INFO] PluginManager:220 - loadIPPluginJar : add usbx
2026-03-10 11:59:55,320 [INFO] IPUIPlugin:80 - create IPUIPlugin
2026-03-10 11:59:55,320 [INFO] PluginManager:220 - loadIPPluginJar : add tim
2026-03-10 11:59:55,321 [INFO] IPUIPlugin:80 - create IPUIPlugin
2026-03-10 11:59:55,321 [INFO] PluginManager:220 - loadIPPluginJar : add ts
2026-03-10 11:59:55,322 [INFO] IPUIPlugin:80 - create IPUIPlugin
2026-03-10 11:59:55,322 [INFO] PluginManager:220 - loadIPPluginJar : add gfxmmu
2026-03-10 11:59:55,326 [INFO] IPUIPlugin:80 - create IPUIPlugin
2026-03-10 11:59:55,326 [INFO] PluginManager:220 - loadIPPluginJar : add stm32_wpan
2026-03-10 11:59:55,327 [INFO] IPUIPlugin:80 - create IPUIPlugin
2026-03-10 11:59:55,327 [INFO] PluginManager:220 - loadIPPluginJar : add comp
2026-03-10 11:59:55,329 [INFO] IPUIPlugin:80 - create IPUIPlugin
2026-03-10 11:59:55,329 [INFO] PluginManager:220 - loadIPPluginJar : add dfsdm
2026-03-10 11:59:55,333 [INFO] IPUIPlugin:80 - create IPUIPlugin
2026-03-10 11:59:55,333 [INFO] PluginManager:220 - loadIPPluginJar : add dma
2026-03-10 11:59:55,335 [INFO] IPUIPlugin:80 - create IPUIPlugin
2026-03-10 11:59:55,335 [INFO] PluginManager:220 - loadIPPluginJar : add nvic
2026-03-10 11:59:55,337 [INFO] IPUIPlugin:80 - create IPUIPlugin
2026-03-10 11:59:55,337 [INFO] PluginManager:220 - loadIPPluginJar : add resmgrutility
2026-03-10 11:59:55,339 [INFO] IPUIPlugin:80 - create IPUIPlugin
2026-03-10 11:59:55,339 [INFO] PluginManager:220 - loadIPPluginJar : add spi
2026-03-10 11:59:55,340 [INFO] IPUIPlugin:80 - create IPUIPlugin
2026-03-10 11:59:55,340 [INFO] PluginManager:220 - loadIPPluginJar : add aes
2026-03-10 11:59:55,341 [INFO] IPUIPlugin:80 - create IPUIPlugin
2026-03-10 11:59:55,342 [INFO] PluginManager:220 - loadIPPluginJar : add pdm2pcm
2026-03-10 11:59:55,343 [INFO] IPUIPlugin:80 - create IPUIPlugin
2026-03-10 11:59:55,343 [INFO] PluginManager:220 - loadIPPluginJar : add gtzc
2026-03-10 11:59:55,345 [INFO] IPUIPlugin:80 - create IPUIPlugin
2026-03-10 11:59:55,346 [INFO] PluginManager:220 - loadIPPluginJar : add ipddr
2026-03-10 11:59:55,347 [INFO] IPUIPlugin:80 - create IPUIPlugin
2026-03-10 11:59:55,347 [INFO] PluginManager:220 - loadIPPluginJar : add hash
2026-03-10 11:59:55,349 [INFO] IPUIPlugin:80 - create IPUIPlugin
2026-03-10 11:59:55,349 [INFO] PluginManager:220 - loadIPPluginJar : add lorawan
2026-03-10 11:59:55,350 [INFO] IPUIPlugin:80 - create IPUIPlugin
2026-03-10 11:59:55,350 [INFO] PluginManager:220 - loadIPPluginJar : add i3c
2026-03-10 11:59:55,450 [FATAL] Updater:351 - Updater called before beeing initialized
2026-03-10 11:59:55,494 [INFO] RulesReader:64 - Compatibility file has been processed (317 Rules)
2026-03-10 11:59:55,512 [INFO] RulesReader:64 - Compatibility file has been processed (317 Rules)
2026-03-10 11:59:55,518 [INFO] CADModel:165 - CPN selected for project level
2026-03-10 11:59:55,519 [INFO] CADModel:114 - Register for checkConnection events
2026-03-10 11:59:55,519 [FATAL] Updater:351 - Updater called before beeing initialized
2026-03-10 11:59:55,519 [ERROR] CADModel:125 - Updater not yet initialized, retry later 
2026-03-10 11:59:55,601 [FATAL] Updater:351 - Updater called before beeing initialized
2026-03-10 11:59:55,603 [INFO] CADModel:165 - CPN selected for project level
2026-03-10 11:59:55,603 [INFO] CADModel:114 - Register for checkConnection events
2026-03-10 11:59:55,603 [FATAL] Updater:351 - Updater called before beeing initialized
2026-03-10 11:59:55,603 [ERROR] CADModel:125 - Updater not yet initialized, retry later 
2026-03-10 11:59:55,605 [FATAL] Updater:351 - Updater called before beeing initialized
2026-03-10 11:59:55,661 [FATAL] Updater:351 - Updater called before beeing initialized
2026-03-10 11:59:55,664 [INFO] DbMcusAds:53 - JSON generation date=Thu Mar 05 18:32:52 GST 2026 (1772721172610)
2026-03-10 11:59:55,664 [FATAL] Updater:351 - Updater called before beeing initialized
2026-03-10 11:59:55,685 [WARN] DetailPanel:346 - Failed to get advertising image, set to default
2026-03-10 11:59:55,731 [FATAL] Updater:351 - Updater called before beeing initialized
2026-03-10 11:59:55,732 [FATAL] Updater:351 - Updater called before beeing initialized
2026-03-10 11:59:55,732 [FATAL] Updater:351 - Updater called before beeing initialized
2026-03-10 11:59:55,733 [WARN] DetailPanel:346 - Failed to get advertising image, set to default
2026-03-10 11:59:55,733 [FATAL] Updater:351 - Updater called before beeing initialized
2026-03-10 11:59:55,758 [ERROR] Updater:1198 - MainUpdater not yet initialized. External WinMGr cannot be set.
2026-03-10 11:59:55,760 [INFO] Updater:1134 - Updater Version found : 6.15.0
2026-03-10 11:59:55,775 [INFO] ApplicationProperties:184 - Using Application install path: /opt/st/stm32cubeide_1.19.0/plugins/com.st.stm32cube.common.mx_6.15.0.202507011659
2026-03-10 11:59:56,067 [INFO] MainUpdater:2872 - connection check result : 10
2026-03-10 11:59:56,068 [INFO] MainUpdater:289 - Updater Check For Update Now.
2026-03-10 11:59:56,069 [INFO] MicroXplorer:498 - Change Database Version : DB.6.0.150
2026-03-10 11:59:56,075 [INFO] McuFinderGlobals:63 - Set McuFinder mode to 2 (CubeIDE integrated)
2026-03-10 11:59:56,076 [INFO] UserAuth:171 - activating auth plugin
2026-03-10 11:59:56,079 [INFO] UserAuth:487 - Internet connection configuration mode: 1
2026-03-10 11:59:56,098 [INFO] JxBrowserEngine:152 - Initiate JxBrowser Engine with user profile folder
2026-03-10 11:59:56,263 [INFO] CheckServerUpdateThread:120 - End of CheckServer Thread
2026-03-10 11:59:56,556 [INFO] WebApp:169 - Instantiating new browser for Auth
2026-03-10 11:59:56,984 [INFO] WebApp:463 - Apply proxy settings
2026-03-10 11:59:56,984 [INFO] WebApp:548 - Chromium requires no authentication
2026-03-10 11:59:56,990 [INFO] WebApp:491 - Direct internet connection detected
2026-03-10 11:59:57,005 [INFO] WebApp:900 - Register for checkConnection events
2026-03-10 11:59:57,005 [INFO] WebApp:463 - Apply proxy settings
2026-03-10 11:59:57,006 [INFO] WebApp:548 - Chromium requires no authentication
2026-03-10 11:59:57,006 [INFO] WebApp:491 - Direct internet connection detected
2026-03-10 11:59:57,097 [INFO] WebApp:225 - Starting web application
2026-03-10 11:59:57,097 [INFO] WebApp:593 - Web application path used /opt/st/stm32cubeide_1.19.0/plugins/com.st.stm32cube.common.mx_6.15.0.202507011659/db/plugins/mcufinder/reactClient1/index.html
2026-03-10 11:59:58,059 [WARN] PackLoader:240 - Cannot read IP mode file for STMicroelectronics.X-CUBE-AZRTOS-H7.3.5.0
2026-03-10 11:59:58,067 [WARN] PackLoader:240 - Cannot read IP mode file for STMicroelectronics.FP-ATR-ASTRA1.2.0.2
2026-03-10 11:59:58,071 [WARN] PackLoader:240 - Cannot read IP mode file for STMicroelectronics.X-CUBE-SMBUS.2.1.0
2026-03-10 11:59:58,087 [WARN] PackLoader:240 - Cannot read IP mode file for STMicroelectronics.X-CUBE-AZRTOS-F7.1.1.0
2026-03-10 11:59:58,092 [WARN] PackLoader:240 - Cannot read IP mode file for STMicroelectronics.FP-SNS-MOTENV1.5.1.0
2026-03-10 11:59:58,099 [WARN] PackLoader:240 - Cannot read IP mode file for WES.I-CUBE-Cesium.1.4.0
2026-03-10 11:59:58,118 [WARN] PackLoader:240 - Cannot read IP mode file for STMicroelectronics.X-CUBE-AZRTOS-H7.3.4.0
2026-03-10 11:59:58,126 [WARN] PackLoader:240 - Cannot read IP mode file for STMicroelectronics.X-CUBE-DISPLAY.3.0.0
2026-03-10 11:59:58,132 [WARN] PackLoader:240 - Cannot read IP mode file for STMicroelectronics.FP-SNS-MOTENVWB1.1.5.0
2026-03-10 11:59:58,136 [WARN] PackLoader:240 - Cannot read IP mode file for STMicroelectronics.X-CUBE-NFC10.1.0.0
2026-03-10 11:59:58,140 [WARN] PackLoader:240 - Cannot read IP mode file for STMicroelectronics.X-CUBE-ST60.1.1.0
2026-03-10 11:59:58,144 [WARN] PackLoader:240 - Cannot read IP mode file for emotas.I-CUBE-CANOPEN.1.3.0
2026-03-10 11:59:58,147 [WARN] PackLoader:240 - Cannot read IP mode file for STMicroelectronics.X-CUBE-GNSS1.7.1.0
2026-03-10 11:59:58,152 [WARN] PackLoader:240 - Cannot read IP mode file for STMicroelectronics.FP-SNS-STBOX1.2.1.0
2026-03-10 11:59:58,156 [WARN] PackLoader:240 - Cannot read IP mode file for STMicroelectronics.FP-SNS-SMARTAG2.1.2.0
2026-03-10 11:59:58,159 [WARN] PackLoader:240 - Cannot read IP mode file for STMicroelectronics.FP-SNS-FLIGHT1.5.1.0
2026-03-10 11:59:58,164 [INFO] LogOutputStream:77 - [STDOUT_REDIRECT] 1 : Invalid condition id : UX_CORESTACK_Condition cause : null
2026-03-10 11:59:58,165 [INFO] LogOutputStream:77 - [STDOUT_REDIRECT] 1 : Invalid condition id : UX_CORESTACK_Condition cause : null
2026-03-10 11:59:58,165 [INFO] LogOutputStream:77 - [STDOUT_REDIRECT] 1 : Invalid condition id : UX_CORESTACK_Condition cause : null
2026-03-10 11:59:58,165 [INFO] LogOutputStream:77 - [STDOUT_REDIRECT] 1 : Invalid condition id : UX_CORESTACK_Condition cause : null
2026-03-10 11:59:58,165 [INFO] LogOutputStream:77 - [STDOUT_REDIRECT] 1 : Invalid condition id : UX_CORESTACK_Condition cause : null
2026-03-10 11:59:58,167 [WARN] PackLoader:240 - Cannot read IP mode file for STMicroelectronics.X-CUBE-AZRTOS-WL.2.0.0
2026-03-10 11:59:58,179 [WARN] PackLoader:240 - Cannot read IP mode file for STMicroelectronics.X-CUBE-AZRTOS-H7RS.1.2.0
2026-03-10 11:59:58,184 [WARN] PackLoader:240 - Cannot read IP mode file for STMicroelectronics.X-CUBE-BLE2.3.3.0
2026-03-10 11:59:58,208 [WARN] PackLoader:240 - Cannot read IP mode file for Infineon.AIROC-Wi-Fi-Bluetooth-STM32.1.8.0
2026-03-10 11:59:58,217 [WARN] PackLoader:240 - Cannot read IP mode file for STMicroelectronics.X-CUBE-NFC9.1.0.0
2026-03-10 11:59:58,221 [WARN] PackLoader:240 - Cannot read IP mode file for STMicroelectronics.X-CUBE-BLE1.7.1.0
2026-03-10 11:59:58,224 [WARN] PackLoader:240 - Cannot read IP mode file for wolfSSL.I-CUBE-wolfMQTT.1.19.2
2026-03-10 11:59:58,229 [WARN] PackLoader:240 - Cannot read IP mode file for STMicroelectronics.X-CUBE-FREERTOS.1.4.0
2026-03-10 11:59:58,233 [WARN] PackLoader:240 - Cannot read IP mode file for STMicroelectronics.X-CUBE-EEPRMA1.5.2.0
2026-03-10 11:59:58,236 [WARN] PackLoader:240 - Cannot read IP mode file for wolfSSL.I-CUBE-wolfSSL.5.8.4
2026-03-10 11:59:58,239 [WARN] PackLoader:240 - Cannot read IP mode file for Cesanta.I-CUBE-Mongoose.7.20.0
2026-03-10 11:59:58,293 [WARN] PackLoader:240 - Cannot read IP mode file for STMicroelectronics.X-CUBE-MEMS1.12.0.0
2026-03-10 11:59:58,437 [WARN] PackLoader:240 - Cannot read IP mode file for STMicroelectronics.X-CUBE-AZRTOS-G0.1.1.0
2026-03-10 11:59:58,441 [WARN] PackLoader:240 - Cannot read IP mode file for STMicroelectronics.X-CUBE-NFC4.3.0.0
2026-03-10 11:59:58,446 [WARN] PackLoader:240 - Cannot read IP mode file for EmbeddedOffice.I-CUBE-FS-RTOS.1.0.1
2026-03-10 11:59:58,448 [WARN] PackLoader:240 - Cannot read IP mode file for STMicroelectronics.X-CUBE-WB05N.2.0.0
2026-03-10 11:59:58,450 [WARN] PackLoader:240 - Cannot read IP mode file for wolfSSL.I-CUBE-wolfTPM.3.8.0
2026-03-10 11:59:58,453 [WARN] PackLoader:240 - Cannot read IP mode file for STMicroelectronics.X-CUBE-TCPP.4.2.0
2026-03-10 11:59:58,456 [WARN] PackLoader:240 - Cannot read IP mode file for RealThread.X-CUBE-RT-Thread_Nano.4.1.1
2026-03-10 11:59:58,458 [WARN] PackLoader:240 - Cannot read IP mode file for STMicroelectronics.FP-ATR-SIGFOX1.3.2.0
2026-03-10 11:59:58,461 [WARN] PackLoader:240 - Cannot read IP mode file for STMicroelectronics.X-CUBE-FREERTOS.1.5.0
2026-03-10 11:59:58,464 [WARN] PackLoader:240 - Cannot read IP mode file for ITTIA_DB.I-CUBE-ITTIADB.8.9.0
2026-03-10 11:59:58,467 [WARN] PackLoader:240 - Cannot read IP mode file for STMicroelectronics.X-CUBE-NFC6.3.2.0
2026-03-10 11:59:58,470 [WARN] PackLoader:240 - Cannot read IP mode file for STMicroelectronics.X-CUBE-AI.10.2.0
2026-03-10 11:59:58,488 [WARN] PackLoader:240 - Cannot read IP mode file for SEGGER.I-CUBE-embOS.1.3.1
2026-03-10 11:59:58,516 [WARN] PackLoader:240 - Cannot read IP mode file for STMicroelectronics.X-CUBE-ALGOBUILD.1.4.0
2026-03-10 11:59:58,518 [WARN] PackLoader:240 - Cannot read IP mode file for STMicroelectronics.X-CUBE-PM33A1.1.0.0
2026-03-10 11:59:58,526 [WARN] PackLoader:240 - Cannot read IP mode file for STMicroelectronics.X-CUBE-AZRTOS-F4.1.1.0
2026-03-10 11:59:58,529 [WARN] PackLoader:240 - Cannot read IP mode file for STMicroelectronics.X-CUBE-ISPU.2.1.0
2026-03-10 11:59:58,536 [WARN] PackLoader:240 - Cannot read IP mode file for STMicroelectronics.X-CUBE-IPS.3.2.0
2026-03-10 11:59:58,543 [WARN] PackLoader:240 - Cannot read IP mode file for STMicroelectronics.X-CUBE-NFC12.1.0.0
2026-03-10 11:59:58,552 [WARN] PackLoader:240 - Cannot read IP mode file for STMicroelectronics.X-CUBE-AZRTOS-L5.2.0.0
2026-03-10 11:59:58,555 [WARN] PackLoader:240 - Cannot read IP mode file for STMicroelectronics.X-CUBE-TOUCHGFX.4.26.0
2026-03-10 11:59:58,557 [WARN] PackLoader:240 - Cannot read IP mode file for STMicroelectronics.X-CUBE-TOUCHGFX.4.26.1
2026-03-10 11:59:58,559 [WARN] PackLoader:240 - Cannot read IP mode file for STMicroelectronics.FP-SNS-STAIOTCFT.1.0.0
2026-03-10 11:59:58,561 [WARN] PackLoader:240 - Cannot read IP mode file for STMicroelectronics.X-CUBE-DPower.1.3.0
2026-03-10 11:59:58,570 [WARN] ConditionMgr:438 - getConditionDescription Invalid condition id : LAN8742 Phy interface Condition cause : null
2026-03-10 11:59:58,570 [WARN] PackLoader:240 - Cannot read IP mode file for STMicroelectronics.X-CUBE-AZRTOS-L4.2.0.0
2026-03-10 11:59:58,571 [WARN] ConditionMgr:1044 - genDependencies : Invalid condition id : LAN8742 Phy interface Condition cause : null
2026-03-10 11:59:58,571 [WARN] ConditionMgr:1044 - genDependencies : Invalid condition id : LAN8742 Phy interface Condition cause : null
2026-03-10 11:59:58,572 [WARN] ConditionMgr:1044 - genDependencies : Invalid condition id : LAN8742 Phy interface Condition cause : null
2026-03-10 11:59:58,575 [WARN] PackLoader:240 - Cannot read IP mode file for STMicroelectronics.X-CUBE-SFXS2LP1.4.0.0
2026-03-10 11:59:58,578 [WARN] PackLoader:240 - Cannot read IP mode file for STMicroelectronics.X-CUBE-ST67W61.1.2.0
2026-03-10 11:59:58,584 [WARN] PackLoader:240 - Cannot read IP mode file for STMicroelectronics.X-CUBE-BLEMGR.4.1.0
2026-03-10 11:59:58,591 [WARN] ConditionMgr:438 - getConditionDescription Invalid condition id : UX DEVICE CLASS RTOS Condition cause : null
2026-03-10 11:59:58,591 [WARN] ConditionMgr:438 - getConditionDescription Invalid condition id : UX DEVICE CLASS RTOS Condition cause : null
2026-03-10 11:59:58,592 [WARN] PackLoader:240 - Cannot read IP mode file for STMicroelectronics.X-CUBE-AZRTOS-WB.2.0.0
2026-03-10 11:59:58,593 [WARN] ConditionMgr:1044 - genDependencies : Invalid condition id : UX DEVICE CLASS RTOS Condition cause : null
2026-03-10 11:59:58,593 [WARN] ConditionMgr:1044 - genDependencies : Invalid condition id : UX DEVICE CLASS RTOS Condition cause : null
2026-03-10 11:59:58,593 [WARN] ConditionMgr:1044 - genDependencies : Invalid condition id : UX DEVICE CLASS RTOS Condition cause : null
2026-03-10 11:59:58,593 [WARN] ConditionMgr:1044 - genDependencies : Invalid condition id : UX DEVICE CLASS RTOS Condition cause : null
2026-03-10 11:59:58,593 [WARN] ConditionMgr:1044 - genDependencies : Invalid condition id : UX DEVICE CLASS RTOS Condition cause : null
2026-03-10 11:59:58,595 [WARN] ConditionMgr:438 - getConditionDescription Invalid condition id : Cortex-A Device cause : null
2026-03-10 11:59:58,599 [WARN] ConditionMgr:1044 - genDependencies : Invalid condition id : Cortex-A Device cause : null
2026-03-10 11:59:58,599 [WARN] ConditionMgr:1044 - genDependencies : Invalid condition id : Cortex-A Device cause : null
2026-03-10 11:59:58,599 [WARN] ConditionMgr:1044 - genDependencies : Invalid condition id : Cortex-A Device cause : null
2026-03-10 11:59:58,603 [WARN] PackLoader:240 - Cannot read IP mode file for STMicroelectronics.X-CUBE-STSE01.2.0.0
2026-03-10 11:59:58,608 [WARN] PackLoader:240 - Cannot read IP mode file for STMicroelectronics.X-CUBE-SUBG2.5.0.0
2026-03-10 11:59:58,622 [WARN] PackLoader:240 - Cannot read IP mode file for STMicroelectronics.X-CUBE-AZRTOS-G4.2.0.0
2026-03-10 11:59:58,624 [WARN] PackLoader:240 - Cannot read IP mode file for wolfSSL.I-CUBE-wolfSSH.1.4.20
2026-03-10 11:59:58,626 [WARN] PackLoader:240 - Cannot read IP mode file for STMicroelectronics.X-CUBE-NFC7.2.0.0
2026-03-10 11:59:58,628 [WARN] PackLoader:240 - Cannot read IP mode file for STMicroelectronics.X-CUBE-ALS.1.0.2
2026-03-10 11:59:58,634 [WARN] PackLoader:240 - Cannot read IP mode file for STMicroelectronics.X-CUBE-TOF1.3.4.3
2026-03-10 11:59:58,640 [INFO] ThirdParty:978 - Integrity check success = true
2026-03-10 11:59:58,640 [INFO] IntegrityCheckThread:100 - exiting critical section [integrity check]
2026-03-10 11:59:58,640 [INFO] IntegrityCheckThread:103 - End integrity checks thread
2026-03-10 12:00:21,819 [ERROR] LogOutputStream:75 - [STDERR_REDIRECT] 
