2025-08-28 00:14:51,368 [ERROR] LogOutputStream:75 - [STDERR_REDIRECT] 
2025-08-28 08:19:20,043 [INFO] Activator:176 - 


2025-08-28 08:19:20,044 [INFO] Activator:177 - !SESSION log4j initialized
2025-08-28 08:19:26,342 [INFO] LogOutputStream:77 - [STDOUT_REDIRECT] 
2025-08-28 08:19:27,419 [INFO] ApplicationProperties:184 - Using Application install path: C:\ST\STM32CubeIDE_1.19.0\STM32CubeIDE\plugins\com.st.stm32cube.common.mx_6.15.0.202507011659
2025-08-28 08:19:27,446 [INFO] DbMcusXml:78 - Set database path to: C:\ST\STM32CubeIDE_1.19.0\STM32CubeIDE\plugins\com.st.stm32cube.common.mx_6.15.0.202507011659\\db\/mcu/
2025-08-28 08:19:27,446 [INFO] ApiDb:274 - Set plugin database path to: C:\ST\STM32CubeIDE_1.19.0\STM32CubeIDE\plugins\com.st.stm32cube.common.mx_6.15.0.202507011659\\db\/plugins/boardmanager/
2025-08-28 08:19:27,447 [WARN] ApiDb:259 - Overriding images path with different value:  => C:\ST\STM32CubeIDE_1.19.0\STM32CubeIDE\plugins\com.st.stm32cube.common.mx_6.15.0.202507011659\\db\/plugins/mcufinder/images/
2025-08-28 08:19:27,463 [INFO] ApiDb:250 - Set database path to: C:\Users\matth_ik1hap6\.stmcufinder\plugins\mcufinder//mcu/
2025-08-28 08:19:27,465 [INFO] DbMcusAds:125 - Set database path to: C:\Users\matth_ik1hap6\.stmcufinder\plugins\mcufinder//mcu/
2025-08-28 08:19:27,470 [INFO] CrossReferenceDbSqlite:203 - Set database path to: C:\Users\matth_ik1hap6\.stmcufinder\plugins\mcufinder//mcu/cs/
2025-08-28 08:19:27,631 [INFO] RulesReader:64 - Compatibility file has been processed (317 Rules)
2025-08-28 08:19:27,762 [INFO] DbMcusXml:78 - Set database path to: C:\ST\STM32CubeIDE_1.19.0\STM32CubeIDE\plugins\com.st.stm32cube.common.mx_6.15.0.202507011659\\db\/mcu/
2025-08-28 08:19:27,762 [INFO] ApiDb:274 - Set plugin database path to: C:\ST\STM32CubeIDE_1.19.0\STM32CubeIDE\plugins\com.st.stm32cube.common.mx_6.15.0.202507011659\\db\/plugins/boardmanager/
2025-08-28 08:19:27,762 [INFO] ApiDb:261 - Set plugin images path to: C:\ST\STM32CubeIDE_1.19.0\STM32CubeIDE\plugins\com.st.stm32cube.common.mx_6.15.0.202507011659\\db\/plugins/mcufinder/images/
2025-08-28 08:19:27,763 [WARN] DbFile:41 - Overriding database path with different value: C:\Users\matth_ik1hap6\.stmcufinder\plugins\mcufinder/ => C:\Users\matth_ik1hap6\.stmcufinder\plugins\mcufinder
2025-08-28 08:19:27,763 [INFO] ApiDb:250 - Set database path to: C:\Users\matth_ik1hap6\.stmcufinder\plugins\mcufinder//mcu/
2025-08-28 08:19:27,763 [WARN] DbFile:41 - Overriding database path with different value: C:\Users\matth_ik1hap6\.stmcufinder\plugins\mcufinder/ => C:\Users\matth_ik1hap6\.stmcufinder\plugins\mcufinder
2025-08-28 08:19:27,763 [INFO] DbMcusAds:125 - Set database path to: C:\Users\matth_ik1hap6\.stmcufinder\plugins\mcufinder//mcu/
2025-08-28 08:19:27,763 [WARN] DbFile:41 - Overriding database path with different value: C:\Users\matth_ik1hap6\.stmcufinder\plugins\mcufinder/ => C:\Users\matth_ik1hap6\.stmcufinder\plugins\mcufinder
2025-08-28 08:19:27,763 [WARN] DbFile:41 - Overriding database path with different value: C:\Users\matth_ik1hap6\.stmcufinder\plugins\mcufinder/ => C:\Users\matth_ik1hap6\.stmcufinder\plugins\mcufinder
2025-08-28 08:19:27,763 [INFO] CrossReferenceDbSqlite:203 - Set database path to: C:\Users\matth_ik1hap6\.stmcufinder\plugins\mcufinder//mcu/cs/
2025-08-28 08:19:27,871 [INFO] MainPanel:274 - HeapMemory: 268435456
2025-08-28 08:19:28,045 [INFO] DbMcusXml:78 - Set database path to: C:\ST\STM32CubeIDE_1.19.0\STM32CubeIDE\plugins\com.st.stm32cube.common.mx_6.15.0.202507011659\\db\/mcu/
2025-08-28 08:19:28,045 [INFO] ApiDb:274 - Set plugin database path to: C:\ST\STM32CubeIDE_1.19.0\STM32CubeIDE\plugins\com.st.stm32cube.common.mx_6.15.0.202507011659\\db\/plugins/boardmanager/
2025-08-28 08:19:28,046 [INFO] ApiDb:261 - Set plugin images path to: C:\ST\STM32CubeIDE_1.19.0\STM32CubeIDE\plugins\com.st.stm32cube.common.mx_6.15.0.202507011659\\db\/plugins/mcufinder/images/
2025-08-28 08:19:28,046 [WARN] DbFile:41 - Overriding database path with different value: C:\Users\matth_ik1hap6\.stmcufinder\plugins\mcufinder/ => C:\Users\matth_ik1hap6\.stmcufinder\plugins\mcufinder
2025-08-28 08:19:28,046 [INFO] ApiDb:250 - Set database path to: C:\Users\matth_ik1hap6\.stmcufinder\plugins\mcufinder//mcu/
2025-08-28 08:19:28,047 [WARN] DbFile:41 - Overriding database path with different value: C:\Users\matth_ik1hap6\.stmcufinder\plugins\mcufinder/ => C:\Users\matth_ik1hap6\.stmcufinder\plugins\mcufinder
2025-08-28 08:19:28,047 [INFO] DbMcusAds:125 - Set database path to: C:\Users\matth_ik1hap6\.stmcufinder\plugins\mcufinder//mcu/
2025-08-28 08:19:28,047 [WARN] DbFile:41 - Overriding database path with different value: C:\Users\matth_ik1hap6\.stmcufinder\plugins\mcufinder/ => C:\Users\matth_ik1hap6\.stmcufinder\plugins\mcufinder
2025-08-28 08:19:28,047 [WARN] DbFile:41 - Overriding database path with different value: C:\Users\matth_ik1hap6\.stmcufinder\plugins\mcufinder/ => C:\Users\matth_ik1hap6\.stmcufinder\plugins\mcufinder
2025-08-28 08:19:28,047 [INFO] CrossReferenceDbSqlite:203 - Set database path to: C:\Users\matth_ik1hap6\.stmcufinder\plugins\mcufinder//mcu/cs/
2025-08-28 08:19:28,075 [INFO] ApplicationProperties:184 - Using Application install path: C:\ST\STM32CubeIDE_1.19.0\STM32CubeIDE\plugins\com.st.stm32cube.common.mx_6.15.0.202507011659
2025-08-28 08:19:28,078 [INFO] PluginManage:196 - Search for loadable plugins [exclusion list=, ]
2025-08-28 08:19:28,080 [INFO] PluginManage:310 - Check plugin analytics
2025-08-28 08:19:28,353 [INFO] AnalyticsPlugin:253 - Accepted Software Licenses: 
2025-08-28 08:19:28,353 [INFO] AnalyticsPlugin:255 - Accepted CMSIS Pack Licenses: 
2025-08-28 08:19:28,353 [INFO] AnalyticsPlugin:257 - Accepted Firmware Licenses: FW.L4.1.18.0
2025-08-28 08:19:28,356 [INFO] PluginManage:359 - Loaded plugin analytics (category:tool,tabindex:-1)
2025-08-28 08:19:28,357 [INFO] PluginManage:310 - Check plugin cadmodel
2025-08-28 08:19:28,365 [INFO] CADModel:105 - Init CAD model plugin
2025-08-28 08:19:28,366 [INFO] PluginManage:359 - Loaded plugin cadmodel (category:power,tabindex:5)
2025-08-28 08:19:28,366 [INFO] PluginManage:310 - Check plugin clock
2025-08-28 08:19:28,384 [INFO] PluginManage:359 - Loaded plugin clock (category:base,tabindex:2)
2025-08-28 08:19:28,384 [INFO] PluginManage:310 - Check plugin ddr
2025-08-28 08:19:28,388 [INFO] PluginManage:359 - Loaded plugin ddr (category:tool,tabindex:6)
2025-08-28 08:19:28,389 [INFO] PluginManage:310 - Check plugin filemanager
2025-08-28 08:19:28,622 [INFO] PluginManage:359 - Loaded plugin filemanager (category:base,tabindex:10)
2025-08-28 08:19:28,623 [INFO] PluginManage:310 - Check plugin ipmanager
2025-08-28 08:19:28,633 [INFO] PluginManage:359 - Loaded plugin ipmanager (category:base,tabindex:5)
2025-08-28 08:19:28,633 [INFO] PluginManage:310 - Check plugin lpbam
2025-08-28 08:19:28,645 [INFO] PluginManage:359 - Loaded plugin lpbam (category:base,tabindex:0)
2025-08-28 08:19:28,646 [INFO] PluginManage:310 - Check plugin memorymap
2025-08-28 08:19:28,667 [INFO] PluginManage:359 - Loaded plugin memorymap (category:base,tabindex:4)
2025-08-28 08:19:28,668 [INFO] PluginManage:310 - Check plugin pinoutandconfiguration
2025-08-28 08:19:28,682 [INFO] PluginManage:359 - Loaded plugin pinoutandconfiguration (category:base,tabindex:1)
2025-08-28 08:19:28,683 [INFO] PluginManage:310 - Check plugin pinoutconfig
2025-08-28 08:19:28,849 [WARN] SupportedApi:132 - Cannot load RTOS API schema: s4s-elt-must-match.1: The content of 'definitions' must match (annotation?, (simpleType | complexType)?, (unique | key | keyref)*)). A problem was found starting at: attribute.
2025-08-28 08:19:29,110 [INFO] PluginManage:359 - Loaded plugin pinoutconfig (category:base,tabindex:0)
2025-08-28 08:19:29,111 [INFO] PluginManage:310 - Check plugin power
2025-08-28 08:19:29,125 [INFO] PluginManage:359 - Loaded plugin power (category:power,tabindex:4)
2025-08-28 08:19:29,125 [INFO] PluginManage:310 - Check plugin projectmanager
2025-08-28 08:19:29,150 [INFO] PluginManage:359 - Loaded plugin projectmanager (category:projectmanager,tabindex:4)
2025-08-28 08:19:29,151 [INFO] PluginManage:310 - Check plugin rif
2025-08-28 08:19:29,166 [INFO] PluginManage:359 - Loaded plugin rif (category:base,tabindex:3)
2025-08-28 08:19:29,166 [INFO] PluginManage:310 - Check plugin thirdparty
2025-08-28 08:19:29,390 [INFO] PluginManage:359 - Loaded plugin thirdparty (category:base,tabindex:-1)
2025-08-28 08:19:29,390 [WARN] IntegrityCheckThread:84 - waiting for thirdparty lock release [integrity check]
2025-08-28 08:19:29,390 [INFO] IntegrityCheckThread:86 - entering critical section [integrity check]
2025-08-28 08:19:29,390 [INFO] PluginManage:310 - Check plugin tools
2025-08-28 08:19:29,391 [INFO] ThirdPartyUpdaterWithRetryManager:70 - Updater plugin not ready yet. [1/15]
2025-08-28 08:19:29,395 [INFO] PluginManage:359 - Loaded plugin tools (category:base,tabindex:7)
2025-08-28 08:19:29,395 [INFO] PluginManage:310 - Check plugin tutovideos
2025-08-28 08:19:29,695 [INFO] PluginManage:359 - Loaded plugin tutovideos (category:base,tabindex:-1)
2025-08-28 08:19:29,695 [INFO] PluginManage:310 - Check plugin updater
2025-08-28 08:19:29,725 [INFO] PluginManage:359 - Loaded plugin updater (category:base,tabindex:12)
2025-08-28 08:19:29,725 [INFO] PluginManage:310 - Check plugin userauth
2025-08-28 08:19:29,732 [INFO] UserAuth:118 - Init User Auth plugin
2025-08-28 08:19:29,734 [INFO] PluginManage:359 - Loaded plugin userauth (category:base,tabindex:14)
2025-08-28 08:19:29,735 [INFO] PluginManage:283 - PluginManage : Loaded plugins [18]
2025-08-28 08:19:30,066 [INFO] PinOutPanel:1589 - setPackage(No Configuration,No Configuration)
2025-08-28 08:19:30,199 [INFO] CADModel:165 - CPN selected for project level
2025-08-28 08:19:30,199 [INFO] CADModel:114 - Register for checkConnection events
2025-08-28 08:19:30,238 [INFO] IPUIPlugin:80 - create IPUIPlugin
2025-08-28 08:19:30,238 [INFO] PluginManager:220 - loadIPPluginJar : add adc
2025-08-28 08:19:30,244 [INFO] IPUIPlugin:80 - create IPUIPlugin
2025-08-28 08:19:30,245 [INFO] PluginManager:220 - loadIPPluginJar : add aes
2025-08-28 08:19:30,249 [INFO] IPUIPlugin:80 - create IPUIPlugin
2025-08-28 08:19:30,250 [INFO] PluginManager:220 - loadIPPluginJar : add can
2025-08-28 08:19:30,253 [INFO] IPUIPlugin:80 - create IPUIPlugin
2025-08-28 08:19:30,253 [INFO] PluginManager:220 - loadIPPluginJar : add comp
2025-08-28 08:19:30,258 [INFO] IPUIPlugin:80 - create IPUIPlugin
2025-08-28 08:19:30,258 [INFO] PluginManager:220 - loadIPPluginJar : add cryp
2025-08-28 08:19:30,263 [INFO] IPUIPlugin:80 - create IPUIPlugin
2025-08-28 08:19:30,263 [INFO] PluginManager:220 - loadIPPluginJar : add ddr_ctrl_phy
2025-08-28 08:19:30,268 [INFO] IPUIPlugin:80 - create IPUIPlugin
2025-08-28 08:19:30,268 [INFO] PluginManager:220 - loadIPPluginJar : add dfsdm
2025-08-28 08:19:30,277 [INFO] IPUIPlugin:80 - create IPUIPlugin
2025-08-28 08:19:30,278 [INFO] PluginManager:220 - loadIPPluginJar : add dma
2025-08-28 08:19:30,283 [INFO] IPUIPlugin:80 - create IPUIPlugin
2025-08-28 08:19:30,283 [INFO] PluginManager:220 - loadIPPluginJar : add dma3
2025-08-28 08:19:30,287 [INFO] IPUIPlugin:80 - create IPUIPlugin
2025-08-28 08:19:30,288 [INFO] PluginManager:220 - loadIPPluginJar : add extmemmanager
2025-08-28 08:19:30,290 [INFO] IPUIPlugin:80 - create IPUIPlugin
2025-08-28 08:19:30,291 [INFO] PluginManager:220 - loadIPPluginJar : add fatfs
2025-08-28 08:19:30,298 [INFO] IPUIPlugin:80 - create IPUIPlugin
2025-08-28 08:19:30,299 [INFO] PluginManager:220 - loadIPPluginJar : add fmc
2025-08-28 08:19:30,312 [INFO] IPUIPlugin:80 - create IPUIPlugin
2025-08-28 08:19:30,313 [INFO] PluginManager:220 - loadIPPluginJar : add freertos
2025-08-28 08:19:30,317 [INFO] IPUIPlugin:80 - create IPUIPlugin
2025-08-28 08:19:30,317 [INFO] PluginManager:220 - loadIPPluginJar : add genericplugin
2025-08-28 08:19:30,324 [INFO] IPUIPlugin:80 - create IPUIPlugin
2025-08-28 08:19:30,324 [INFO] PluginManager:220 - loadIPPluginJar : add gfxmmu
2025-08-28 08:19:30,336 [INFO] IPUIPlugin:80 - create IPUIPlugin
2025-08-28 08:19:30,336 [INFO] PluginManager:220 - loadIPPluginJar : add gic
2025-08-28 08:19:30,347 [INFO] IPUIPlugin:80 - create IPUIPlugin
2025-08-28 08:19:30,348 [INFO] PluginManager:220 - loadIPPluginJar : add gpio
2025-08-28 08:19:30,354 [INFO] IPUIPlugin:80 - create IPUIPlugin
2025-08-28 08:19:30,354 [INFO] PluginManager:220 - loadIPPluginJar : add gtzc
2025-08-28 08:19:30,360 [INFO] IPUIPlugin:80 - create IPUIPlugin
2025-08-28 08:19:30,360 [INFO] PluginManager:220 - loadIPPluginJar : add hash
2025-08-28 08:19:30,368 [INFO] IPUIPlugin:80 - create IPUIPlugin
2025-08-28 08:19:30,369 [INFO] PluginManager:220 - loadIPPluginJar : add i2c
2025-08-28 08:19:30,374 [INFO] IPUIPlugin:80 - create IPUIPlugin
2025-08-28 08:19:30,375 [INFO] PluginManager:220 - loadIPPluginJar : add i2s
2025-08-28 08:19:30,382 [INFO] IPUIPlugin:80 - create IPUIPlugin
2025-08-28 08:19:30,382 [INFO] PluginManager:220 - loadIPPluginJar : add i3c
2025-08-28 08:19:30,390 [INFO] IPUIPlugin:80 - create IPUIPlugin
2025-08-28 08:19:30,391 [INFO] PluginManager:220 - loadIPPluginJar : add ipddr
2025-08-28 08:19:30,402 [INFO] IPUIPlugin:80 - create IPUIPlugin
2025-08-28 08:19:30,403 [INFO] PluginManager:220 - loadIPPluginJar : add linkedlist
2025-08-28 08:19:30,407 [INFO] IPUIPlugin:80 - create IPUIPlugin
2025-08-28 08:19:30,408 [INFO] PluginManager:220 - loadIPPluginJar : add lorawan
2025-08-28 08:19:30,410 [INFO] IPUIPlugin:80 - create IPUIPlugin
2025-08-28 08:19:30,411 [INFO] PluginManager:220 - loadIPPluginJar : add ltdc
2025-08-28 08:19:30,420 [INFO] IPUIPlugin:80 - create IPUIPlugin
2025-08-28 08:19:30,420 [INFO] PluginManager:220 - loadIPPluginJar : add mdma
2025-08-28 08:19:30,426 [INFO] IPUIPlugin:80 - create IPUIPlugin
2025-08-28 08:19:30,426 [INFO] PluginManager:220 - loadIPPluginJar : add nvic
2025-08-28 08:19:30,431 [INFO] IPUIPlugin:80 - create IPUIPlugin
2025-08-28 08:19:30,431 [INFO] PluginManager:220 - loadIPPluginJar : add opamp
2025-08-28 08:19:30,436 [INFO] IPUIPlugin:80 - create IPUIPlugin
2025-08-28 08:19:30,437 [INFO] PluginManager:220 - loadIPPluginJar : add openamp
2025-08-28 08:19:30,442 [INFO] IPUIPlugin:80 - create IPUIPlugin
2025-08-28 08:19:30,442 [INFO] PluginManager:220 - loadIPPluginJar : add pdm2pcm
2025-08-28 08:19:30,452 [INFO] IPUIPlugin:80 - create IPUIPlugin
2025-08-28 08:19:30,455 [INFO] PluginManager:220 - loadIPPluginJar : add plateformsettings
2025-08-28 08:19:30,458 [INFO] IPUIPlugin:80 - create IPUIPlugin
2025-08-28 08:19:30,458 [INFO] PluginManager:220 - loadIPPluginJar : add quadspi
2025-08-28 08:19:30,462 [INFO] IPUIPlugin:80 - create IPUIPlugin
2025-08-28 08:19:30,464 [INFO] PluginManager:220 - loadIPPluginJar : add radio
2025-08-28 08:19:30,471 [INFO] IPUIPlugin:80 - create IPUIPlugin
2025-08-28 08:19:30,472 [INFO] PluginManager:220 - loadIPPluginJar : add resmgrutility
2025-08-28 08:19:30,477 [INFO] IPUIPlugin:80 - create IPUIPlugin
2025-08-28 08:19:30,478 [INFO] PluginManager:220 - loadIPPluginJar : add sai
2025-08-28 08:19:30,484 [INFO] IPUIPlugin:80 - create IPUIPlugin
2025-08-28 08:19:30,485 [INFO] PluginManager:220 - loadIPPluginJar : add spi
2025-08-28 08:19:30,495 [INFO] IPUIPlugin:80 - create IPUIPlugin
2025-08-28 08:19:30,495 [INFO] PluginManager:220 - loadIPPluginJar : add stm32_wpan
2025-08-28 08:19:30,500 [INFO] IPUIPlugin:80 - create IPUIPlugin
2025-08-28 08:19:30,500 [INFO] PluginManager:220 - loadIPPluginJar : add tim
2025-08-28 08:19:30,505 [INFO] IPUIPlugin:80 - create IPUIPlugin
2025-08-28 08:19:30,506 [INFO] PluginManager:220 - loadIPPluginJar : add touchsensing
2025-08-28 08:19:30,509 [INFO] IPUIPlugin:80 - create IPUIPlugin
2025-08-28 08:19:30,509 [INFO] PluginManager:220 - loadIPPluginJar : add tracer_emb
2025-08-28 08:19:30,513 [INFO] IPUIPlugin:80 - create IPUIPlugin
2025-08-28 08:19:30,513 [INFO] PluginManager:220 - loadIPPluginJar : add ts
2025-08-28 08:19:30,516 [INFO] IPUIPlugin:80 - create IPUIPlugin
2025-08-28 08:19:30,516 [INFO] PluginManager:220 - loadIPPluginJar : add tsc
2025-08-28 08:19:30,519 [INFO] IPUIPlugin:80 - create IPUIPlugin
2025-08-28 08:19:30,520 [INFO] PluginManager:220 - loadIPPluginJar : add ucpd
2025-08-28 08:19:30,524 [INFO] IPUIPlugin:80 - create IPUIPlugin
2025-08-28 08:19:30,524 [INFO] PluginManager:220 - loadIPPluginJar : add usart
2025-08-28 08:19:30,529 [INFO] IPUIPlugin:80 - create IPUIPlugin
2025-08-28 08:19:30,529 [INFO] PluginManager:220 - loadIPPluginJar : add usbx
2025-08-28 08:19:30,685 [FATAL] Updater:351 - Updater called before beeing initialized
2025-08-28 08:19:30,721 [INFO] RulesReader:64 - Compatibility file has been processed (317 Rules)
2025-08-28 08:19:30,736 [INFO] RulesReader:64 - Compatibility file has been processed (317 Rules)
2025-08-28 08:19:30,747 [INFO] CADModel:165 - CPN selected for project level
2025-08-28 08:19:30,747 [INFO] CADModel:114 - Register for checkConnection events
2025-08-28 08:19:30,747 [FATAL] Updater:351 - Updater called before beeing initialized
2025-08-28 08:19:30,747 [ERROR] CADModel:125 - Updater not yet initialized, retry later 
2025-08-28 08:19:30,956 [FATAL] Updater:351 - Updater called before beeing initialized
2025-08-28 08:19:30,959 [INFO] CADModel:165 - CPN selected for project level
2025-08-28 08:19:30,959 [INFO] CADModel:114 - Register for checkConnection events
2025-08-28 08:19:30,959 [FATAL] Updater:351 - Updater called before beeing initialized
2025-08-28 08:19:30,959 [ERROR] CADModel:125 - Updater not yet initialized, retry later 
2025-08-28 08:19:30,962 [FATAL] Updater:351 - Updater called before beeing initialized
2025-08-28 08:19:31,084 [FATAL] Updater:351 - Updater called before beeing initialized
2025-08-28 08:19:31,089 [INFO] DbMcusAds:53 - JSON generation date=Tue Jul 08 12:14:23 GST 2025 (1751962463582)
2025-08-28 08:19:31,089 [FATAL] Updater:351 - Updater called before beeing initialized
2025-08-28 08:19:31,136 [WARN] DetailPanel:346 - Failed to get advertising image, set to default
2025-08-28 08:19:31,226 [FATAL] Updater:351 - Updater called before beeing initialized
2025-08-28 08:19:31,228 [FATAL] Updater:351 - Updater called before beeing initialized
2025-08-28 08:19:31,228 [FATAL] Updater:351 - Updater called before beeing initialized
2025-08-28 08:19:31,228 [WARN] DetailPanel:346 - Failed to get advertising image, set to default
2025-08-28 08:19:31,229 [FATAL] Updater:351 - Updater called before beeing initialized
2025-08-28 08:19:31,284 [ERROR] Updater:1198 - MainUpdater not yet initialized. External WinMGr cannot be set.
2025-08-28 08:19:31,288 [INFO] Updater:1134 - Updater Version found : 6.15.0
2025-08-28 08:19:31,319 [INFO] ApplicationProperties:184 - Using Application install path: C:\ST\STM32CubeIDE_1.19.0\STM32CubeIDE\plugins\com.st.stm32cube.common.mx_6.15.0.202507011659
2025-08-28 08:19:32,392 [INFO] ThirdPartyUpdaterWithRetryManager:70 - Updater plugin not ready yet. [2/15]
2025-08-28 08:19:32,901 [ERROR] LogOutputStream:75 - [STDERR_REDIRECT] Aug 28, 2025 8:19:32 AM java.util.prefs.WindowsPreferences <init>
2025-08-28 08:19:32,903 [ERROR] LogOutputStream:75 - [STDERR_REDIRECT] WARNING: Could not open/create prefs root node Software\JavaSoft\Prefs at root 0xffffffff80000002. Windows RegCreateKeyEx(...) returned error code 5.
2025-08-28 08:19:32,904 [ERROR] LogOutputStream:75 - [STDERR_REDIRECT] 
2025-08-28 08:19:33,762 [INFO] MainUpdater:2872 - connection check result : 10
2025-08-28 08:19:33,763 [INFO] MainUpdater:289 - Updater Check For Update Now.
2025-08-28 08:19:33,763 [INFO] MicroXplorer:498 - Change Database Version : DB.6.0.150
2025-08-28 08:19:33,772 [INFO] McuFinderGlobals:63 - Set McuFinder mode to 2 (CubeIDE integrated)
2025-08-28 08:19:33,773 [INFO] UserAuth:171 - activating auth plugin
2025-08-28 08:19:33,777 [INFO] UserAuth:487 - Internet connection configuration mode: 1
2025-08-28 08:19:33,839 [INFO] JxBrowserEngine:152 - Initiate JxBrowser Engine with user profile folder
2025-08-28 08:19:34,047 [INFO] CheckServerUpdateThread:120 - End of CheckServer Thread
2025-08-28 08:19:35,772 [WARN] PackLoader:240 - Cannot read IP mode file for STMicroelectronics.FP-SNS-MOTENVWB1.1.4.0
2025-08-28 08:19:35,787 [WARN] PackLoader:240 - Cannot read IP mode file for STMicroelectronics.FP-ATR-ASTRA1.2.0.2
2025-08-28 08:19:35,811 [WARN] PackLoader:240 - Cannot read IP mode file for STMicroelectronics.X-CUBE-SMBUS.2.1.0
2025-08-28 08:19:35,837 [WARN] PackLoader:240 - Cannot read IP mode file for STMicroelectronics.X-CUBE-ST60.1.0.0
2025-08-28 08:19:35,913 [WARN] PackLoader:240 - Cannot read IP mode file for STMicroelectronics.X-CUBE-AZRTOS-F7.1.1.0
2025-08-28 08:19:36,030 [WARN] PackLoader:240 - Cannot read IP mode file for Infineon.AIROC-Wi-Fi-Bluetooth-STM32.1.7.1
2025-08-28 08:19:36,115 [WARN] PackLoader:240 - Cannot read IP mode file for STMicroelectronics.X-CUBE-AZRTOS-H7.3.4.0
2025-08-28 08:19:36,138 [WARN] PackLoader:240 - Cannot read IP mode file for STMicroelectronics.X-CUBE-DISPLAY.3.0.0
2025-08-28 08:19:36,163 [WARN] PackLoader:240 - Cannot read IP mode file for STMicroelectronics.X-CUBE-NFC10.1.0.0
2025-08-28 08:19:36,176 [WARN] PackLoader:240 - Cannot read IP mode file for emotas.I-CUBE-CANOPEN.1.3.0
2025-08-28 08:19:36,186 [WARN] PackLoader:240 - Cannot read IP mode file for STMicroelectronics.FP-SNS-STBOX1.2.1.0
2025-08-28 08:19:36,197 [WARN] PackLoader:240 - Cannot read IP mode file for STMicroelectronics.FP-SNS-SMARTAG2.1.2.0
2025-08-28 08:19:36,206 [WARN] PackLoader:240 - Cannot read IP mode file for STMicroelectronics.FP-SNS-FLIGHT1.5.1.0
2025-08-28 08:19:36,222 [INFO] LogOutputStream:77 - [STDOUT_REDIRECT] 1 : Invalid condition id : UX_CORESTACK_Condition cause : null
2025-08-28 08:19:36,224 [INFO] LogOutputStream:77 - [STDOUT_REDIRECT] 1 : Invalid condition id : UX_CORESTACK_Condition cause : null
2025-08-28 08:19:36,230 [INFO] LogOutputStream:77 - [STDOUT_REDIRECT] 1 : Invalid condition id : UX_CORESTACK_Condition cause : null
2025-08-28 08:19:36,231 [INFO] LogOutputStream:77 - [STDOUT_REDIRECT] 1 : Invalid condition id : UX_CORESTACK_Condition cause : null
2025-08-28 08:19:36,232 [INFO] LogOutputStream:77 - [STDOUT_REDIRECT] 1 : Invalid condition id : UX_CORESTACK_Condition cause : null
2025-08-28 08:19:36,241 [WARN] PackLoader:240 - Cannot read IP mode file for STMicroelectronics.X-CUBE-AZRTOS-WL.2.0.0
2025-08-28 08:19:36,250 [WARN] PackLoader:240 - Cannot read IP mode file for STMicroelectronics.FP-SNS-MOTENV1.5.0.0
2025-08-28 08:19:36,263 [WARN] PackLoader:240 - Cannot read IP mode file for WES.I-CUBE-Cesium.1.3.0
2025-08-28 08:19:36,276 [WARN] PackLoader:240 - Cannot read IP mode file for STMicroelectronics.X-CUBE-BLE2.3.3.0
2025-08-28 08:19:36,287 [WARN] PackLoader:240 - Cannot read IP mode file for STMicroelectronics.X-CUBE-NFC9.1.0.0
2025-08-28 08:19:36,297 [WARN] PackLoader:240 - Cannot read IP mode file for wolfSSL.I-CUBE-wolfSSL.5.8.2
2025-08-28 08:19:36,312 [WARN] PackLoader:240 - Cannot read IP mode file for STMicroelectronics.X-CUBE-BLE1.7.1.0
2025-08-28 08:19:36,318 [WARN] PackLoader:240 - Cannot read IP mode file for wolfSSL.I-CUBE-wolfMQTT.1.19.2
2025-08-28 08:19:36,328 [WARN] PackLoader:240 - Cannot read IP mode file for STMicroelectronics.X-CUBE-EEPRMA1.5.2.0
2025-08-28 08:19:36,352 [WARN] PackLoader:240 - Cannot read IP mode file for STMicroelectronics.X-CUBE-AZRTOS-G0.1.1.0
2025-08-28 08:19:36,361 [WARN] PackLoader:240 - Cannot read IP mode file for STMicroelectronics.X-CUBE-SAFEA1.1.2.2
2025-08-28 08:19:36,377 [WARN] PackLoader:240 - Cannot read IP mode file for STMicroelectronics.X-CUBE-NFC4.3.0.0
2025-08-28 08:19:36,394 [WARN] PackLoader:240 - Cannot read IP mode file for EmbeddedOffice.I-CUBE-FS-RTOS.1.0.1
2025-08-28 08:19:36,404 [WARN] PackLoader:240 - Cannot read IP mode file for STMicroelectronics.X-CUBE-WB05N.2.0.0
2025-08-28 08:19:36,411 [WARN] PackLoader:240 - Cannot read IP mode file for wolfSSL.I-CUBE-wolfTPM.3.8.0
2025-08-28 08:19:36,418 [WARN] PackLoader:240 - Cannot read IP mode file for STMicroelectronics.X-CUBE-TCPP.4.2.0
2025-08-28 08:19:36,427 [WARN] PackLoader:240 - Cannot read IP mode file for RealThread.X-CUBE-RT-Thread_Nano.4.1.1
2025-08-28 08:19:36,433 [WARN] PackLoader:240 - Cannot read IP mode file for STMicroelectronics.FP-ATR-SIGFOX1.3.2.0
2025-08-28 08:19:36,445 [WARN] PackLoader:240 - Cannot read IP mode file for ITTIA_DB.I-CUBE-ITTIADB.8.9.0
2025-08-28 08:19:36,451 [WARN] PackLoader:240 - Cannot read IP mode file for STMicroelectronics.X-CUBE-ST67W61.1.0.0
2025-08-28 08:19:36,461 [WARN] PackLoader:240 - Cannot read IP mode file for STMicroelectronics.X-CUBE-AI.10.2.0
2025-08-28 08:19:36,591 [WARN] PackLoader:240 - Cannot read IP mode file for SEGGER.I-CUBE-embOS.1.3.1
2025-08-28 08:19:36,660 [WARN] PackLoader:240 - Cannot read IP mode file for STMicroelectronics.X-CUBE-ALGOBUILD.1.4.0
2025-08-28 08:19:36,709 [WARN] PackLoader:240 - Cannot read IP mode file for STMicroelectronics.X-CUBE-MEMS1.11.3.0
2025-08-28 08:19:36,843 [WARN] PackLoader:240 - Cannot read IP mode file for STMicroelectronics.X-CUBE-PM33A1.1.0.0
2025-08-28 08:19:36,862 [WARN] PackLoader:240 - Cannot read IP mode file for STMicroelectronics.X-CUBE-AZRTOS-F4.1.1.0
2025-08-28 08:19:36,870 [WARN] PackLoader:240 - Cannot read IP mode file for Avnet-IotConnect.X-CUBE-IoTC-DA16k-PMOD.1.0.0
2025-08-28 08:19:36,880 [WARN] PackLoader:240 - Cannot read IP mode file for STMicroelectronics.X-CUBE-ISPU.2.1.0
2025-08-28 08:19:36,888 [WARN] PackLoader:240 - Cannot read IP mode file for STMicroelectronics.X-CUBE-NFC12.1.0.0
2025-08-28 08:19:36,909 [WARN] PackLoader:240 - Cannot read IP mode file for STMicroelectronics.X-CUBE-AZRTOS-L5.2.0.0
2025-08-28 08:19:36,922 [WARN] PackLoader:240 - Cannot read IP mode file for STMicroelectronics.X-CUBE-NFC6.3.1.0
2025-08-28 08:19:36,937 [WARN] PackLoader:240 - Cannot read IP mode file for STMicroelectronics.X-CUBE-FREERTOS.1.3.1
2025-08-28 08:19:36,947 [WARN] PackLoader:240 - Cannot read IP mode file for STMicroelectronics.FP-SNS-STAIOTCFT.1.0.0
2025-08-28 08:19:36,956 [WARN] PackLoader:240 - Cannot read IP mode file for STMicroelectronics.X-CUBE-DPower.1.3.0
2025-08-28 08:19:36,974 [WARN] ConditionMgr:438 - getConditionDescription Invalid condition id : LAN8742 Phy interface Condition cause : null
2025-08-28 08:19:36,975 [WARN] PackLoader:240 - Cannot read IP mode file for STMicroelectronics.X-CUBE-AZRTOS-L4.2.0.0
2025-08-28 08:19:36,976 [WARN] ConditionMgr:1044 - genDependencies : Invalid condition id : LAN8742 Phy interface Condition cause : null
2025-08-28 08:19:36,977 [WARN] ConditionMgr:1044 - genDependencies : Invalid condition id : LAN8742 Phy interface Condition cause : null
2025-08-28 08:19:36,977 [WARN] ConditionMgr:1044 - genDependencies : Invalid condition id : LAN8742 Phy interface Condition cause : null
2025-08-28 08:19:36,986 [WARN] PackLoader:240 - Cannot read IP mode file for STMicroelectronics.X-CUBE-SFXS2LP1.4.0.0
2025-08-28 08:19:37,007 [WARN] PackLoader:240 - Cannot read IP mode file for STMicroelectronics.X-CUBE-BLEMGR.4.1.0
2025-08-28 08:19:37,021 [WARN] ConditionMgr:438 - getConditionDescription Invalid condition id : UX DEVICE CLASS RTOS Condition cause : null
2025-08-28 08:19:37,022 [WARN] ConditionMgr:438 - getConditionDescription Invalid condition id : UX DEVICE CLASS RTOS Condition cause : null
2025-08-28 08:19:37,023 [WARN] PackLoader:240 - Cannot read IP mode file for STMicroelectronics.X-CUBE-AZRTOS-WB.2.0.0
2025-08-28 08:19:37,024 [WARN] ConditionMgr:1044 - genDependencies : Invalid condition id : UX DEVICE CLASS RTOS Condition cause : null
2025-08-28 08:19:37,024 [WARN] ConditionMgr:1044 - genDependencies : Invalid condition id : UX DEVICE CLASS RTOS Condition cause : null
2025-08-28 08:19:37,025 [WARN] ConditionMgr:1044 - genDependencies : Invalid condition id : UX DEVICE CLASS RTOS Condition cause : null
2025-08-28 08:19:37,025 [WARN] ConditionMgr:1044 - genDependencies : Invalid condition id : UX DEVICE CLASS RTOS Condition cause : null
2025-08-28 08:19:37,025 [WARN] ConditionMgr:1044 - genDependencies : Invalid condition id : UX DEVICE CLASS RTOS Condition cause : null
2025-08-28 08:19:37,032 [WARN] PackLoader:240 - Cannot read IP mode file for STMicroelectronics.X-CUBE-GNSS1.7.0.1
2025-08-28 08:19:37,043 [WARN] PackLoader:240 - Cannot read IP mode file for STMicroelectronics.X-CUBE-TOUCHGFX.4.25.0
2025-08-28 08:19:37,049 [WARN] ConditionMgr:438 - getConditionDescription Invalid condition id : Cortex-A Device cause : null
2025-08-28 08:19:37,073 [WARN] ConditionMgr:1044 - genDependencies : Invalid condition id : Cortex-A Device cause : null
2025-08-28 08:19:37,074 [WARN] ConditionMgr:1044 - genDependencies : Invalid condition id : Cortex-A Device cause : null
2025-08-28 08:19:37,074 [WARN] ConditionMgr:1044 - genDependencies : Invalid condition id : Cortex-A Device cause : null
2025-08-28 08:19:37,110 [WARN] PackLoader:240 - Cannot read IP mode file for STMicroelectronics.X-CUBE-SUBG2.5.0.0
2025-08-28 08:19:37,133 [WARN] PackLoader:240 - Cannot read IP mode file for STMicroelectronics.X-CUBE-AZRTOS-H7RS.1.1.0
2025-08-28 08:19:37,141 [WARN] PackLoader:240 - Cannot read IP mode file for Cesanta.I-CUBE-Mongoose.7.13.0
2025-08-28 08:19:37,155 [WARN] PackLoader:240 - Cannot read IP mode file for STMicroelectronics.X-CUBE-AZRTOS-G4.2.0.0
2025-08-28 08:19:37,163 [WARN] PackLoader:240 - Cannot read IP mode file for wolfSSL.I-CUBE-wolfSSH.1.4.20
2025-08-28 08:19:37,169 [WARN] PackLoader:240 - Cannot read IP mode file for STMicroelectronics.X-CUBE-NFC7.2.0.0
2025-08-28 08:19:37,187 [WARN] PackLoader:240 - Cannot read IP mode file for STMicroelectronics.X-CUBE-IPS.3.1.0
2025-08-28 08:19:37,199 [WARN] PackLoader:240 - Cannot read IP mode file for STMicroelectronics.X-CUBE-ALS.1.0.2
2025-08-28 08:19:37,207 [WARN] PackLoader:240 - Cannot read IP mode file for portGmbH.I-Cube-SoM-uGOAL.1.1.0
2025-08-28 08:19:37,226 [WARN] PackLoader:240 - Cannot read IP mode file for STMicroelectronics.X-CUBE-TOF1.3.4.3
2025-08-28 08:19:37,237 [INFO] ThirdParty:978 - Integrity check success = true
2025-08-28 08:19:37,237 [INFO] IntegrityCheckThread:100 - exiting critical section [integrity check]
2025-08-28 08:19:37,237 [INFO] IntegrityCheckThread:103 - End integrity checks thread
2025-08-28 08:19:37,606 [INFO] WebApp:169 - Instantiating new browser for Auth
2025-08-28 08:19:38,887 [INFO] WebApp:463 - Apply proxy settings
2025-08-28 08:19:38,887 [INFO] WebApp:548 - Chromium requires no authentication
2025-08-28 08:19:38,901 [INFO] WebApp:491 - Direct internet connection detected
2025-08-28 08:19:38,935 [INFO] WebApp:900 - Register for checkConnection events
2025-08-28 08:19:38,935 [INFO] WebApp:463 - Apply proxy settings
2025-08-28 08:19:38,935 [INFO] WebApp:548 - Chromium requires no authentication
2025-08-28 08:19:38,936 [INFO] WebApp:491 - Direct internet connection detected
2025-08-28 08:19:39,198 [INFO] WebApp:225 - Starting web application
2025-08-28 08:19:39,198 [INFO] WebApp:593 - Web application path used C:\ST\STM32CubeIDE_1.19.0\STM32CubeIDE\plugins\com.st.stm32cube.common.mx_6.15.0.202507011659\db\plugins\mcufinder\reactClient1\index.html
2025-08-28 08:19:39,768 [INFO] WebApp:191 - Connection restablished
2025-08-28 08:27:59,796 [ERROR] LogOutputStream:75 - [STDERR_REDIRECT] SLF4J: Failed to load class "org.slf4j.impl.StaticLoggerBinder".
2025-08-28 08:27:59,799 [ERROR] LogOutputStream:75 - [STDERR_REDIRECT] SLF4J: Defaulting to no-operation (NOP) logger implementation
2025-08-28 08:27:59,801 [ERROR] LogOutputStream:75 - [STDERR_REDIRECT] SLF4J: See http://www.slf4j.org/codes.html#StaticLoggerBinder for further details.
2025-08-28 08:40:34,762 [ERROR] LogOutputStream:75 - [STDERR_REDIRECT] 
2025-08-28 08:40:34,764 [ERROR] LogOutputStream:75 - [STDERR_REDIRECT] 
2025-08-28 18:29:36,166 [INFO] Activator:176 - 


2025-08-28 18:29:36,168 [INFO] Activator:177 - !SESSION log4j initialized
2025-08-28 18:29:42,025 [INFO] LogOutputStream:77 - [STDOUT_REDIRECT] 
2025-08-28 18:29:42,987 [INFO] ApplicationProperties:184 - Using Application install path: C:\ST\STM32CubeIDE_1.19.0\STM32CubeIDE\plugins\com.st.stm32cube.common.mx_6.15.0.202507011659
2025-08-28 18:29:43,009 [INFO] DbMcusXml:78 - Set database path to: C:\ST\STM32CubeIDE_1.19.0\STM32CubeIDE\plugins\com.st.stm32cube.common.mx_6.15.0.202507011659\\db\/mcu/
2025-08-28 18:29:43,009 [INFO] ApiDb:274 - Set plugin database path to: C:\ST\STM32CubeIDE_1.19.0\STM32CubeIDE\plugins\com.st.stm32cube.common.mx_6.15.0.202507011659\\db\/plugins/boardmanager/
2025-08-28 18:29:43,010 [WARN] ApiDb:259 - Overriding images path with different value:  => C:\ST\STM32CubeIDE_1.19.0\STM32CubeIDE\plugins\com.st.stm32cube.common.mx_6.15.0.202507011659\\db\/plugins/mcufinder/images/
2025-08-28 18:29:43,022 [INFO] ApiDb:250 - Set database path to: C:\Users\matth_ik1hap6\.stmcufinder\plugins\mcufinder//mcu/
2025-08-28 18:29:43,023 [INFO] DbMcusAds:125 - Set database path to: C:\Users\matth_ik1hap6\.stmcufinder\plugins\mcufinder//mcu/
2025-08-28 18:29:43,026 [INFO] CrossReferenceDbSqlite:203 - Set database path to: C:\Users\matth_ik1hap6\.stmcufinder\plugins\mcufinder//mcu/cs/
2025-08-28 18:29:43,171 [INFO] RulesReader:64 - Compatibility file has been processed (317 Rules)
2025-08-28 18:29:43,282 [INFO] DbMcusXml:78 - Set database path to: C:\ST\STM32CubeIDE_1.19.0\STM32CubeIDE\plugins\com.st.stm32cube.common.mx_6.15.0.202507011659\\db\/mcu/
2025-08-28 18:29:43,282 [INFO] ApiDb:274 - Set plugin database path to: C:\ST\STM32CubeIDE_1.19.0\STM32CubeIDE\plugins\com.st.stm32cube.common.mx_6.15.0.202507011659\\db\/plugins/boardmanager/
2025-08-28 18:29:43,283 [INFO] ApiDb:261 - Set plugin images path to: C:\ST\STM32CubeIDE_1.19.0\STM32CubeIDE\plugins\com.st.stm32cube.common.mx_6.15.0.202507011659\\db\/plugins/mcufinder/images/
2025-08-28 18:29:43,283 [WARN] DbFile:41 - Overriding database path with different value: C:\Users\matth_ik1hap6\.stmcufinder\plugins\mcufinder/ => C:\Users\matth_ik1hap6\.stmcufinder\plugins\mcufinder
2025-08-28 18:29:43,283 [INFO] ApiDb:250 - Set database path to: C:\Users\matth_ik1hap6\.stmcufinder\plugins\mcufinder//mcu/
2025-08-28 18:29:43,283 [WARN] DbFile:41 - Overriding database path with different value: C:\Users\matth_ik1hap6\.stmcufinder\plugins\mcufinder/ => C:\Users\matth_ik1hap6\.stmcufinder\plugins\mcufinder
2025-08-28 18:29:43,283 [INFO] DbMcusAds:125 - Set database path to: C:\Users\matth_ik1hap6\.stmcufinder\plugins\mcufinder//mcu/
2025-08-28 18:29:43,283 [WARN] DbFile:41 - Overriding database path with different value: C:\Users\matth_ik1hap6\.stmcufinder\plugins\mcufinder/ => C:\Users\matth_ik1hap6\.stmcufinder\plugins\mcufinder
2025-08-28 18:29:43,283 [WARN] DbFile:41 - Overriding database path with different value: C:\Users\matth_ik1hap6\.stmcufinder\plugins\mcufinder/ => C:\Users\matth_ik1hap6\.stmcufinder\plugins\mcufinder
2025-08-28 18:29:43,283 [INFO] CrossReferenceDbSqlite:203 - Set database path to: C:\Users\matth_ik1hap6\.stmcufinder\plugins\mcufinder//mcu/cs/
2025-08-28 18:29:43,378 [INFO] MainPanel:274 - HeapMemory: 268435456
2025-08-28 18:29:43,518 [INFO] DbMcusXml:78 - Set database path to: C:\ST\STM32CubeIDE_1.19.0\STM32CubeIDE\plugins\com.st.stm32cube.common.mx_6.15.0.202507011659\\db\/mcu/
2025-08-28 18:29:43,518 [INFO] ApiDb:274 - Set plugin database path to: C:\ST\STM32CubeIDE_1.19.0\STM32CubeIDE\plugins\com.st.stm32cube.common.mx_6.15.0.202507011659\\db\/plugins/boardmanager/
2025-08-28 18:29:43,519 [INFO] ApiDb:261 - Set plugin images path to: C:\ST\STM32CubeIDE_1.19.0\STM32CubeIDE\plugins\com.st.stm32cube.common.mx_6.15.0.202507011659\\db\/plugins/mcufinder/images/
2025-08-28 18:29:43,519 [WARN] DbFile:41 - Overriding database path with different value: C:\Users\matth_ik1hap6\.stmcufinder\plugins\mcufinder/ => C:\Users\matth_ik1hap6\.stmcufinder\plugins\mcufinder
2025-08-28 18:29:43,519 [INFO] ApiDb:250 - Set database path to: C:\Users\matth_ik1hap6\.stmcufinder\plugins\mcufinder//mcu/
2025-08-28 18:29:43,519 [WARN] DbFile:41 - Overriding database path with different value: C:\Users\matth_ik1hap6\.stmcufinder\plugins\mcufinder/ => C:\Users\matth_ik1hap6\.stmcufinder\plugins\mcufinder
2025-08-28 18:29:43,519 [INFO] DbMcusAds:125 - Set database path to: C:\Users\matth_ik1hap6\.stmcufinder\plugins\mcufinder//mcu/
2025-08-28 18:29:43,519 [WARN] DbFile:41 - Overriding database path with different value: C:\Users\matth_ik1hap6\.stmcufinder\plugins\mcufinder/ => C:\Users\matth_ik1hap6\.stmcufinder\plugins\mcufinder
2025-08-28 18:29:43,519 [WARN] DbFile:41 - Overriding database path with different value: C:\Users\matth_ik1hap6\.stmcufinder\plugins\mcufinder/ => C:\Users\matth_ik1hap6\.stmcufinder\plugins\mcufinder
2025-08-28 18:29:43,519 [INFO] CrossReferenceDbSqlite:203 - Set database path to: C:\Users\matth_ik1hap6\.stmcufinder\plugins\mcufinder//mcu/cs/
2025-08-28 18:29:43,550 [INFO] ApplicationProperties:184 - Using Application install path: C:\ST\STM32CubeIDE_1.19.0\STM32CubeIDE\plugins\com.st.stm32cube.common.mx_6.15.0.202507011659
2025-08-28 18:29:43,553 [INFO] PluginManage:196 - Search for loadable plugins [exclusion list=, ]
2025-08-28 18:29:43,555 [INFO] PluginManage:310 - Check plugin analytics
2025-08-28 18:29:43,797 [INFO] AnalyticsPlugin:253 - Accepted Software Licenses: 
2025-08-28 18:29:43,797 [INFO] AnalyticsPlugin:255 - Accepted CMSIS Pack Licenses: 
2025-08-28 18:29:43,798 [INFO] AnalyticsPlugin:257 - Accepted Firmware Licenses: FW.L4.1.18.0
2025-08-28 18:29:43,802 [INFO] PluginManage:359 - Loaded plugin analytics (category:tool,tabindex:-1)
2025-08-28 18:29:43,802 [INFO] PluginManage:310 - Check plugin cadmodel
2025-08-28 18:29:43,810 [INFO] CADModel:105 - Init CAD model plugin
2025-08-28 18:29:43,810 [INFO] PluginManage:359 - Loaded plugin cadmodel (category:power,tabindex:5)
2025-08-28 18:29:43,811 [INFO] PluginManage:310 - Check plugin clock
2025-08-28 18:29:43,828 [INFO] PluginManage:359 - Loaded plugin clock (category:base,tabindex:2)
2025-08-28 18:29:43,829 [INFO] PluginManage:310 - Check plugin ddr
2025-08-28 18:29:43,833 [INFO] PluginManage:359 - Loaded plugin ddr (category:tool,tabindex:6)
2025-08-28 18:29:43,833 [INFO] PluginManage:310 - Check plugin filemanager
2025-08-28 18:29:44,028 [INFO] PluginManage:359 - Loaded plugin filemanager (category:base,tabindex:10)
2025-08-28 18:29:44,028 [INFO] PluginManage:310 - Check plugin ipmanager
2025-08-28 18:29:44,037 [INFO] PluginManage:359 - Loaded plugin ipmanager (category:base,tabindex:5)
2025-08-28 18:29:44,037 [INFO] PluginManage:310 - Check plugin lpbam
2025-08-28 18:29:44,048 [INFO] PluginManage:359 - Loaded plugin lpbam (category:base,tabindex:0)
2025-08-28 18:29:44,048 [INFO] PluginManage:310 - Check plugin memorymap
2025-08-28 18:29:44,066 [INFO] PluginManage:359 - Loaded plugin memorymap (category:base,tabindex:4)
2025-08-28 18:29:44,066 [INFO] PluginManage:310 - Check plugin pinoutandconfiguration
2025-08-28 18:29:44,077 [INFO] PluginManage:359 - Loaded plugin pinoutandconfiguration (category:base,tabindex:1)
2025-08-28 18:29:44,077 [INFO] PluginManage:310 - Check plugin pinoutconfig
2025-08-28 18:29:44,183 [WARN] SupportedApi:132 - Cannot load RTOS API schema: s4s-elt-must-match.1: The content of 'definitions' must match (annotation?, (simpleType | complexType)?, (unique | key | keyref)*)). A problem was found starting at: attribute.
2025-08-28 18:29:44,365 [INFO] PluginManage:359 - Loaded plugin pinoutconfig (category:base,tabindex:0)
2025-08-28 18:29:44,365 [INFO] PluginManage:310 - Check plugin power
2025-08-28 18:29:44,382 [INFO] PluginManage:359 - Loaded plugin power (category:power,tabindex:4)
2025-08-28 18:29:44,384 [INFO] PluginManage:310 - Check plugin projectmanager
2025-08-28 18:29:44,405 [INFO] PluginManage:359 - Loaded plugin projectmanager (category:projectmanager,tabindex:4)
2025-08-28 18:29:44,405 [INFO] PluginManage:310 - Check plugin rif
2025-08-28 18:29:44,419 [INFO] PluginManage:359 - Loaded plugin rif (category:base,tabindex:3)
2025-08-28 18:29:44,420 [INFO] PluginManage:310 - Check plugin thirdparty
2025-08-28 18:29:44,601 [INFO] PluginManage:359 - Loaded plugin thirdparty (category:base,tabindex:-1)
2025-08-28 18:29:44,602 [INFO] PluginManage:310 - Check plugin tools
2025-08-28 18:29:44,602 [WARN] IntegrityCheckThread:84 - waiting for thirdparty lock release [integrity check]
2025-08-28 18:29:44,602 [INFO] IntegrityCheckThread:86 - entering critical section [integrity check]
2025-08-28 18:29:44,602 [INFO] ThirdPartyUpdaterWithRetryManager:70 - Updater plugin not ready yet. [1/15]
2025-08-28 18:29:44,605 [INFO] PluginManage:359 - Loaded plugin tools (category:base,tabindex:7)
2025-08-28 18:29:44,605 [INFO] PluginManage:310 - Check plugin tutovideos
2025-08-28 18:29:44,871 [INFO] PluginManage:359 - Loaded plugin tutovideos (category:base,tabindex:-1)
2025-08-28 18:29:44,871 [INFO] PluginManage:310 - Check plugin updater
2025-08-28 18:29:44,896 [INFO] PluginManage:359 - Loaded plugin updater (category:base,tabindex:12)
2025-08-28 18:29:44,896 [INFO] PluginManage:310 - Check plugin userauth
2025-08-28 18:29:44,901 [INFO] UserAuth:118 - Init User Auth plugin
2025-08-28 18:29:44,902 [INFO] PluginManage:359 - Loaded plugin userauth (category:base,tabindex:14)
2025-08-28 18:29:44,903 [INFO] PluginManage:283 - PluginManage : Loaded plugins [18]
2025-08-28 18:29:45,157 [INFO] PinOutPanel:1589 - setPackage(No Configuration,No Configuration)
2025-08-28 18:29:45,277 [INFO] CADModel:165 - CPN selected for project level
2025-08-28 18:29:45,277 [INFO] CADModel:114 - Register for checkConnection events
2025-08-28 18:29:45,304 [INFO] IPUIPlugin:80 - create IPUIPlugin
2025-08-28 18:29:45,304 [INFO] PluginManager:220 - loadIPPluginJar : add adc
2025-08-28 18:29:45,307 [INFO] IPUIPlugin:80 - create IPUIPlugin
2025-08-28 18:29:45,307 [INFO] PluginManager:220 - loadIPPluginJar : add aes
2025-08-28 18:29:45,310 [INFO] IPUIPlugin:80 - create IPUIPlugin
2025-08-28 18:29:45,310 [INFO] PluginManager:220 - loadIPPluginJar : add can
2025-08-28 18:29:45,313 [INFO] IPUIPlugin:80 - create IPUIPlugin
2025-08-28 18:29:45,313 [INFO] PluginManager:220 - loadIPPluginJar : add comp
2025-08-28 18:29:45,317 [INFO] IPUIPlugin:80 - create IPUIPlugin
2025-08-28 18:29:45,317 [INFO] PluginManager:220 - loadIPPluginJar : add cryp
2025-08-28 18:29:45,321 [INFO] IPUIPlugin:80 - create IPUIPlugin
2025-08-28 18:29:45,321 [INFO] PluginManager:220 - loadIPPluginJar : add ddr_ctrl_phy
2025-08-28 18:29:45,325 [INFO] IPUIPlugin:80 - create IPUIPlugin
2025-08-28 18:29:45,325 [INFO] PluginManager:220 - loadIPPluginJar : add dfsdm
2025-08-28 18:29:45,332 [INFO] IPUIPlugin:80 - create IPUIPlugin
2025-08-28 18:29:45,334 [INFO] PluginManager:220 - loadIPPluginJar : add dma
2025-08-28 18:29:45,337 [INFO] IPUIPlugin:80 - create IPUIPlugin
2025-08-28 18:29:45,339 [INFO] PluginManager:220 - loadIPPluginJar : add dma3
2025-08-28 18:29:45,342 [INFO] IPUIPlugin:80 - create IPUIPlugin
2025-08-28 18:29:45,342 [INFO] PluginManager:220 - loadIPPluginJar : add extmemmanager
2025-08-28 18:29:45,344 [INFO] IPUIPlugin:80 - create IPUIPlugin
2025-08-28 18:29:45,344 [INFO] PluginManager:220 - loadIPPluginJar : add fatfs
2025-08-28 18:29:45,351 [INFO] IPUIPlugin:80 - create IPUIPlugin
2025-08-28 18:29:45,351 [INFO] PluginManager:220 - loadIPPluginJar : add fmc
2025-08-28 18:29:45,357 [INFO] IPUIPlugin:80 - create IPUIPlugin
2025-08-28 18:29:45,358 [INFO] PluginManager:220 - loadIPPluginJar : add freertos
2025-08-28 18:29:45,360 [INFO] IPUIPlugin:80 - create IPUIPlugin
2025-08-28 18:29:45,360 [INFO] PluginManager:220 - loadIPPluginJar : add genericplugin
2025-08-28 18:29:45,362 [INFO] IPUIPlugin:80 - create IPUIPlugin
2025-08-28 18:29:45,364 [INFO] PluginManager:220 - loadIPPluginJar : add gfxmmu
2025-08-28 18:29:45,370 [INFO] IPUIPlugin:80 - create IPUIPlugin
2025-08-28 18:29:45,370 [INFO] PluginManager:220 - loadIPPluginJar : add gic
2025-08-28 18:29:45,374 [INFO] IPUIPlugin:80 - create IPUIPlugin
2025-08-28 18:29:45,374 [INFO] PluginManager:220 - loadIPPluginJar : add gpio
2025-08-28 18:29:45,378 [INFO] IPUIPlugin:80 - create IPUIPlugin
2025-08-28 18:29:45,378 [INFO] PluginManager:220 - loadIPPluginJar : add gtzc
2025-08-28 18:29:45,382 [INFO] IPUIPlugin:80 - create IPUIPlugin
2025-08-28 18:29:45,382 [INFO] PluginManager:220 - loadIPPluginJar : add hash
2025-08-28 18:29:45,387 [INFO] IPUIPlugin:80 - create IPUIPlugin
2025-08-28 18:29:45,387 [INFO] PluginManager:220 - loadIPPluginJar : add i2c
2025-08-28 18:29:45,390 [INFO] IPUIPlugin:80 - create IPUIPlugin
2025-08-28 18:29:45,390 [INFO] PluginManager:220 - loadIPPluginJar : add i2s
2025-08-28 18:29:45,392 [INFO] IPUIPlugin:80 - create IPUIPlugin
2025-08-28 18:29:45,392 [INFO] PluginManager:220 - loadIPPluginJar : add i3c
2025-08-28 18:29:45,397 [INFO] IPUIPlugin:80 - create IPUIPlugin
2025-08-28 18:29:45,398 [INFO] PluginManager:220 - loadIPPluginJar : add ipddr
2025-08-28 18:29:45,407 [INFO] IPUIPlugin:80 - create IPUIPlugin
2025-08-28 18:29:45,407 [INFO] PluginManager:220 - loadIPPluginJar : add linkedlist
2025-08-28 18:29:45,410 [INFO] IPUIPlugin:80 - create IPUIPlugin
2025-08-28 18:29:45,410 [INFO] PluginManager:220 - loadIPPluginJar : add lorawan
2025-08-28 18:29:45,412 [INFO] IPUIPlugin:80 - create IPUIPlugin
2025-08-28 18:29:45,412 [INFO] PluginManager:220 - loadIPPluginJar : add ltdc
2025-08-28 18:29:45,420 [INFO] IPUIPlugin:80 - create IPUIPlugin
2025-08-28 18:29:45,420 [INFO] PluginManager:220 - loadIPPluginJar : add mdma
2025-08-28 18:29:45,424 [INFO] IPUIPlugin:80 - create IPUIPlugin
2025-08-28 18:29:45,424 [INFO] PluginManager:220 - loadIPPluginJar : add nvic
2025-08-28 18:29:45,427 [INFO] IPUIPlugin:80 - create IPUIPlugin
2025-08-28 18:29:45,428 [INFO] PluginManager:220 - loadIPPluginJar : add opamp
2025-08-28 18:29:45,434 [INFO] IPUIPlugin:80 - create IPUIPlugin
2025-08-28 18:29:45,434 [INFO] PluginManager:220 - loadIPPluginJar : add openamp
2025-08-28 18:29:45,438 [INFO] IPUIPlugin:80 - create IPUIPlugin
2025-08-28 18:29:45,439 [INFO] PluginManager:220 - loadIPPluginJar : add pdm2pcm
2025-08-28 18:29:45,446 [INFO] IPUIPlugin:80 - create IPUIPlugin
2025-08-28 18:29:45,450 [INFO] PluginManager:220 - loadIPPluginJar : add plateformsettings
2025-08-28 18:29:45,452 [INFO] IPUIPlugin:80 - create IPUIPlugin
2025-08-28 18:29:45,452 [INFO] PluginManager:220 - loadIPPluginJar : add quadspi
2025-08-28 18:29:45,456 [INFO] IPUIPlugin:80 - create IPUIPlugin
2025-08-28 18:29:45,456 [INFO] PluginManager:220 - loadIPPluginJar : add radio
2025-08-28 18:29:45,460 [INFO] IPUIPlugin:80 - create IPUIPlugin
2025-08-28 18:29:45,461 [INFO] PluginManager:220 - loadIPPluginJar : add resmgrutility
2025-08-28 18:29:45,466 [INFO] IPUIPlugin:80 - create IPUIPlugin
2025-08-28 18:29:45,466 [INFO] PluginManager:220 - loadIPPluginJar : add sai
2025-08-28 18:29:45,469 [INFO] IPUIPlugin:80 - create IPUIPlugin
2025-08-28 18:29:45,469 [INFO] PluginManager:220 - loadIPPluginJar : add spi
2025-08-28 18:29:45,476 [INFO] IPUIPlugin:80 - create IPUIPlugin
2025-08-28 18:29:45,476 [INFO] PluginManager:220 - loadIPPluginJar : add stm32_wpan
2025-08-28 18:29:45,479 [INFO] IPUIPlugin:80 - create IPUIPlugin
2025-08-28 18:29:45,480 [INFO] PluginManager:220 - loadIPPluginJar : add tim
2025-08-28 18:29:45,484 [INFO] IPUIPlugin:80 - create IPUIPlugin
2025-08-28 18:29:45,484 [INFO] PluginManager:220 - loadIPPluginJar : add touchsensing
2025-08-28 18:29:45,487 [INFO] IPUIPlugin:80 - create IPUIPlugin
2025-08-28 18:29:45,487 [INFO] PluginManager:220 - loadIPPluginJar : add tracer_emb
2025-08-28 18:29:45,490 [INFO] IPUIPlugin:80 - create IPUIPlugin
2025-08-28 18:29:45,490 [INFO] PluginManager:220 - loadIPPluginJar : add ts
2025-08-28 18:29:45,492 [INFO] IPUIPlugin:80 - create IPUIPlugin
2025-08-28 18:29:45,492 [INFO] PluginManager:220 - loadIPPluginJar : add tsc
2025-08-28 18:29:45,494 [INFO] IPUIPlugin:80 - create IPUIPlugin
2025-08-28 18:29:45,495 [INFO] PluginManager:220 - loadIPPluginJar : add ucpd
2025-08-28 18:29:45,499 [INFO] IPUIPlugin:80 - create IPUIPlugin
2025-08-28 18:29:45,499 [INFO] PluginManager:220 - loadIPPluginJar : add usart
2025-08-28 18:29:45,504 [INFO] IPUIPlugin:80 - create IPUIPlugin
2025-08-28 18:29:45,504 [INFO] PluginManager:220 - loadIPPluginJar : add usbx
2025-08-28 18:29:45,640 [FATAL] Updater:351 - Updater called before beeing initialized
2025-08-28 18:29:45,683 [INFO] RulesReader:64 - Compatibility file has been processed (317 Rules)
2025-08-28 18:29:45,701 [INFO] RulesReader:64 - Compatibility file has been processed (317 Rules)
2025-08-28 18:29:45,709 [INFO] CADModel:165 - CPN selected for project level
2025-08-28 18:29:45,709 [INFO] CADModel:114 - Register for checkConnection events
2025-08-28 18:29:45,709 [FATAL] Updater:351 - Updater called before beeing initialized
2025-08-28 18:29:45,709 [ERROR] CADModel:125 - Updater not yet initialized, retry later 
2025-08-28 18:29:45,881 [FATAL] Updater:351 - Updater called before beeing initialized
2025-08-28 18:29:45,884 [INFO] CADModel:165 - CPN selected for project level
2025-08-28 18:29:45,884 [INFO] CADModel:114 - Register for checkConnection events
2025-08-28 18:29:45,884 [FATAL] Updater:351 - Updater called before beeing initialized
2025-08-28 18:29:45,884 [ERROR] CADModel:125 - Updater not yet initialized, retry later 
2025-08-28 18:29:45,888 [FATAL] Updater:351 - Updater called before beeing initialized
2025-08-28 18:29:46,001 [FATAL] Updater:351 - Updater called before beeing initialized
2025-08-28 18:29:46,006 [INFO] DbMcusAds:53 - JSON generation date=Tue Jul 08 12:14:23 GST 2025 (1751962463582)
2025-08-28 18:29:46,007 [FATAL] Updater:351 - Updater called before beeing initialized
2025-08-28 18:29:46,050 [WARN] DetailPanel:346 - Failed to get advertising image, set to default
2025-08-28 18:29:46,135 [FATAL] Updater:351 - Updater called before beeing initialized
2025-08-28 18:29:46,136 [FATAL] Updater:351 - Updater called before beeing initialized
2025-08-28 18:29:46,136 [FATAL] Updater:351 - Updater called before beeing initialized
2025-08-28 18:29:46,137 [WARN] DetailPanel:346 - Failed to get advertising image, set to default
2025-08-28 18:29:46,137 [FATAL] Updater:351 - Updater called before beeing initialized
2025-08-28 18:29:46,194 [ERROR] Updater:1198 - MainUpdater not yet initialized. External WinMGr cannot be set.
2025-08-28 18:29:46,196 [INFO] Updater:1134 - Updater Version found : 6.15.0
2025-08-28 18:29:46,219 [INFO] ApplicationProperties:184 - Using Application install path: C:\ST\STM32CubeIDE_1.19.0\STM32CubeIDE\plugins\com.st.stm32cube.common.mx_6.15.0.202507011659
2025-08-28 18:29:47,603 [INFO] ThirdPartyUpdaterWithRetryManager:70 - Updater plugin not ready yet. [2/15]
2025-08-28 18:29:47,819 [ERROR] LogOutputStream:75 - [STDERR_REDIRECT] Aug 28, 2025 6:29:47 PM java.util.prefs.WindowsPreferences <init>
2025-08-28 18:29:47,820 [ERROR] LogOutputStream:75 - [STDERR_REDIRECT] WARNING: Could not open/create prefs root node Software\JavaSoft\Prefs at root 0xffffffff80000002. Windows RegCreateKeyEx(...) returned error code 5.
2025-08-28 18:29:47,820 [ERROR] LogOutputStream:75 - [STDERR_REDIRECT] 
2025-08-28 18:29:48,568 [INFO] MainUpdater:2872 - connection check result : 10
2025-08-28 18:29:48,570 [INFO] MainUpdater:289 - Updater Check For Update Now.
2025-08-28 18:29:48,571 [INFO] MicroXplorer:498 - Change Database Version : DB.6.0.150
2025-08-28 18:29:48,604 [INFO] McuFinderGlobals:63 - Set McuFinder mode to 2 (CubeIDE integrated)
2025-08-28 18:29:48,605 [INFO] UserAuth:171 - activating auth plugin
2025-08-28 18:29:48,616 [INFO] UserAuth:487 - Internet connection configuration mode: 1
2025-08-28 18:29:48,697 [INFO] JxBrowserEngine:152 - Initiate JxBrowser Engine with user profile folder
2025-08-28 18:29:48,984 [INFO] CheckServerUpdateThread:120 - End of CheckServer Thread
2025-08-28 18:29:50,479 [INFO] WebApp:169 - Instantiating new browser for Auth
2025-08-28 18:29:51,381 [WARN] PackLoader:240 - Cannot read IP mode file for STMicroelectronics.FP-SNS-MOTENVWB1.1.4.0
2025-08-28 18:29:51,421 [WARN] PackLoader:240 - Cannot read IP mode file for STMicroelectronics.FP-ATR-ASTRA1.2.0.2
2025-08-28 18:29:51,460 [WARN] PackLoader:240 - Cannot read IP mode file for STMicroelectronics.X-CUBE-SMBUS.2.1.0
2025-08-28 18:29:51,478 [WARN] PackLoader:240 - Cannot read IP mode file for STMicroelectronics.X-CUBE-ST60.1.0.0
2025-08-28 18:29:51,602 [WARN] PackLoader:240 - Cannot read IP mode file for STMicroelectronics.X-CUBE-AZRTOS-F7.1.1.0
2025-08-28 18:29:51,694 [WARN] PackLoader:240 - Cannot read IP mode file for Infineon.AIROC-Wi-Fi-Bluetooth-STM32.1.7.1
2025-08-28 18:29:51,772 [WARN] PackLoader:240 - Cannot read IP mode file for STMicroelectronics.X-CUBE-AZRTOS-H7.3.4.0
2025-08-28 18:29:51,806 [WARN] PackLoader:240 - Cannot read IP mode file for STMicroelectronics.X-CUBE-DISPLAY.3.0.0
2025-08-28 18:29:51,846 [WARN] PackLoader:240 - Cannot read IP mode file for STMicroelectronics.X-CUBE-NFC10.1.0.0
2025-08-28 18:29:51,869 [WARN] PackLoader:240 - Cannot read IP mode file for emotas.I-CUBE-CANOPEN.1.3.0
2025-08-28 18:29:51,888 [WARN] PackLoader:240 - Cannot read IP mode file for STMicroelectronics.FP-SNS-STBOX1.2.1.0
2025-08-28 18:29:51,909 [WARN] PackLoader:240 - Cannot read IP mode file for STMicroelectronics.FP-SNS-SMARTAG2.1.2.0
2025-08-28 18:29:51,917 [WARN] PackLoader:240 - Cannot read IP mode file for STMicroelectronics.FP-SNS-FLIGHT1.5.1.0
2025-08-28 18:29:51,950 [INFO] LogOutputStream:77 - [STDOUT_REDIRECT] 1 : Invalid condition id : UX_CORESTACK_Condition cause : null
2025-08-28 18:29:51,954 [INFO] LogOutputStream:77 - [STDOUT_REDIRECT] 1 : Invalid condition id : UX_CORESTACK_Condition cause : null
2025-08-28 18:29:51,957 [INFO] LogOutputStream:77 - [STDOUT_REDIRECT] 1 : Invalid condition id : UX_CORESTACK_Condition cause : null
2025-08-28 18:29:51,962 [INFO] LogOutputStream:77 - [STDOUT_REDIRECT] 1 : Invalid condition id : UX_CORESTACK_Condition cause : null
2025-08-28 18:29:51,966 [INFO] LogOutputStream:77 - [STDOUT_REDIRECT] 1 : Invalid condition id : UX_CORESTACK_Condition cause : null
2025-08-28 18:29:51,975 [WARN] PackLoader:240 - Cannot read IP mode file for STMicroelectronics.X-CUBE-AZRTOS-WL.2.0.0
2025-08-28 18:29:51,992 [WARN] PackLoader:240 - Cannot read IP mode file for STMicroelectronics.FP-SNS-MOTENV1.5.0.0
2025-08-28 18:29:52,026 [WARN] PackLoader:240 - Cannot read IP mode file for WES.I-CUBE-Cesium.1.3.0
2025-08-28 18:29:52,043 [WARN] PackLoader:240 - Cannot read IP mode file for STMicroelectronics.X-CUBE-BLE2.3.3.0
2025-08-28 18:29:52,066 [WARN] PackLoader:240 - Cannot read IP mode file for STMicroelectronics.X-CUBE-NFC9.1.0.0
2025-08-28 18:29:52,086 [WARN] PackLoader:240 - Cannot read IP mode file for wolfSSL.I-CUBE-wolfSSL.5.8.2
2025-08-28 18:29:52,100 [WARN] PackLoader:240 - Cannot read IP mode file for STMicroelectronics.X-CUBE-BLE1.7.1.0
2025-08-28 18:29:52,113 [WARN] PackLoader:240 - Cannot read IP mode file for wolfSSL.I-CUBE-wolfMQTT.1.19.2
2025-08-28 18:29:52,129 [WARN] PackLoader:240 - Cannot read IP mode file for STMicroelectronics.X-CUBE-EEPRMA1.5.2.0
2025-08-28 18:29:52,217 [WARN] PackLoader:240 - Cannot read IP mode file for STMicroelectronics.X-CUBE-AZRTOS-G0.1.1.0
2025-08-28 18:29:52,254 [WARN] PackLoader:240 - Cannot read IP mode file for STMicroelectronics.X-CUBE-SAFEA1.1.2.2
2025-08-28 18:29:52,276 [WARN] PackLoader:240 - Cannot read IP mode file for STMicroelectronics.X-CUBE-NFC4.3.0.0
2025-08-28 18:29:52,315 [WARN] PackLoader:240 - Cannot read IP mode file for EmbeddedOffice.I-CUBE-FS-RTOS.1.0.1
2025-08-28 18:29:52,365 [WARN] PackLoader:240 - Cannot read IP mode file for STMicroelectronics.X-CUBE-WB05N.2.0.0
2025-08-28 18:29:52,442 [WARN] PackLoader:240 - Cannot read IP mode file for wolfSSL.I-CUBE-wolfTPM.3.8.0
2025-08-28 18:29:52,466 [WARN] PackLoader:240 - Cannot read IP mode file for STMicroelectronics.X-CUBE-TCPP.4.2.0
2025-08-28 18:29:52,491 [WARN] PackLoader:240 - Cannot read IP mode file for RealThread.X-CUBE-RT-Thread_Nano.4.1.1
2025-08-28 18:29:52,508 [WARN] PackLoader:240 - Cannot read IP mode file for STMicroelectronics.FP-ATR-SIGFOX1.3.2.0
2025-08-28 18:29:52,536 [WARN] PackLoader:240 - Cannot read IP mode file for ITTIA_DB.I-CUBE-ITTIADB.8.9.0
2025-08-28 18:29:52,568 [WARN] PackLoader:240 - Cannot read IP mode file for STMicroelectronics.X-CUBE-ST67W61.1.0.0
2025-08-28 18:29:52,584 [WARN] PackLoader:240 - Cannot read IP mode file for STMicroelectronics.X-CUBE-AI.10.2.0
2025-08-28 18:29:52,663 [WARN] PackLoader:240 - Cannot read IP mode file for SEGGER.I-CUBE-embOS.1.3.1
2025-08-28 18:29:52,838 [WARN] PackLoader:240 - Cannot read IP mode file for STMicroelectronics.X-CUBE-ALGOBUILD.1.4.0
2025-08-28 18:29:52,945 [INFO] WebApp:463 - Apply proxy settings
2025-08-28 18:29:52,950 [INFO] WebApp:548 - Chromium requires no authentication
2025-08-28 18:29:52,976 [INFO] WebApp:491 - Direct internet connection detected
2025-08-28 18:29:52,977 [WARN] PackLoader:240 - Cannot read IP mode file for STMicroelectronics.X-CUBE-MEMS1.11.3.0
2025-08-28 18:29:53,068 [INFO] WebApp:900 - Register for checkConnection events
2025-08-28 18:29:53,068 [INFO] WebApp:463 - Apply proxy settings
2025-08-28 18:29:53,069 [INFO] WebApp:548 - Chromium requires no authentication
2025-08-28 18:29:53,070 [INFO] WebApp:491 - Direct internet connection detected
2025-08-28 18:29:53,373 [WARN] PackLoader:240 - Cannot read IP mode file for STMicroelectronics.X-CUBE-PM33A1.1.0.0
2025-08-28 18:29:53,413 [WARN] PackLoader:240 - Cannot read IP mode file for STMicroelectronics.X-CUBE-AZRTOS-F4.1.1.0
2025-08-28 18:29:53,434 [WARN] PackLoader:240 - Cannot read IP mode file for Avnet-IotConnect.X-CUBE-IoTC-DA16k-PMOD.1.0.0
2025-08-28 18:29:53,447 [WARN] PackLoader:240 - Cannot read IP mode file for STMicroelectronics.X-CUBE-ISPU.2.1.0
2025-08-28 18:29:53,464 [WARN] PackLoader:240 - Cannot read IP mode file for STMicroelectronics.X-CUBE-NFC12.1.0.0
2025-08-28 18:29:53,515 [WARN] PackLoader:240 - Cannot read IP mode file for STMicroelectronics.X-CUBE-AZRTOS-L5.2.0.0
2025-08-28 18:29:53,537 [WARN] PackLoader:240 - Cannot read IP mode file for STMicroelectronics.X-CUBE-NFC6.3.1.0
2025-08-28 18:29:53,559 [WARN] PackLoader:240 - Cannot read IP mode file for STMicroelectronics.X-CUBE-FREERTOS.1.3.1
2025-08-28 18:29:53,575 [WARN] PackLoader:240 - Cannot read IP mode file for STMicroelectronics.FP-SNS-STAIOTCFT.1.0.0
2025-08-28 18:29:53,586 [WARN] PackLoader:240 - Cannot read IP mode file for STMicroelectronics.X-CUBE-DPower.1.3.0
2025-08-28 18:29:53,697 [WARN] ConditionMgr:438 - getConditionDescription Invalid condition id : LAN8742 Phy interface Condition cause : null
2025-08-28 18:29:53,700 [WARN] PackLoader:240 - Cannot read IP mode file for STMicroelectronics.X-CUBE-AZRTOS-L4.2.0.0
2025-08-28 18:29:53,720 [WARN] ConditionMgr:1044 - genDependencies : Invalid condition id : LAN8742 Phy interface Condition cause : null
2025-08-28 18:29:53,722 [WARN] ConditionMgr:1044 - genDependencies : Invalid condition id : LAN8742 Phy interface Condition cause : null
2025-08-28 18:29:53,723 [WARN] ConditionMgr:1044 - genDependencies : Invalid condition id : LAN8742 Phy interface Condition cause : null
2025-08-28 18:29:53,744 [WARN] PackLoader:240 - Cannot read IP mode file for STMicroelectronics.X-CUBE-SFXS2LP1.4.0.0
2025-08-28 18:29:53,771 [WARN] PackLoader:240 - Cannot read IP mode file for STMicroelectronics.X-CUBE-BLEMGR.4.1.0
2025-08-28 18:29:53,817 [WARN] ConditionMgr:438 - getConditionDescription Invalid condition id : UX DEVICE CLASS RTOS Condition cause : null
2025-08-28 18:29:53,817 [WARN] ConditionMgr:438 - getConditionDescription Invalid condition id : UX DEVICE CLASS RTOS Condition cause : null
2025-08-28 18:29:53,822 [WARN] PackLoader:240 - Cannot read IP mode file for STMicroelectronics.X-CUBE-AZRTOS-WB.2.0.0
2025-08-28 18:29:53,824 [WARN] ConditionMgr:1044 - genDependencies : Invalid condition id : UX DEVICE CLASS RTOS Condition cause : null
2025-08-28 18:29:53,825 [WARN] ConditionMgr:1044 - genDependencies : Invalid condition id : UX DEVICE CLASS RTOS Condition cause : null
2025-08-28 18:29:53,826 [WARN] ConditionMgr:1044 - genDependencies : Invalid condition id : UX DEVICE CLASS RTOS Condition cause : null
2025-08-28 18:29:53,826 [WARN] ConditionMgr:1044 - genDependencies : Invalid condition id : UX DEVICE CLASS RTOS Condition cause : null
2025-08-28 18:29:53,828 [WARN] ConditionMgr:1044 - genDependencies : Invalid condition id : UX DEVICE CLASS RTOS Condition cause : null
2025-08-28 18:29:53,857 [INFO] WebApp:191 - Connection restablished
2025-08-28 18:29:53,861 [WARN] PackLoader:240 - Cannot read IP mode file for STMicroelectronics.X-CUBE-GNSS1.7.0.1
2025-08-28 18:29:53,898 [WARN] PackLoader:240 - Cannot read IP mode file for STMicroelectronics.X-CUBE-TOUCHGFX.4.25.0
2025-08-28 18:29:53,902 [INFO] WebApp:225 - Starting web application
2025-08-28 18:29:53,904 [INFO] WebApp:593 - Web application path used C:\ST\STM32CubeIDE_1.19.0\STM32CubeIDE\plugins\com.st.stm32cube.common.mx_6.15.0.202507011659\db\plugins\mcufinder\reactClient1\index.html
2025-08-28 18:29:53,909 [WARN] ConditionMgr:438 - getConditionDescription Invalid condition id : Cortex-A Device cause : null
2025-08-28 18:29:53,946 [WARN] ConditionMgr:1044 - genDependencies : Invalid condition id : Cortex-A Device cause : null
2025-08-28 18:29:53,950 [WARN] ConditionMgr:1044 - genDependencies : Invalid condition id : Cortex-A Device cause : null
2025-08-28 18:29:53,951 [WARN] ConditionMgr:1044 - genDependencies : Invalid condition id : Cortex-A Device cause : null
2025-08-28 18:29:54,001 [WARN] PackLoader:240 - Cannot read IP mode file for STMicroelectronics.X-CUBE-SUBG2.5.0.0
2025-08-28 18:29:54,058 [WARN] PackLoader:240 - Cannot read IP mode file for STMicroelectronics.X-CUBE-AZRTOS-H7RS.1.1.0
2025-08-28 18:29:54,069 [WARN] PackLoader:240 - Cannot read IP mode file for Cesanta.I-CUBE-Mongoose.7.13.0
2025-08-28 18:29:54,088 [WARN] PackLoader:240 - Cannot read IP mode file for STMicroelectronics.X-CUBE-AZRTOS-G4.2.0.0
2025-08-28 18:29:54,118 [WARN] PackLoader:240 - Cannot read IP mode file for wolfSSL.I-CUBE-wolfSSH.1.4.20
2025-08-28 18:29:54,126 [WARN] PackLoader:240 - Cannot read IP mode file for STMicroelectronics.X-CUBE-NFC7.2.0.0
2025-08-28 18:29:54,156 [WARN] PackLoader:240 - Cannot read IP mode file for STMicroelectronics.X-CUBE-IPS.3.1.0
2025-08-28 18:29:54,171 [WARN] PackLoader:240 - Cannot read IP mode file for STMicroelectronics.X-CUBE-ALS.1.0.2
2025-08-28 18:29:54,184 [WARN] PackLoader:240 - Cannot read IP mode file for portGmbH.I-Cube-SoM-uGOAL.1.1.0
2025-08-28 18:29:54,198 [WARN] PackLoader:240 - Cannot read IP mode file for STMicroelectronics.X-CUBE-TOF1.3.4.3
2025-08-28 18:29:54,217 [INFO] ThirdParty:978 - Integrity check success = true
2025-08-28 18:29:54,218 [INFO] IntegrityCheckThread:100 - exiting critical section [integrity check]
2025-08-28 18:29:54,218 [INFO] IntegrityCheckThread:103 - End integrity checks thread
2025-08-28 18:59:10,026 [ERROR] AdobePublisher:162 - Exception while opening the connection: java.net.SocketTimeoutException: Connect timed out
2025-08-28 18:59:12,033 [ERROR] AdobePublisher:162 - Exception while opening the connection: java.net.SocketTimeoutException: Connect timed out
2025-08-28 18:59:15,211 [ERROR] AdobePublisher:162 - Exception while opening the connection: java.net.SocketTimeoutException: Read timed out
2025-08-28 22:15:09,557 [ERROR] LogOutputStream:75 - [STDERR_REDIRECT] 
