2025-08-21 11:06:54,217 [INFO] Activator:176 - 


2025-08-21 11:06:54,224 [INFO] Activator:177 - !SESSION log4j initialized
2025-08-21 11:07:00,729 [INFO] LogOutputStream:77 - [STDOUT_REDIRECT] 
2025-08-21 11:07:02,060 [INFO] ApplicationProperties:184 - Using Application install path: C:\ST\STM32CubeIDE_1.19.0\STM32CubeIDE\plugins\com.st.stm32cube.common.mx_6.15.0.202507011659
2025-08-21 11:07:02,084 [INFO] DbMcusXml:78 - Set database path to: C:\ST\STM32CubeIDE_1.19.0\STM32CubeIDE\plugins\com.st.stm32cube.common.mx_6.15.0.202507011659\\db\/mcu/
2025-08-21 11:07:02,084 [INFO] ApiDb:274 - Set plugin database path to: C:\ST\STM32CubeIDE_1.19.0\STM32CubeIDE\plugins\com.st.stm32cube.common.mx_6.15.0.202507011659\\db\/plugins/boardmanager/
2025-08-21 11:07:02,084 [WARN] ApiDb:259 - Overriding images path with different value:  => C:\ST\STM32CubeIDE_1.19.0\STM32CubeIDE\plugins\com.st.stm32cube.common.mx_6.15.0.202507011659\\db\/plugins/mcufinder/images/
2025-08-21 11:07:02,096 [INFO] ApiDb:250 - Set database path to: C:\Users\matth_ik1hap6\.stmcufinder\plugins\mcufinder//mcu/
2025-08-21 11:07:02,097 [INFO] DbMcusAds:125 - Set database path to: C:\Users\matth_ik1hap6\.stmcufinder\plugins\mcufinder//mcu/
2025-08-21 11:07:02,100 [INFO] CrossReferenceDbSqlite:203 - Set database path to: C:\Users\matth_ik1hap6\.stmcufinder\plugins\mcufinder//mcu/cs/
2025-08-21 11:07:02,241 [INFO] RulesReader:64 - Compatibility file has been processed (317 Rules)
2025-08-21 11:07:02,336 [INFO] DbMcusXml:78 - Set database path to: C:\ST\STM32CubeIDE_1.19.0\STM32CubeIDE\plugins\com.st.stm32cube.common.mx_6.15.0.202507011659\\db\/mcu/
2025-08-21 11:07:02,336 [INFO] ApiDb:274 - Set plugin database path to: C:\ST\STM32CubeIDE_1.19.0\STM32CubeIDE\plugins\com.st.stm32cube.common.mx_6.15.0.202507011659\\db\/plugins/boardmanager/
2025-08-21 11:07:02,336 [INFO] ApiDb:261 - Set plugin images path to: C:\ST\STM32CubeIDE_1.19.0\STM32CubeIDE\plugins\com.st.stm32cube.common.mx_6.15.0.202507011659\\db\/plugins/mcufinder/images/
2025-08-21 11:07:02,336 [WARN] DbFile:41 - Overriding database path with different value: C:\Users\matth_ik1hap6\.stmcufinder\plugins\mcufinder/ => C:\Users\matth_ik1hap6\.stmcufinder\plugins\mcufinder
2025-08-21 11:07:02,336 [INFO] ApiDb:250 - Set database path to: C:\Users\matth_ik1hap6\.stmcufinder\plugins\mcufinder//mcu/
2025-08-21 11:07:02,337 [WARN] DbFile:41 - Overriding database path with different value: C:\Users\matth_ik1hap6\.stmcufinder\plugins\mcufinder/ => C:\Users\matth_ik1hap6\.stmcufinder\plugins\mcufinder
2025-08-21 11:07:02,337 [INFO] DbMcusAds:125 - Set database path to: C:\Users\matth_ik1hap6\.stmcufinder\plugins\mcufinder//mcu/
2025-08-21 11:07:02,337 [WARN] DbFile:41 - Overriding database path with different value: C:\Users\matth_ik1hap6\.stmcufinder\plugins\mcufinder/ => C:\Users\matth_ik1hap6\.stmcufinder\plugins\mcufinder
2025-08-21 11:07:02,337 [WARN] DbFile:41 - Overriding database path with different value: C:\Users\matth_ik1hap6\.stmcufinder\plugins\mcufinder/ => C:\Users\matth_ik1hap6\.stmcufinder\plugins\mcufinder
2025-08-21 11:07:02,337 [INFO] CrossReferenceDbSqlite:203 - Set database path to: C:\Users\matth_ik1hap6\.stmcufinder\plugins\mcufinder//mcu/cs/
2025-08-21 11:07:02,429 [INFO] MainPanel:274 - HeapMemory: 268435456
2025-08-21 11:07:02,558 [INFO] DbMcusXml:78 - Set database path to: C:\ST\STM32CubeIDE_1.19.0\STM32CubeIDE\plugins\com.st.stm32cube.common.mx_6.15.0.202507011659\\db\/mcu/
2025-08-21 11:07:02,558 [INFO] ApiDb:274 - Set plugin database path to: C:\ST\STM32CubeIDE_1.19.0\STM32CubeIDE\plugins\com.st.stm32cube.common.mx_6.15.0.202507011659\\db\/plugins/boardmanager/
2025-08-21 11:07:02,558 [INFO] ApiDb:261 - Set plugin images path to: C:\ST\STM32CubeIDE_1.19.0\STM32CubeIDE\plugins\com.st.stm32cube.common.mx_6.15.0.202507011659\\db\/plugins/mcufinder/images/
2025-08-21 11:07:02,558 [WARN] DbFile:41 - Overriding database path with different value: C:\Users\matth_ik1hap6\.stmcufinder\plugins\mcufinder/ => C:\Users\matth_ik1hap6\.stmcufinder\plugins\mcufinder
2025-08-21 11:07:02,559 [INFO] ApiDb:250 - Set database path to: C:\Users\matth_ik1hap6\.stmcufinder\plugins\mcufinder//mcu/
2025-08-21 11:07:02,559 [WARN] DbFile:41 - Overriding database path with different value: C:\Users\matth_ik1hap6\.stmcufinder\plugins\mcufinder/ => C:\Users\matth_ik1hap6\.stmcufinder\plugins\mcufinder
2025-08-21 11:07:02,559 [INFO] DbMcusAds:125 - Set database path to: C:\Users\matth_ik1hap6\.stmcufinder\plugins\mcufinder//mcu/
2025-08-21 11:07:02,559 [WARN] DbFile:41 - Overriding database path with different value: C:\Users\matth_ik1hap6\.stmcufinder\plugins\mcufinder/ => C:\Users\matth_ik1hap6\.stmcufinder\plugins\mcufinder
2025-08-21 11:07:02,559 [WARN] DbFile:41 - Overriding database path with different value: C:\Users\matth_ik1hap6\.stmcufinder\plugins\mcufinder/ => C:\Users\matth_ik1hap6\.stmcufinder\plugins\mcufinder
2025-08-21 11:07:02,559 [INFO] CrossReferenceDbSqlite:203 - Set database path to: C:\Users\matth_ik1hap6\.stmcufinder\plugins\mcufinder//mcu/cs/
2025-08-21 11:07:02,578 [INFO] ApplicationProperties:184 - Using Application install path: C:\ST\STM32CubeIDE_1.19.0\STM32CubeIDE\plugins\com.st.stm32cube.common.mx_6.15.0.202507011659
2025-08-21 11:07:02,580 [INFO] PluginManage:196 - Search for loadable plugins [exclusion list=, ]
2025-08-21 11:07:02,581 [INFO] PluginManage:310 - Check plugin analytics
2025-08-21 11:07:02,795 [INFO] AnalyticsPlugin:253 - Accepted Software Licenses: 
2025-08-21 11:07:02,796 [INFO] AnalyticsPlugin:255 - Accepted CMSIS Pack Licenses: 
2025-08-21 11:07:02,796 [INFO] AnalyticsPlugin:257 - Accepted Firmware Licenses: FW.L4.1.18.0
2025-08-21 11:07:02,799 [INFO] PluginManage:359 - Loaded plugin analytics (category:tool,tabindex:-1)
2025-08-21 11:07:02,799 [INFO] PluginManage:310 - Check plugin cadmodel
2025-08-21 11:07:02,806 [INFO] CADModel:105 - Init CAD model plugin
2025-08-21 11:07:02,806 [INFO] PluginManage:359 - Loaded plugin cadmodel (category:power,tabindex:5)
2025-08-21 11:07:02,806 [INFO] PluginManage:310 - Check plugin clock
2025-08-21 11:07:02,816 [INFO] PluginManage:359 - Loaded plugin clock (category:base,tabindex:2)
2025-08-21 11:07:02,816 [INFO] PluginManage:310 - Check plugin ddr
2025-08-21 11:07:02,819 [INFO] PluginManage:359 - Loaded plugin ddr (category:tool,tabindex:6)
2025-08-21 11:07:02,820 [INFO] PluginManage:310 - Check plugin filemanager
2025-08-21 11:07:03,013 [INFO] PluginManage:359 - Loaded plugin filemanager (category:base,tabindex:10)
2025-08-21 11:07:03,013 [INFO] PluginManage:310 - Check plugin ipmanager
2025-08-21 11:07:03,021 [INFO] PluginManage:359 - Loaded plugin ipmanager (category:base,tabindex:5)
2025-08-21 11:07:03,021 [INFO] PluginManage:310 - Check plugin lpbam
2025-08-21 11:07:03,031 [INFO] PluginManage:359 - Loaded plugin lpbam (category:base,tabindex:0)
2025-08-21 11:07:03,032 [INFO] PluginManage:310 - Check plugin memorymap
2025-08-21 11:07:03,047 [INFO] PluginManage:359 - Loaded plugin memorymap (category:base,tabindex:4)
2025-08-21 11:07:03,048 [INFO] PluginManage:310 - Check plugin pinoutandconfiguration
2025-08-21 11:07:03,059 [INFO] PluginManage:359 - Loaded plugin pinoutandconfiguration (category:base,tabindex:1)
2025-08-21 11:07:03,059 [INFO] PluginManage:310 - Check plugin pinoutconfig
2025-08-21 11:07:03,160 [WARN] SupportedApi:132 - Cannot load RTOS API schema: s4s-elt-must-match.1: The content of 'definitions' must match (annotation?, (simpleType | complexType)?, (unique | key | keyref)*)). A problem was found starting at: attribute.
2025-08-21 11:07:03,313 [INFO] PluginManage:359 - Loaded plugin pinoutconfig (category:base,tabindex:0)
2025-08-21 11:07:03,313 [INFO] PluginManage:310 - Check plugin power
2025-08-21 11:07:03,326 [INFO] PluginManage:359 - Loaded plugin power (category:power,tabindex:4)
2025-08-21 11:07:03,326 [INFO] PluginManage:310 - Check plugin projectmanager
2025-08-21 11:07:03,344 [INFO] PluginManage:359 - Loaded plugin projectmanager (category:projectmanager,tabindex:4)
2025-08-21 11:07:03,345 [INFO] PluginManage:310 - Check plugin rif
2025-08-21 11:07:03,362 [INFO] PluginManage:359 - Loaded plugin rif (category:base,tabindex:3)
2025-08-21 11:07:03,362 [INFO] PluginManage:310 - Check plugin thirdparty
2025-08-21 11:07:03,524 [INFO] PluginManage:359 - Loaded plugin thirdparty (category:base,tabindex:-1)
2025-08-21 11:07:03,524 [WARN] IntegrityCheckThread:84 - waiting for thirdparty lock release [integrity check]
2025-08-21 11:07:03,524 [INFO] IntegrityCheckThread:86 - entering critical section [integrity check]
2025-08-21 11:07:03,524 [INFO] PluginManage:310 - Check plugin tools
2025-08-21 11:07:03,525 [INFO] ThirdPartyUpdaterWithRetryManager:70 - Updater plugin not ready yet. [1/15]
2025-08-21 11:07:03,528 [INFO] PluginManage:359 - Loaded plugin tools (category:base,tabindex:7)
2025-08-21 11:07:03,529 [INFO] PluginManage:310 - Check plugin tutovideos
2025-08-21 11:07:03,763 [INFO] PluginManage:359 - Loaded plugin tutovideos (category:base,tabindex:-1)
2025-08-21 11:07:03,763 [INFO] PluginManage:310 - Check plugin updater
2025-08-21 11:07:03,788 [INFO] PluginManage:359 - Loaded plugin updater (category:base,tabindex:12)
2025-08-21 11:07:03,788 [INFO] PluginManage:310 - Check plugin userauth
2025-08-21 11:07:03,793 [INFO] UserAuth:118 - Init User Auth plugin
2025-08-21 11:07:03,794 [INFO] PluginManage:359 - Loaded plugin userauth (category:base,tabindex:14)
2025-08-21 11:07:03,795 [INFO] PluginManage:283 - PluginManage : Loaded plugins [18]
2025-08-21 11:07:04,030 [INFO] PinOutPanel:1589 - setPackage(No Configuration,No Configuration)
2025-08-21 11:07:04,118 [INFO] CADModel:165 - CPN selected for project level
2025-08-21 11:07:04,118 [INFO] CADModel:114 - Register for checkConnection events
2025-08-21 11:07:04,137 [INFO] IPUIPlugin:80 - create IPUIPlugin
2025-08-21 11:07:04,137 [INFO] PluginManager:220 - loadIPPluginJar : add adc
2025-08-21 11:07:04,141 [INFO] IPUIPlugin:80 - create IPUIPlugin
2025-08-21 11:07:04,142 [INFO] PluginManager:220 - loadIPPluginJar : add aes
2025-08-21 11:07:04,144 [INFO] IPUIPlugin:80 - create IPUIPlugin
2025-08-21 11:07:04,145 [INFO] PluginManager:220 - loadIPPluginJar : add can
2025-08-21 11:07:04,146 [INFO] IPUIPlugin:80 - create IPUIPlugin
2025-08-21 11:07:04,146 [INFO] PluginManager:220 - loadIPPluginJar : add comp
2025-08-21 11:07:04,149 [INFO] IPUIPlugin:80 - create IPUIPlugin
2025-08-21 11:07:04,149 [INFO] PluginManager:220 - loadIPPluginJar : add cryp
2025-08-21 11:07:04,151 [INFO] IPUIPlugin:80 - create IPUIPlugin
2025-08-21 11:07:04,151 [INFO] PluginManager:220 - loadIPPluginJar : add ddr_ctrl_phy
2025-08-21 11:07:04,151 [INFO] IPUIPlugin:80 - create IPUIPlugin
2025-08-21 11:07:04,151 [INFO] PluginManager:220 - loadIPPluginJar : add dfsdm
2025-08-21 11:07:04,159 [INFO] IPUIPlugin:80 - create IPUIPlugin
2025-08-21 11:07:04,159 [INFO] PluginManager:220 - loadIPPluginJar : add dma
2025-08-21 11:07:04,166 [INFO] IPUIPlugin:80 - create IPUIPlugin
2025-08-21 11:07:04,166 [INFO] PluginManager:220 - loadIPPluginJar : add dma3
2025-08-21 11:07:04,169 [INFO] IPUIPlugin:80 - create IPUIPlugin
2025-08-21 11:07:04,169 [INFO] PluginManager:220 - loadIPPluginJar : add extmemmanager
2025-08-21 11:07:04,169 [INFO] IPUIPlugin:80 - create IPUIPlugin
2025-08-21 11:07:04,169 [INFO] PluginManager:220 - loadIPPluginJar : add fatfs
2025-08-21 11:07:04,176 [INFO] IPUIPlugin:80 - create IPUIPlugin
2025-08-21 11:07:04,176 [INFO] PluginManager:220 - loadIPPluginJar : add fmc
2025-08-21 11:07:04,182 [INFO] IPUIPlugin:80 - create IPUIPlugin
2025-08-21 11:07:04,182 [INFO] PluginManager:220 - loadIPPluginJar : add freertos
2025-08-21 11:07:04,186 [INFO] IPUIPlugin:80 - create IPUIPlugin
2025-08-21 11:07:04,186 [INFO] PluginManager:220 - loadIPPluginJar : add genericplugin
2025-08-21 11:07:04,188 [INFO] IPUIPlugin:80 - create IPUIPlugin
2025-08-21 11:07:04,188 [INFO] PluginManager:220 - loadIPPluginJar : add gfxmmu
2025-08-21 11:07:04,194 [INFO] IPUIPlugin:80 - create IPUIPlugin
2025-08-21 11:07:04,194 [INFO] PluginManager:220 - loadIPPluginJar : add gic
2025-08-21 11:07:04,197 [INFO] IPUIPlugin:80 - create IPUIPlugin
2025-08-21 11:07:04,197 [INFO] PluginManager:220 - loadIPPluginJar : add gpio
2025-08-21 11:07:04,198 [INFO] IPUIPlugin:80 - create IPUIPlugin
2025-08-21 11:07:04,198 [INFO] PluginManager:220 - loadIPPluginJar : add gtzc
2025-08-21 11:07:04,198 [INFO] IPUIPlugin:80 - create IPUIPlugin
2025-08-21 11:07:04,198 [INFO] PluginManager:220 - loadIPPluginJar : add hash
2025-08-21 11:07:04,206 [INFO] IPUIPlugin:80 - create IPUIPlugin
2025-08-21 11:07:04,206 [INFO] PluginManager:220 - loadIPPluginJar : add i2c
2025-08-21 11:07:04,206 [INFO] IPUIPlugin:80 - create IPUIPlugin
2025-08-21 11:07:04,209 [INFO] PluginManager:220 - loadIPPluginJar : add i2s
2025-08-21 11:07:04,209 [INFO] IPUIPlugin:80 - create IPUIPlugin
2025-08-21 11:07:04,209 [INFO] PluginManager:220 - loadIPPluginJar : add i3c
2025-08-21 11:07:04,214 [INFO] IPUIPlugin:80 - create IPUIPlugin
2025-08-21 11:07:04,214 [INFO] PluginManager:220 - loadIPPluginJar : add ipddr
2025-08-21 11:07:04,222 [INFO] IPUIPlugin:80 - create IPUIPlugin
2025-08-21 11:07:04,222 [INFO] PluginManager:220 - loadIPPluginJar : add linkedlist
2025-08-21 11:07:04,222 [INFO] IPUIPlugin:80 - create IPUIPlugin
2025-08-21 11:07:04,222 [INFO] PluginManager:220 - loadIPPluginJar : add lorawan
2025-08-21 11:07:04,222 [INFO] IPUIPlugin:80 - create IPUIPlugin
2025-08-21 11:07:04,222 [INFO] PluginManager:220 - loadIPPluginJar : add ltdc
2025-08-21 11:07:04,230 [INFO] IPUIPlugin:80 - create IPUIPlugin
2025-08-21 11:07:04,230 [INFO] PluginManager:220 - loadIPPluginJar : add mdma
2025-08-21 11:07:04,230 [INFO] IPUIPlugin:80 - create IPUIPlugin
2025-08-21 11:07:04,230 [INFO] PluginManager:220 - loadIPPluginJar : add nvic
2025-08-21 11:07:04,243 [INFO] IPUIPlugin:80 - create IPUIPlugin
2025-08-21 11:07:04,243 [INFO] PluginManager:220 - loadIPPluginJar : add opamp
2025-08-21 11:07:04,246 [INFO] IPUIPlugin:80 - create IPUIPlugin
2025-08-21 11:07:04,246 [INFO] PluginManager:220 - loadIPPluginJar : add openamp
2025-08-21 11:07:04,246 [INFO] IPUIPlugin:80 - create IPUIPlugin
2025-08-21 11:07:04,246 [INFO] PluginManager:220 - loadIPPluginJar : add pdm2pcm
2025-08-21 11:07:04,246 [INFO] IPUIPlugin:80 - create IPUIPlugin
2025-08-21 11:07:04,258 [INFO] PluginManager:220 - loadIPPluginJar : add plateformsettings
2025-08-21 11:07:04,258 [INFO] IPUIPlugin:80 - create IPUIPlugin
2025-08-21 11:07:04,258 [INFO] PluginManager:220 - loadIPPluginJar : add quadspi
2025-08-21 11:07:04,262 [INFO] IPUIPlugin:80 - create IPUIPlugin
2025-08-21 11:07:04,262 [INFO] PluginManager:220 - loadIPPluginJar : add radio
2025-08-21 11:07:04,267 [INFO] IPUIPlugin:80 - create IPUIPlugin
2025-08-21 11:07:04,267 [INFO] PluginManager:220 - loadIPPluginJar : add resmgrutility
2025-08-21 11:07:04,269 [INFO] IPUIPlugin:80 - create IPUIPlugin
2025-08-21 11:07:04,269 [INFO] PluginManager:220 - loadIPPluginJar : add sai
2025-08-21 11:07:04,272 [INFO] IPUIPlugin:80 - create IPUIPlugin
2025-08-21 11:07:04,272 [INFO] PluginManager:220 - loadIPPluginJar : add spi
2025-08-21 11:07:04,278 [INFO] IPUIPlugin:80 - create IPUIPlugin
2025-08-21 11:07:04,278 [INFO] PluginManager:220 - loadIPPluginJar : add stm32_wpan
2025-08-21 11:07:04,280 [INFO] IPUIPlugin:80 - create IPUIPlugin
2025-08-21 11:07:04,280 [INFO] PluginManager:220 - loadIPPluginJar : add tim
2025-08-21 11:07:04,280 [INFO] IPUIPlugin:80 - create IPUIPlugin
2025-08-21 11:07:04,280 [INFO] PluginManager:220 - loadIPPluginJar : add touchsensing
2025-08-21 11:07:04,280 [INFO] IPUIPlugin:80 - create IPUIPlugin
2025-08-21 11:07:04,280 [INFO] PluginManager:220 - loadIPPluginJar : add tracer_emb
2025-08-21 11:07:04,280 [INFO] IPUIPlugin:80 - create IPUIPlugin
2025-08-21 11:07:04,280 [INFO] PluginManager:220 - loadIPPluginJar : add ts
2025-08-21 11:07:04,280 [INFO] IPUIPlugin:80 - create IPUIPlugin
2025-08-21 11:07:04,280 [INFO] PluginManager:220 - loadIPPluginJar : add tsc
2025-08-21 11:07:04,293 [INFO] IPUIPlugin:80 - create IPUIPlugin
2025-08-21 11:07:04,293 [INFO] PluginManager:220 - loadIPPluginJar : add ucpd
2025-08-21 11:07:04,293 [INFO] IPUIPlugin:80 - create IPUIPlugin
2025-08-21 11:07:04,293 [INFO] PluginManager:220 - loadIPPluginJar : add usart
2025-08-21 11:07:04,293 [INFO] IPUIPlugin:80 - create IPUIPlugin
2025-08-21 11:07:04,293 [INFO] PluginManager:220 - loadIPPluginJar : add usbx
2025-08-21 11:07:04,428 [FATAL] Updater:351 - Updater called before beeing initialized
2025-08-21 11:07:04,466 [INFO] RulesReader:64 - Compatibility file has been processed (317 Rules)
2025-08-21 11:07:04,489 [INFO] RulesReader:64 - Compatibility file has been processed (317 Rules)
2025-08-21 11:07:04,496 [INFO] CADModel:165 - CPN selected for project level
2025-08-21 11:07:04,496 [INFO] CADModel:114 - Register for checkConnection events
2025-08-21 11:07:04,496 [FATAL] Updater:351 - Updater called before beeing initialized
2025-08-21 11:07:04,496 [ERROR] CADModel:125 - Updater not yet initialized, retry later 
2025-08-21 11:07:04,678 [FATAL] Updater:351 - Updater called before beeing initialized
2025-08-21 11:07:04,681 [INFO] CADModel:165 - CPN selected for project level
2025-08-21 11:07:04,681 [INFO] CADModel:114 - Register for checkConnection events
2025-08-21 11:07:04,681 [FATAL] Updater:351 - Updater called before beeing initialized
2025-08-21 11:07:04,682 [ERROR] CADModel:125 - Updater not yet initialized, retry later 
2025-08-21 11:07:04,682 [FATAL] Updater:351 - Updater called before beeing initialized
2025-08-21 11:07:04,814 [FATAL] Updater:351 - Updater called before beeing initialized
2025-08-21 11:07:04,816 [INFO] DbMcusAds:53 - JSON generation date=Tue Jul 08 12:14:23 GST 2025 (1751962463582)
2025-08-21 11:07:04,816 [FATAL] Updater:351 - Updater called before beeing initialized
2025-08-21 11:07:04,878 [WARN] DetailPanel:346 - Failed to get advertising image, set to default
2025-08-21 11:07:04,985 [FATAL] Updater:351 - Updater called before beeing initialized
2025-08-21 11:07:04,989 [FATAL] Updater:351 - Updater called before beeing initialized
2025-08-21 11:07:04,989 [FATAL] Updater:351 - Updater called before beeing initialized
2025-08-21 11:07:04,989 [WARN] DetailPanel:346 - Failed to get advertising image, set to default
2025-08-21 11:07:04,991 [FATAL] Updater:351 - Updater called before beeing initialized
2025-08-21 11:07:05,078 [ERROR] Updater:1198 - MainUpdater not yet initialized. External WinMGr cannot be set.
2025-08-21 11:07:05,080 [INFO] Updater:1134 - Updater Version found : 6.15.0
2025-08-21 11:07:05,122 [INFO] ApplicationProperties:184 - Using Application install path: C:\ST\STM32CubeIDE_1.19.0\STM32CubeIDE\plugins\com.st.stm32cube.common.mx_6.15.0.202507011659
2025-08-21 11:07:06,526 [INFO] ThirdPartyUpdaterWithRetryManager:70 - Updater plugin not ready yet. [2/15]
2025-08-21 11:07:06,765 [ERROR] LogOutputStream:75 - [STDERR_REDIRECT] Aug 21, 2025 11:07:06 AM java.util.prefs.WindowsPreferences <init>
2025-08-21 11:07:06,765 [ERROR] LogOutputStream:75 - [STDERR_REDIRECT] WARNING: Could not open/create prefs root node Software\JavaSoft\Prefs at root 0xffffffff80000002. Windows RegCreateKeyEx(...) returned error code 5.
2025-08-21 11:07:06,765 [ERROR] LogOutputStream:75 - [STDERR_REDIRECT] 
2025-08-21 11:07:07,523 [INFO] MainUpdater:2872 - connection check result : 10
2025-08-21 11:07:07,523 [INFO] MainUpdater:289 - Updater Check For Update Now.
2025-08-21 11:07:07,523 [INFO] MicroXplorer:498 - Change Database Version : DB.6.0.150
2025-08-21 11:07:07,542 [INFO] McuFinderGlobals:63 - Set McuFinder mode to 2 (CubeIDE integrated)
2025-08-21 11:07:07,542 [INFO] UserAuth:171 - activating auth plugin
2025-08-21 11:07:07,548 [INFO] UserAuth:487 - Internet connection configuration mode: 1
2025-08-21 11:07:07,599 [INFO] JxBrowserEngine:152 - Initiate JxBrowser Engine with user profile folder
2025-08-21 11:07:07,761 [INFO] CheckServerUpdateThread:120 - End of CheckServer Thread
2025-08-21 11:07:09,878 [WARN] PackLoader:240 - Cannot read IP mode file for STMicroelectronics.FP-SNS-MOTENVWB1.1.4.0
2025-08-21 11:07:09,891 [WARN] PackLoader:240 - Cannot read IP mode file for STMicroelectronics.FP-ATR-ASTRA1.2.0.2
2025-08-21 11:07:09,904 [WARN] PackLoader:240 - Cannot read IP mode file for STMicroelectronics.X-CUBE-SMBUS.2.1.0
2025-08-21 11:07:09,912 [WARN] PackLoader:240 - Cannot read IP mode file for STMicroelectronics.X-CUBE-ST60.1.0.0
2025-08-21 11:07:09,966 [WARN] PackLoader:240 - Cannot read IP mode file for STMicroelectronics.X-CUBE-AZRTOS-F7.1.1.0
2025-08-21 11:07:10,012 [WARN] PackLoader:240 - Cannot read IP mode file for Infineon.AIROC-Wi-Fi-Bluetooth-STM32.1.7.1
2025-08-21 11:07:10,055 [WARN] PackLoader:240 - Cannot read IP mode file for STMicroelectronics.X-CUBE-AZRTOS-H7.3.4.0
2025-08-21 11:07:10,069 [WARN] PackLoader:240 - Cannot read IP mode file for STMicroelectronics.X-CUBE-DISPLAY.3.0.0
2025-08-21 11:07:10,090 [WARN] PackLoader:240 - Cannot read IP mode file for STMicroelectronics.X-CUBE-NFC10.1.0.0
2025-08-21 11:07:10,099 [WARN] PackLoader:240 - Cannot read IP mode file for emotas.I-CUBE-CANOPEN.1.3.0
2025-08-21 11:07:10,109 [WARN] PackLoader:240 - Cannot read IP mode file for STMicroelectronics.FP-SNS-STBOX1.2.1.0
2025-08-21 11:07:10,122 [WARN] PackLoader:240 - Cannot read IP mode file for STMicroelectronics.FP-SNS-SMARTAG2.1.2.0
2025-08-21 11:07:10,131 [WARN] PackLoader:240 - Cannot read IP mode file for STMicroelectronics.FP-SNS-FLIGHT1.5.1.0
2025-08-21 11:07:10,152 [INFO] LogOutputStream:77 - [STDOUT_REDIRECT] 1 : Invalid condition id : UX_CORESTACK_Condition cause : null
2025-08-21 11:07:10,154 [INFO] LogOutputStream:77 - [STDOUT_REDIRECT] 1 : Invalid condition id : UX_CORESTACK_Condition cause : null
2025-08-21 11:07:10,156 [INFO] LogOutputStream:77 - [STDOUT_REDIRECT] 1 : Invalid condition id : UX_CORESTACK_Condition cause : null
2025-08-21 11:07:10,158 [INFO] LogOutputStream:77 - [STDOUT_REDIRECT] 1 : Invalid condition id : UX_CORESTACK_Condition cause : null
2025-08-21 11:07:10,162 [INFO] LogOutputStream:77 - [STDOUT_REDIRECT] 1 : Invalid condition id : UX_CORESTACK_Condition cause : null
2025-08-21 11:07:10,166 [WARN] PackLoader:240 - Cannot read IP mode file for STMicroelectronics.X-CUBE-AZRTOS-WL.2.0.0
2025-08-21 11:07:10,204 [WARN] PackLoader:240 - Cannot read IP mode file for STMicroelectronics.FP-SNS-MOTENV1.5.0.0
2025-08-21 11:07:10,222 [WARN] PackLoader:240 - Cannot read IP mode file for WES.I-CUBE-Cesium.1.3.0
2025-08-21 11:07:10,231 [WARN] PackLoader:240 - Cannot read IP mode file for STMicroelectronics.X-CUBE-BLE2.3.3.0
2025-08-21 11:07:10,243 [WARN] PackLoader:240 - Cannot read IP mode file for STMicroelectronics.X-CUBE-NFC9.1.0.0
2025-08-21 11:07:10,251 [WARN] PackLoader:240 - Cannot read IP mode file for wolfSSL.I-CUBE-wolfSSL.5.8.2
2025-08-21 11:07:10,259 [WARN] PackLoader:240 - Cannot read IP mode file for STMicroelectronics.X-CUBE-BLE1.7.1.0
2025-08-21 11:07:10,264 [WARN] PackLoader:240 - Cannot read IP mode file for wolfSSL.I-CUBE-wolfMQTT.1.19.2
2025-08-21 11:07:10,301 [WARN] PackLoader:240 - Cannot read IP mode file for STMicroelectronics.X-CUBE-EEPRMA1.5.2.0
2025-08-21 11:07:10,346 [WARN] PackLoader:240 - Cannot read IP mode file for STMicroelectronics.X-CUBE-AZRTOS-G0.1.1.0
2025-08-21 11:07:10,366 [WARN] PackLoader:240 - Cannot read IP mode file for STMicroelectronics.X-CUBE-SAFEA1.1.2.2
2025-08-21 11:07:10,373 [WARN] PackLoader:240 - Cannot read IP mode file for STMicroelectronics.X-CUBE-NFC4.3.0.0
2025-08-21 11:07:10,385 [WARN] PackLoader:240 - Cannot read IP mode file for EmbeddedOffice.I-CUBE-FS-RTOS.1.0.1
2025-08-21 11:07:10,396 [WARN] PackLoader:240 - Cannot read IP mode file for STMicroelectronics.X-CUBE-WB05N.2.0.0
2025-08-21 11:07:10,402 [WARN] PackLoader:240 - Cannot read IP mode file for wolfSSL.I-CUBE-wolfTPM.3.8.0
2025-08-21 11:07:10,408 [WARN] PackLoader:240 - Cannot read IP mode file for STMicroelectronics.X-CUBE-TCPP.4.2.0
2025-08-21 11:07:10,416 [WARN] PackLoader:240 - Cannot read IP mode file for RealThread.X-CUBE-RT-Thread_Nano.4.1.1
2025-08-21 11:07:10,422 [WARN] PackLoader:240 - Cannot read IP mode file for STMicroelectronics.FP-ATR-SIGFOX1.3.2.0
2025-08-21 11:07:10,427 [WARN] PackLoader:240 - Cannot read IP mode file for ITTIA_DB.I-CUBE-ITTIADB.8.9.0
2025-08-21 11:07:10,437 [WARN] PackLoader:240 - Cannot read IP mode file for STMicroelectronics.X-CUBE-ST67W61.1.0.0
2025-08-21 11:07:10,447 [WARN] PackLoader:240 - Cannot read IP mode file for STMicroelectronics.X-CUBE-AI.10.2.0
2025-08-21 11:07:10,477 [WARN] PackLoader:240 - Cannot read IP mode file for SEGGER.I-CUBE-embOS.1.3.1
2025-08-21 11:07:10,508 [INFO] WebApp:169 - Instantiating new browser for Auth
2025-08-21 11:07:10,518 [WARN] PackLoader:240 - Cannot read IP mode file for STMicroelectronics.X-CUBE-ALGOBUILD.1.4.0
2025-08-21 11:07:10,622 [WARN] PackLoader:240 - Cannot read IP mode file for STMicroelectronics.X-CUBE-MEMS1.11.3.0
2025-08-21 11:07:10,792 [WARN] PackLoader:240 - Cannot read IP mode file for STMicroelectronics.X-CUBE-PM33A1.1.0.0
2025-08-21 11:07:10,805 [WARN] PackLoader:240 - Cannot read IP mode file for STMicroelectronics.X-CUBE-AZRTOS-F4.1.1.0
2025-08-21 11:07:10,805 [WARN] PackLoader:240 - Cannot read IP mode file for Avnet-IotConnect.X-CUBE-IoTC-DA16k-PMOD.1.0.0
2025-08-21 11:07:10,819 [WARN] PackLoader:240 - Cannot read IP mode file for STMicroelectronics.X-CUBE-ISPU.2.1.0
2025-08-21 11:07:10,827 [WARN] PackLoader:240 - Cannot read IP mode file for STMicroelectronics.X-CUBE-NFC12.1.0.0
2025-08-21 11:07:10,848 [WARN] PackLoader:240 - Cannot read IP mode file for STMicroelectronics.X-CUBE-AZRTOS-L5.2.0.0
2025-08-21 11:07:10,865 [WARN] PackLoader:240 - Cannot read IP mode file for STMicroelectronics.X-CUBE-NFC6.3.1.0
2025-08-21 11:07:10,881 [WARN] PackLoader:240 - Cannot read IP mode file for STMicroelectronics.X-CUBE-FREERTOS.1.3.1
2025-08-21 11:07:10,894 [WARN] PackLoader:240 - Cannot read IP mode file for STMicroelectronics.FP-SNS-STAIOTCFT.1.0.0
2025-08-21 11:07:10,903 [WARN] PackLoader:240 - Cannot read IP mode file for STMicroelectronics.X-CUBE-DPower.1.3.0
2025-08-21 11:07:10,918 [WARN] ConditionMgr:438 - getConditionDescription Invalid condition id : LAN8742 Phy interface Condition cause : null
2025-08-21 11:07:10,920 [WARN] PackLoader:240 - Cannot read IP mode file for STMicroelectronics.X-CUBE-AZRTOS-L4.2.0.0
2025-08-21 11:07:10,922 [WARN] ConditionMgr:1044 - genDependencies : Invalid condition id : LAN8742 Phy interface Condition cause : null
2025-08-21 11:07:10,922 [WARN] ConditionMgr:1044 - genDependencies : Invalid condition id : LAN8742 Phy interface Condition cause : null
2025-08-21 11:07:10,922 [WARN] ConditionMgr:1044 - genDependencies : Invalid condition id : LAN8742 Phy interface Condition cause : null
2025-08-21 11:07:10,933 [WARN] PackLoader:240 - Cannot read IP mode file for STMicroelectronics.X-CUBE-SFXS2LP1.4.0.0
2025-08-21 11:07:10,942 [WARN] PackLoader:240 - Cannot read IP mode file for STMicroelectronics.X-CUBE-BLEMGR.4.1.0
2025-08-21 11:07:10,958 [WARN] ConditionMgr:438 - getConditionDescription Invalid condition id : UX DEVICE CLASS RTOS Condition cause : null
2025-08-21 11:07:10,958 [WARN] ConditionMgr:438 - getConditionDescription Invalid condition id : UX DEVICE CLASS RTOS Condition cause : null
2025-08-21 11:07:10,958 [WARN] PackLoader:240 - Cannot read IP mode file for STMicroelectronics.X-CUBE-AZRTOS-WB.2.0.0
2025-08-21 11:07:10,958 [WARN] ConditionMgr:1044 - genDependencies : Invalid condition id : UX DEVICE CLASS RTOS Condition cause : null
2025-08-21 11:07:10,958 [WARN] ConditionMgr:1044 - genDependencies : Invalid condition id : UX DEVICE CLASS RTOS Condition cause : null
2025-08-21 11:07:10,958 [WARN] ConditionMgr:1044 - genDependencies : Invalid condition id : UX DEVICE CLASS RTOS Condition cause : null
2025-08-21 11:07:10,958 [WARN] ConditionMgr:1044 - genDependencies : Invalid condition id : UX DEVICE CLASS RTOS Condition cause : null
2025-08-21 11:07:10,958 [WARN] ConditionMgr:1044 - genDependencies : Invalid condition id : UX DEVICE CLASS RTOS Condition cause : null
2025-08-21 11:07:10,971 [WARN] PackLoader:240 - Cannot read IP mode file for STMicroelectronics.X-CUBE-GNSS1.7.0.1
2025-08-21 11:07:10,979 [WARN] PackLoader:240 - Cannot read IP mode file for STMicroelectronics.X-CUBE-TOUCHGFX.4.25.0
2025-08-21 11:07:10,986 [WARN] ConditionMgr:438 - getConditionDescription Invalid condition id : Cortex-A Device cause : null
2025-08-21 11:07:10,999 [WARN] ConditionMgr:1044 - genDependencies : Invalid condition id : Cortex-A Device cause : null
2025-08-21 11:07:10,999 [WARN] ConditionMgr:1044 - genDependencies : Invalid condition id : Cortex-A Device cause : null
2025-08-21 11:07:10,999 [WARN] ConditionMgr:1044 - genDependencies : Invalid condition id : Cortex-A Device cause : null
2025-08-21 11:07:11,011 [WARN] PackLoader:240 - Cannot read IP mode file for STMicroelectronics.X-CUBE-SUBG2.5.0.0
2025-08-21 11:07:11,026 [WARN] PackLoader:240 - Cannot read IP mode file for STMicroelectronics.X-CUBE-AZRTOS-H7RS.1.1.0
2025-08-21 11:07:11,036 [WARN] PackLoader:240 - Cannot read IP mode file for Cesanta.I-CUBE-Mongoose.7.13.0
2025-08-21 11:07:11,041 [WARN] PackLoader:240 - Cannot read IP mode file for STMicroelectronics.X-CUBE-AZRTOS-G4.2.0.0
2025-08-21 11:07:11,057 [WARN] PackLoader:240 - Cannot read IP mode file for wolfSSL.I-CUBE-wolfSSH.1.4.20
2025-08-21 11:07:11,057 [WARN] PackLoader:240 - Cannot read IP mode file for STMicroelectronics.X-CUBE-NFC7.2.0.0
2025-08-21 11:07:11,078 [WARN] PackLoader:240 - Cannot read IP mode file for STMicroelectronics.X-CUBE-IPS.3.1.0
2025-08-21 11:07:11,089 [WARN] PackLoader:240 - Cannot read IP mode file for STMicroelectronics.X-CUBE-ALS.1.0.2
2025-08-21 11:07:11,094 [WARN] PackLoader:240 - Cannot read IP mode file for portGmbH.I-Cube-SoM-uGOAL.1.1.0
2025-08-21 11:07:11,105 [WARN] PackLoader:240 - Cannot read IP mode file for STMicroelectronics.X-CUBE-TOF1.3.4.3
2025-08-21 11:07:11,117 [INFO] ThirdParty:978 - Integrity check success = true
2025-08-21 11:07:11,119 [INFO] IntegrityCheckThread:100 - exiting critical section [integrity check]
2025-08-21 11:07:11,119 [INFO] IntegrityCheckThread:103 - End integrity checks thread
2025-08-21 11:07:11,687 [INFO] WebApp:463 - Apply proxy settings
2025-08-21 11:07:11,690 [INFO] WebApp:548 - Chromium requires no authentication
2025-08-21 11:07:11,706 [INFO] WebApp:491 - Direct internet connection detected
2025-08-21 11:07:11,746 [INFO] WebApp:900 - Register for checkConnection events
2025-08-21 11:07:11,746 [INFO] WebApp:463 - Apply proxy settings
2025-08-21 11:07:11,746 [INFO] WebApp:548 - Chromium requires no authentication
2025-08-21 11:07:11,746 [INFO] WebApp:491 - Direct internet connection detected
2025-08-21 11:07:11,953 [INFO] WebApp:225 - Starting web application
2025-08-21 11:07:11,953 [INFO] WebApp:593 - Web application path used C:\ST\STM32CubeIDE_1.19.0\STM32CubeIDE\plugins\com.st.stm32cube.common.mx_6.15.0.202507011659\db\plugins\mcufinder\reactClient1\index.html
2025-08-21 11:07:12,557 [INFO] WebApp:191 - Connection restablished
2025-08-21 12:19:45,609 [INFO] MainUpdater:2872 - connection check result : 10
2025-08-21 12:19:46,412 [INFO] CheckServerUpdateThread:120 - End of CheckServer Thread
2025-08-21 12:20:23,745 [INFO] MainUpdater:2872 - connection check result : 10
2025-08-21 12:21:00,386 [INFO] MainUpdater:2872 - connection check result : 10
2025-08-21 12:21:00,402 [INFO] MainUpdater:665 - Updater currently busy
2025-08-21 12:23:08,567 [INFO] MainUpdater:2872 - connection check result : 10
2025-08-21 13:11:34,857 [INFO] LogOutputStream:77 - [STDOUT_REDIRECT] StartTraceHandler.execute(), success : Collect=false
2025-08-21 13:11:39,697 [INFO] LogOutputStream:77 - [STDOUT_REDIRECT] StartTraceHandler.execute(), success : Collect=true
2025-08-21 13:11:41,352 [INFO] LogOutputStream:77 - [STDOUT_REDIRECT] StartTraceHandler.execute(), success : Collect=false
2025-08-21 13:11:42,676 [INFO] LogOutputStream:77 - [STDOUT_REDIRECT] StartTraceHandler.execute(), success : Collect=true
2025-08-21 19:50:33,036 [ERROR] LogOutputStream:75 - [STDERR_REDIRECT] 
