2025-09-10 08:22:37,505 [INFO] Activator:176 - 


2025-09-10 08:22:37,513 [INFO] Activator:177 - !SESSION log4j initialized
2025-09-10 08:22:43,871 [INFO] LogOutputStream:77 - [STDOUT_REDIRECT] 
2025-09-10 08:22:44,780 [INFO] ApplicationProperties:184 - Using Application install path: C:\ST\STM32CubeIDE_1.19.0\STM32CubeIDE\plugins\com.st.stm32cube.common.mx_6.15.0.202507011659
2025-09-10 08:22:44,804 [INFO] DbMcusXml:78 - Set database path to: C:\ST\STM32CubeIDE_1.19.0\STM32CubeIDE\plugins\com.st.stm32cube.common.mx_6.15.0.202507011659\\db\/mcu/
2025-09-10 08:22:44,804 [INFO] ApiDb:274 - Set plugin database path to: C:\ST\STM32CubeIDE_1.19.0\STM32CubeIDE\plugins\com.st.stm32cube.common.mx_6.15.0.202507011659\\db\/plugins/boardmanager/
2025-09-10 08:22:44,804 [WARN] ApiDb:259 - Overriding images path with different value:  => C:\ST\STM32CubeIDE_1.19.0\STM32CubeIDE\plugins\com.st.stm32cube.common.mx_6.15.0.202507011659\\db\/plugins/mcufinder/images/
2025-09-10 08:22:44,816 [INFO] ApiDb:250 - Set database path to: C:\Users\matth_ik1hap6\.stmcufinder\plugins\mcufinder//mcu/
2025-09-10 08:22:44,818 [INFO] DbMcusAds:125 - Set database path to: C:\Users\matth_ik1hap6\.stmcufinder\plugins\mcufinder//mcu/
2025-09-10 08:22:44,820 [INFO] CrossReferenceDbSqlite:203 - Set database path to: C:\Users\matth_ik1hap6\.stmcufinder\plugins\mcufinder//mcu/cs/
2025-09-10 08:22:44,956 [INFO] RulesReader:64 - Compatibility file has been processed (317 Rules)
2025-09-10 08:22:45,051 [INFO] DbMcusXml:78 - Set database path to: C:\ST\STM32CubeIDE_1.19.0\STM32CubeIDE\plugins\com.st.stm32cube.common.mx_6.15.0.202507011659\\db\/mcu/
2025-09-10 08:22:45,051 [INFO] ApiDb:274 - Set plugin database path to: C:\ST\STM32CubeIDE_1.19.0\STM32CubeIDE\plugins\com.st.stm32cube.common.mx_6.15.0.202507011659\\db\/plugins/boardmanager/
2025-09-10 08:22:45,051 [INFO] ApiDb:261 - Set plugin images path to: C:\ST\STM32CubeIDE_1.19.0\STM32CubeIDE\plugins\com.st.stm32cube.common.mx_6.15.0.202507011659\\db\/plugins/mcufinder/images/
2025-09-10 08:22:45,051 [WARN] DbFile:41 - Overriding database path with different value: C:\Users\matth_ik1hap6\.stmcufinder\plugins\mcufinder/ => C:\Users\matth_ik1hap6\.stmcufinder\plugins\mcufinder
2025-09-10 08:22:45,052 [INFO] ApiDb:250 - Set database path to: C:\Users\matth_ik1hap6\.stmcufinder\plugins\mcufinder//mcu/
2025-09-10 08:22:45,052 [WARN] DbFile:41 - Overriding database path with different value: C:\Users\matth_ik1hap6\.stmcufinder\plugins\mcufinder/ => C:\Users\matth_ik1hap6\.stmcufinder\plugins\mcufinder
2025-09-10 08:22:45,052 [INFO] DbMcusAds:125 - Set database path to: C:\Users\matth_ik1hap6\.stmcufinder\plugins\mcufinder//mcu/
2025-09-10 08:22:45,052 [WARN] DbFile:41 - Overriding database path with different value: C:\Users\matth_ik1hap6\.stmcufinder\plugins\mcufinder/ => C:\Users\matth_ik1hap6\.stmcufinder\plugins\mcufinder
2025-09-10 08:22:45,052 [WARN] DbFile:41 - Overriding database path with different value: C:\Users\matth_ik1hap6\.stmcufinder\plugins\mcufinder/ => C:\Users\matth_ik1hap6\.stmcufinder\plugins\mcufinder
2025-09-10 08:22:45,052 [INFO] CrossReferenceDbSqlite:203 - Set database path to: C:\Users\matth_ik1hap6\.stmcufinder\plugins\mcufinder//mcu/cs/
2025-09-10 08:22:45,140 [INFO] MainPanel:274 - HeapMemory: 268435456
2025-09-10 08:22:45,272 [INFO] DbMcusXml:78 - Set database path to: C:\ST\STM32CubeIDE_1.19.0\STM32CubeIDE\plugins\com.st.stm32cube.common.mx_6.15.0.202507011659\\db\/mcu/
2025-09-10 08:22:45,272 [INFO] ApiDb:274 - Set plugin database path to: C:\ST\STM32CubeIDE_1.19.0\STM32CubeIDE\plugins\com.st.stm32cube.common.mx_6.15.0.202507011659\\db\/plugins/boardmanager/
2025-09-10 08:22:45,272 [INFO] ApiDb:261 - Set plugin images path to: C:\ST\STM32CubeIDE_1.19.0\STM32CubeIDE\plugins\com.st.stm32cube.common.mx_6.15.0.202507011659\\db\/plugins/mcufinder/images/
2025-09-10 08:22:45,273 [WARN] DbFile:41 - Overriding database path with different value: C:\Users\matth_ik1hap6\.stmcufinder\plugins\mcufinder/ => C:\Users\matth_ik1hap6\.stmcufinder\plugins\mcufinder
2025-09-10 08:22:45,273 [INFO] ApiDb:250 - Set database path to: C:\Users\matth_ik1hap6\.stmcufinder\plugins\mcufinder//mcu/
2025-09-10 08:22:45,273 [WARN] DbFile:41 - Overriding database path with different value: C:\Users\matth_ik1hap6\.stmcufinder\plugins\mcufinder/ => C:\Users\matth_ik1hap6\.stmcufinder\plugins\mcufinder
2025-09-10 08:22:45,273 [INFO] DbMcusAds:125 - Set database path to: C:\Users\matth_ik1hap6\.stmcufinder\plugins\mcufinder//mcu/
2025-09-10 08:22:45,273 [WARN] DbFile:41 - Overriding database path with different value: C:\Users\matth_ik1hap6\.stmcufinder\plugins\mcufinder/ => C:\Users\matth_ik1hap6\.stmcufinder\plugins\mcufinder
2025-09-10 08:22:45,274 [WARN] DbFile:41 - Overriding database path with different value: C:\Users\matth_ik1hap6\.stmcufinder\plugins\mcufinder/ => C:\Users\matth_ik1hap6\.stmcufinder\plugins\mcufinder
2025-09-10 08:22:45,274 [INFO] CrossReferenceDbSqlite:203 - Set database path to: C:\Users\matth_ik1hap6\.stmcufinder\plugins\mcufinder//mcu/cs/
2025-09-10 08:22:45,297 [INFO] ApplicationProperties:184 - Using Application install path: C:\ST\STM32CubeIDE_1.19.0\STM32CubeIDE\plugins\com.st.stm32cube.common.mx_6.15.0.202507011659
2025-09-10 08:22:45,298 [INFO] PluginManage:196 - Search for loadable plugins [exclusion list=, ]
2025-09-10 08:22:45,300 [INFO] PluginManage:310 - Check plugin analytics
2025-09-10 08:22:45,509 [INFO] AnalyticsPlugin:253 - Accepted Software Licenses: 
2025-09-10 08:22:45,510 [INFO] AnalyticsPlugin:255 - Accepted CMSIS Pack Licenses: 
2025-09-10 08:22:45,510 [INFO] AnalyticsPlugin:257 - Accepted Firmware Licenses: FW.L4.1.18.0
2025-09-10 08:22:45,513 [INFO] PluginManage:359 - Loaded plugin analytics (category:tool,tabindex:-1)
2025-09-10 08:22:45,514 [INFO] PluginManage:310 - Check plugin cadmodel
2025-09-10 08:22:45,521 [INFO] CADModel:105 - Init CAD model plugin
2025-09-10 08:22:45,522 [INFO] PluginManage:359 - Loaded plugin cadmodel (category:power,tabindex:5)
2025-09-10 08:22:45,522 [INFO] PluginManage:310 - Check plugin clock
2025-09-10 08:22:45,537 [INFO] PluginManage:359 - Loaded plugin clock (category:base,tabindex:2)
2025-09-10 08:22:45,537 [INFO] PluginManage:310 - Check plugin ddr
2025-09-10 08:22:45,541 [INFO] PluginManage:359 - Loaded plugin ddr (category:tool,tabindex:6)
2025-09-10 08:22:45,541 [INFO] PluginManage:310 - Check plugin filemanager
2025-09-10 08:22:45,723 [INFO] PluginManage:359 - Loaded plugin filemanager (category:base,tabindex:10)
2025-09-10 08:22:45,724 [INFO] PluginManage:310 - Check plugin ipmanager
2025-09-10 08:22:45,733 [INFO] PluginManage:359 - Loaded plugin ipmanager (category:base,tabindex:5)
2025-09-10 08:22:45,733 [INFO] PluginManage:310 - Check plugin lpbam
2025-09-10 08:22:45,744 [INFO] PluginManage:359 - Loaded plugin lpbam (category:base,tabindex:0)
2025-09-10 08:22:45,744 [INFO] PluginManage:310 - Check plugin memorymap
2025-09-10 08:22:45,762 [INFO] PluginManage:359 - Loaded plugin memorymap (category:base,tabindex:4)
2025-09-10 08:22:45,762 [INFO] PluginManage:310 - Check plugin pinoutandconfiguration
2025-09-10 08:22:45,772 [INFO] PluginManage:359 - Loaded plugin pinoutandconfiguration (category:base,tabindex:1)
2025-09-10 08:22:45,772 [INFO] PluginManage:310 - Check plugin pinoutconfig
2025-09-10 08:22:45,884 [WARN] SupportedApi:132 - Cannot load RTOS API schema: s4s-elt-must-match.1: The content of 'definitions' must match (annotation?, (simpleType | complexType)?, (unique | key | keyref)*)). A problem was found starting at: attribute.
2025-09-10 08:22:46,041 [INFO] PluginManage:359 - Loaded plugin pinoutconfig (category:base,tabindex:0)
2025-09-10 08:22:46,043 [INFO] PluginManage:310 - Check plugin power
2025-09-10 08:22:46,058 [INFO] PluginManage:359 - Loaded plugin power (category:power,tabindex:4)
2025-09-10 08:22:46,058 [INFO] PluginManage:310 - Check plugin projectmanager
2025-09-10 08:22:46,077 [INFO] PluginManage:359 - Loaded plugin projectmanager (category:projectmanager,tabindex:4)
2025-09-10 08:22:46,077 [INFO] PluginManage:310 - Check plugin rif
2025-09-10 08:22:46,092 [INFO] PluginManage:359 - Loaded plugin rif (category:base,tabindex:3)
2025-09-10 08:22:46,092 [INFO] PluginManage:310 - Check plugin thirdparty
2025-09-10 08:22:46,271 [INFO] PluginManage:359 - Loaded plugin thirdparty (category:base,tabindex:-1)
2025-09-10 08:22:46,271 [WARN] IntegrityCheckThread:84 - waiting for thirdparty lock release [integrity check]
2025-09-10 08:22:46,271 [INFO] PluginManage:310 - Check plugin tools
2025-09-10 08:22:46,272 [INFO] IntegrityCheckThread:86 - entering critical section [integrity check]
2025-09-10 08:22:46,272 [INFO] ThirdPartyUpdaterWithRetryManager:70 - Updater plugin not ready yet. [1/15]
2025-09-10 08:22:46,275 [INFO] PluginManage:359 - Loaded plugin tools (category:base,tabindex:7)
2025-09-10 08:22:46,275 [INFO] PluginManage:310 - Check plugin tutovideos
2025-09-10 08:22:46,514 [INFO] PluginManage:359 - Loaded plugin tutovideos (category:base,tabindex:-1)
2025-09-10 08:22:46,514 [INFO] PluginManage:310 - Check plugin updater
2025-09-10 08:22:46,539 [INFO] PluginManage:359 - Loaded plugin updater (category:base,tabindex:12)
2025-09-10 08:22:46,539 [INFO] PluginManage:310 - Check plugin userauth
2025-09-10 08:22:46,545 [INFO] UserAuth:118 - Init User Auth plugin
2025-09-10 08:22:46,546 [INFO] PluginManage:359 - Loaded plugin userauth (category:base,tabindex:14)
2025-09-10 08:22:46,547 [INFO] PluginManage:283 - PluginManage : Loaded plugins [18]
2025-09-10 08:22:46,802 [INFO] PinOutPanel:1589 - setPackage(No Configuration,No Configuration)
2025-09-10 08:22:46,903 [INFO] CADModel:165 - CPN selected for project level
2025-09-10 08:22:46,903 [INFO] CADModel:114 - Register for checkConnection events
2025-09-10 08:22:46,927 [INFO] IPUIPlugin:80 - create IPUIPlugin
2025-09-10 08:22:46,928 [INFO] PluginManager:220 - loadIPPluginJar : add adc
2025-09-10 08:22:46,932 [INFO] IPUIPlugin:80 - create IPUIPlugin
2025-09-10 08:22:46,932 [INFO] PluginManager:220 - loadIPPluginJar : add aes
2025-09-10 08:22:46,936 [INFO] IPUIPlugin:80 - create IPUIPlugin
2025-09-10 08:22:46,936 [INFO] PluginManager:220 - loadIPPluginJar : add can
2025-09-10 08:22:46,938 [INFO] IPUIPlugin:80 - create IPUIPlugin
2025-09-10 08:22:46,938 [INFO] PluginManager:220 - loadIPPluginJar : add comp
2025-09-10 08:22:46,942 [INFO] IPUIPlugin:80 - create IPUIPlugin
2025-09-10 08:22:46,942 [INFO] PluginManager:220 - loadIPPluginJar : add cryp
2025-09-10 08:22:46,949 [INFO] IPUIPlugin:80 - create IPUIPlugin
2025-09-10 08:22:46,949 [INFO] PluginManager:220 - loadIPPluginJar : add ddr_ctrl_phy
2025-09-10 08:22:46,952 [INFO] IPUIPlugin:80 - create IPUIPlugin
2025-09-10 08:22:46,952 [INFO] PluginManager:220 - loadIPPluginJar : add dfsdm
2025-09-10 08:22:46,958 [INFO] IPUIPlugin:80 - create IPUIPlugin
2025-09-10 08:22:46,959 [INFO] PluginManager:220 - loadIPPluginJar : add dma
2025-09-10 08:22:46,963 [INFO] IPUIPlugin:80 - create IPUIPlugin
2025-09-10 08:22:46,963 [INFO] PluginManager:220 - loadIPPluginJar : add dma3
2025-09-10 08:22:46,967 [INFO] IPUIPlugin:80 - create IPUIPlugin
2025-09-10 08:22:46,967 [INFO] PluginManager:220 - loadIPPluginJar : add extmemmanager
2025-09-10 08:22:46,969 [INFO] IPUIPlugin:80 - create IPUIPlugin
2025-09-10 08:22:46,969 [INFO] PluginManager:220 - loadIPPluginJar : add fatfs
2025-09-10 08:22:46,975 [INFO] IPUIPlugin:80 - create IPUIPlugin
2025-09-10 08:22:46,976 [INFO] PluginManager:220 - loadIPPluginJar : add fmc
2025-09-10 08:22:46,983 [INFO] IPUIPlugin:80 - create IPUIPlugin
2025-09-10 08:22:46,983 [INFO] PluginManager:220 - loadIPPluginJar : add freertos
2025-09-10 08:22:46,985 [INFO] IPUIPlugin:80 - create IPUIPlugin
2025-09-10 08:22:46,985 [INFO] PluginManager:220 - loadIPPluginJar : add genericplugin
2025-09-10 08:22:46,989 [INFO] IPUIPlugin:80 - create IPUIPlugin
2025-09-10 08:22:46,989 [INFO] PluginManager:220 - loadIPPluginJar : add gfxmmu
2025-09-10 08:22:46,996 [INFO] IPUIPlugin:80 - create IPUIPlugin
2025-09-10 08:22:46,996 [INFO] PluginManager:220 - loadIPPluginJar : add gic
2025-09-10 08:22:47,001 [INFO] IPUIPlugin:80 - create IPUIPlugin
2025-09-10 08:22:47,001 [INFO] PluginManager:220 - loadIPPluginJar : add gpio
2025-09-10 08:22:47,008 [INFO] IPUIPlugin:80 - create IPUIPlugin
2025-09-10 08:22:47,008 [INFO] PluginManager:220 - loadIPPluginJar : add gtzc
2025-09-10 08:22:47,011 [INFO] IPUIPlugin:80 - create IPUIPlugin
2025-09-10 08:22:47,011 [INFO] PluginManager:220 - loadIPPluginJar : add hash
2025-09-10 08:22:47,014 [INFO] IPUIPlugin:80 - create IPUIPlugin
2025-09-10 08:22:47,015 [INFO] PluginManager:220 - loadIPPluginJar : add i2c
2025-09-10 08:22:47,018 [INFO] IPUIPlugin:80 - create IPUIPlugin
2025-09-10 08:22:47,018 [INFO] PluginManager:220 - loadIPPluginJar : add i2s
2025-09-10 08:22:47,022 [INFO] IPUIPlugin:80 - create IPUIPlugin
2025-09-10 08:22:47,022 [INFO] PluginManager:220 - loadIPPluginJar : add i3c
2025-09-10 08:22:47,026 [INFO] IPUIPlugin:80 - create IPUIPlugin
2025-09-10 08:22:47,026 [INFO] PluginManager:220 - loadIPPluginJar : add ipddr
2025-09-10 08:22:47,034 [INFO] IPUIPlugin:80 - create IPUIPlugin
2025-09-10 08:22:47,034 [INFO] PluginManager:220 - loadIPPluginJar : add linkedlist
2025-09-10 08:22:47,039 [INFO] IPUIPlugin:80 - create IPUIPlugin
2025-09-10 08:22:47,039 [INFO] PluginManager:220 - loadIPPluginJar : add lorawan
2025-09-10 08:22:47,042 [INFO] IPUIPlugin:80 - create IPUIPlugin
2025-09-10 08:22:47,042 [INFO] PluginManager:220 - loadIPPluginJar : add ltdc
2025-09-10 08:22:47,048 [INFO] IPUIPlugin:80 - create IPUIPlugin
2025-09-10 08:22:47,049 [INFO] PluginManager:220 - loadIPPluginJar : add mdma
2025-09-10 08:22:47,053 [INFO] IPUIPlugin:80 - create IPUIPlugin
2025-09-10 08:22:47,054 [INFO] PluginManager:220 - loadIPPluginJar : add nvic
2025-09-10 08:22:47,057 [INFO] IPUIPlugin:80 - create IPUIPlugin
2025-09-10 08:22:47,057 [INFO] PluginManager:220 - loadIPPluginJar : add opamp
2025-09-10 08:22:47,061 [INFO] IPUIPlugin:80 - create IPUIPlugin
2025-09-10 08:22:47,061 [INFO] PluginManager:220 - loadIPPluginJar : add openamp
2025-09-10 08:22:47,065 [INFO] IPUIPlugin:80 - create IPUIPlugin
2025-09-10 08:22:47,065 [INFO] PluginManager:220 - loadIPPluginJar : add pdm2pcm
2025-09-10 08:22:47,073 [INFO] IPUIPlugin:80 - create IPUIPlugin
2025-09-10 08:22:47,076 [INFO] PluginManager:220 - loadIPPluginJar : add plateformsettings
2025-09-10 08:22:47,079 [INFO] IPUIPlugin:80 - create IPUIPlugin
2025-09-10 08:22:47,079 [INFO] PluginManager:220 - loadIPPluginJar : add quadspi
2025-09-10 08:22:47,082 [INFO] IPUIPlugin:80 - create IPUIPlugin
2025-09-10 08:22:47,082 [INFO] PluginManager:220 - loadIPPluginJar : add radio
2025-09-10 08:22:47,087 [INFO] IPUIPlugin:80 - create IPUIPlugin
2025-09-10 08:22:47,088 [INFO] PluginManager:220 - loadIPPluginJar : add resmgrutility
2025-09-10 08:22:47,093 [INFO] IPUIPlugin:80 - create IPUIPlugin
2025-09-10 08:22:47,093 [INFO] PluginManager:220 - loadIPPluginJar : add sai
2025-09-10 08:22:47,096 [INFO] IPUIPlugin:80 - create IPUIPlugin
2025-09-10 08:22:47,096 [INFO] PluginManager:220 - loadIPPluginJar : add spi
2025-09-10 08:22:47,105 [INFO] IPUIPlugin:80 - create IPUIPlugin
2025-09-10 08:22:47,105 [INFO] PluginManager:220 - loadIPPluginJar : add stm32_wpan
2025-09-10 08:22:47,108 [INFO] IPUIPlugin:80 - create IPUIPlugin
2025-09-10 08:22:47,108 [INFO] PluginManager:220 - loadIPPluginJar : add tim
2025-09-10 08:22:47,113 [INFO] IPUIPlugin:80 - create IPUIPlugin
2025-09-10 08:22:47,113 [INFO] PluginManager:220 - loadIPPluginJar : add touchsensing
2025-09-10 08:22:47,117 [INFO] IPUIPlugin:80 - create IPUIPlugin
2025-09-10 08:22:47,117 [INFO] PluginManager:220 - loadIPPluginJar : add tracer_emb
2025-09-10 08:22:47,120 [INFO] IPUIPlugin:80 - create IPUIPlugin
2025-09-10 08:22:47,120 [INFO] PluginManager:220 - loadIPPluginJar : add ts
2025-09-10 08:22:47,123 [INFO] IPUIPlugin:80 - create IPUIPlugin
2025-09-10 08:22:47,123 [INFO] PluginManager:220 - loadIPPluginJar : add tsc
2025-09-10 08:22:47,126 [INFO] IPUIPlugin:80 - create IPUIPlugin
2025-09-10 08:22:47,126 [INFO] PluginManager:220 - loadIPPluginJar : add ucpd
2025-09-10 08:22:47,130 [INFO] IPUIPlugin:80 - create IPUIPlugin
2025-09-10 08:22:47,130 [INFO] PluginManager:220 - loadIPPluginJar : add usart
2025-09-10 08:22:47,134 [INFO] IPUIPlugin:80 - create IPUIPlugin
2025-09-10 08:22:47,134 [INFO] PluginManager:220 - loadIPPluginJar : add usbx
2025-09-10 08:22:47,268 [FATAL] Updater:351 - Updater called before beeing initialized
2025-09-10 08:22:47,318 [INFO] RulesReader:64 - Compatibility file has been processed (317 Rules)
2025-09-10 08:22:47,333 [INFO] RulesReader:64 - Compatibility file has been processed (317 Rules)
2025-09-10 08:22:47,343 [INFO] CADModel:165 - CPN selected for project level
2025-09-10 08:22:47,343 [INFO] CADModel:114 - Register for checkConnection events
2025-09-10 08:22:47,343 [FATAL] Updater:351 - Updater called before beeing initialized
2025-09-10 08:22:47,344 [ERROR] CADModel:125 - Updater not yet initialized, retry later 
2025-09-10 08:22:47,503 [FATAL] Updater:351 - Updater called before beeing initialized
2025-09-10 08:22:47,506 [INFO] CADModel:165 - CPN selected for project level
2025-09-10 08:22:47,506 [INFO] CADModel:114 - Register for checkConnection events
2025-09-10 08:22:47,506 [FATAL] Updater:351 - Updater called before beeing initialized
2025-09-10 08:22:47,506 [ERROR] CADModel:125 - Updater not yet initialized, retry later 
2025-09-10 08:22:47,510 [FATAL] Updater:351 - Updater called before beeing initialized
2025-09-10 08:22:47,615 [FATAL] Updater:351 - Updater called before beeing initialized
2025-09-10 08:22:47,620 [INFO] DbMcusAds:53 - JSON generation date=Tue Jul 08 12:14:23 GST 2025 (1751962463582)
2025-09-10 08:22:47,620 [FATAL] Updater:351 - Updater called before beeing initialized
2025-09-10 08:22:47,662 [WARN] DetailPanel:346 - Failed to get advertising image, set to default
2025-09-10 08:22:47,742 [FATAL] Updater:351 - Updater called before beeing initialized
2025-09-10 08:22:47,744 [FATAL] Updater:351 - Updater called before beeing initialized
2025-09-10 08:22:47,744 [FATAL] Updater:351 - Updater called before beeing initialized
2025-09-10 08:22:47,744 [WARN] DetailPanel:346 - Failed to get advertising image, set to default
2025-09-10 08:22:47,745 [FATAL] Updater:351 - Updater called before beeing initialized
2025-09-10 08:22:47,800 [ERROR] Updater:1198 - MainUpdater not yet initialized. External WinMGr cannot be set.
2025-09-10 08:22:47,802 [INFO] Updater:1134 - Updater Version found : 6.15.0
2025-09-10 08:22:47,827 [INFO] ApplicationProperties:184 - Using Application install path: C:\ST\STM32CubeIDE_1.19.0\STM32CubeIDE\plugins\com.st.stm32cube.common.mx_6.15.0.202507011659
2025-09-10 08:22:49,273 [INFO] ThirdPartyUpdaterWithRetryManager:70 - Updater plugin not ready yet. [2/15]
2025-09-10 08:22:49,416 [ERROR] LogOutputStream:75 - [STDERR_REDIRECT] Sep 10, 2025 8:22:49 AM java.util.prefs.WindowsPreferences <init>
2025-09-10 08:22:49,418 [ERROR] LogOutputStream:75 - [STDERR_REDIRECT] WARNING: Could not open/create prefs root node Software\JavaSoft\Prefs at root 0xffffffff80000002. Windows RegCreateKeyEx(...) returned error code 5.
2025-09-10 08:22:49,418 [ERROR] LogOutputStream:75 - [STDERR_REDIRECT] 
2025-09-10 08:22:50,295 [INFO] MainUpdater:2872 - connection check result : 10
2025-09-10 08:22:50,295 [INFO] MainUpdater:289 - Updater Check For Update Now.
2025-09-10 08:22:50,296 [INFO] MicroXplorer:498 - Change Database Version : DB.6.0.150
2025-09-10 08:22:50,320 [INFO] McuFinderGlobals:63 - Set McuFinder mode to 2 (CubeIDE integrated)
2025-09-10 08:22:50,321 [INFO] UserAuth:171 - activating auth plugin
2025-09-10 08:22:50,326 [INFO] UserAuth:487 - Internet connection configuration mode: 1
2025-09-10 08:22:50,365 [INFO] JxBrowserEngine:152 - Initiate JxBrowser Engine with user profile folder
2025-09-10 08:22:50,493 [INFO] CheckServerUpdateThread:120 - End of CheckServer Thread
2025-09-10 08:22:51,429 [INFO] WebApp:169 - Instantiating new browser for Auth
2025-09-10 08:22:52,302 [INFO] WebApp:463 - Apply proxy settings
2025-09-10 08:22:52,302 [INFO] WebApp:548 - Chromium requires no authentication
2025-09-10 08:22:52,318 [INFO] WebApp:491 - Direct internet connection detected
2025-09-10 08:22:52,352 [INFO] WebApp:900 - Register for checkConnection events
2025-09-10 08:22:52,353 [INFO] WebApp:463 - Apply proxy settings
2025-09-10 08:22:52,353 [INFO] WebApp:548 - Chromium requires no authentication
2025-09-10 08:22:52,353 [INFO] WebApp:491 - Direct internet connection detected
2025-09-10 08:22:52,519 [WARN] PackLoader:240 - Cannot read IP mode file for STMicroelectronics.FP-SNS-MOTENVWB1.1.4.0
2025-09-10 08:22:52,531 [WARN] PackLoader:240 - Cannot read IP mode file for STMicroelectronics.FP-ATR-ASTRA1.2.0.2
2025-09-10 08:22:52,542 [WARN] PackLoader:240 - Cannot read IP mode file for STMicroelectronics.X-CUBE-SMBUS.2.1.0
2025-09-10 08:22:52,547 [WARN] PackLoader:240 - Cannot read IP mode file for STMicroelectronics.X-CUBE-ST60.1.0.0
2025-09-10 08:22:52,584 [WARN] PackLoader:240 - Cannot read IP mode file for STMicroelectronics.X-CUBE-AZRTOS-F7.1.1.0
2025-09-10 08:22:52,630 [WARN] PackLoader:240 - Cannot read IP mode file for Infineon.AIROC-Wi-Fi-Bluetooth-STM32.1.7.1
2025-09-10 08:22:52,667 [WARN] PackLoader:240 - Cannot read IP mode file for STMicroelectronics.X-CUBE-AZRTOS-H7.3.4.0
2025-09-10 08:22:52,680 [WARN] PackLoader:240 - Cannot read IP mode file for STMicroelectronics.X-CUBE-DISPLAY.3.0.0
2025-09-10 08:22:52,697 [WARN] PackLoader:240 - Cannot read IP mode file for STMicroelectronics.X-CUBE-NFC10.1.0.0
2025-09-10 08:22:52,732 [WARN] PackLoader:240 - Cannot read IP mode file for emotas.I-CUBE-CANOPEN.1.3.0
2025-09-10 08:22:52,744 [WARN] PackLoader:240 - Cannot read IP mode file for STMicroelectronics.FP-SNS-STBOX1.2.1.0
2025-09-10 08:22:52,753 [WARN] PackLoader:240 - Cannot read IP mode file for STMicroelectronics.FP-SNS-SMARTAG2.1.2.0
2025-09-10 08:22:52,760 [WARN] PackLoader:240 - Cannot read IP mode file for STMicroelectronics.FP-SNS-FLIGHT1.5.1.0
2025-09-10 08:22:52,763 [INFO] WebApp:225 - Starting web application
2025-09-10 08:22:52,763 [INFO] WebApp:593 - Web application path used C:\ST\STM32CubeIDE_1.19.0\STM32CubeIDE\plugins\com.st.stm32cube.common.mx_6.15.0.202507011659\db\plugins\mcufinder\reactClient1\index.html
2025-09-10 08:22:52,774 [INFO] LogOutputStream:77 - [STDOUT_REDIRECT] 1 : Invalid condition id : UX_CORESTACK_Condition cause : null
2025-09-10 08:22:52,775 [INFO] LogOutputStream:77 - [STDOUT_REDIRECT] 1 : Invalid condition id : UX_CORESTACK_Condition cause : null
2025-09-10 08:22:52,776 [INFO] LogOutputStream:77 - [STDOUT_REDIRECT] 1 : Invalid condition id : UX_CORESTACK_Condition cause : null
2025-09-10 08:22:52,778 [INFO] LogOutputStream:77 - [STDOUT_REDIRECT] 1 : Invalid condition id : UX_CORESTACK_Condition cause : null
2025-09-10 08:22:52,779 [INFO] LogOutputStream:77 - [STDOUT_REDIRECT] 1 : Invalid condition id : UX_CORESTACK_Condition cause : null
2025-09-10 08:22:52,784 [WARN] PackLoader:240 - Cannot read IP mode file for STMicroelectronics.X-CUBE-AZRTOS-WL.2.0.0
2025-09-10 08:22:52,795 [WARN] PackLoader:240 - Cannot read IP mode file for STMicroelectronics.FP-SNS-MOTENV1.5.0.0
2025-09-10 08:22:52,810 [WARN] PackLoader:240 - Cannot read IP mode file for WES.I-CUBE-Cesium.1.3.0
2025-09-10 08:22:52,817 [WARN] PackLoader:240 - Cannot read IP mode file for STMicroelectronics.X-CUBE-BLE2.3.3.0
2025-09-10 08:22:52,826 [WARN] PackLoader:240 - Cannot read IP mode file for STMicroelectronics.X-CUBE-NFC9.1.0.0
2025-09-10 08:22:52,834 [WARN] PackLoader:240 - Cannot read IP mode file for wolfSSL.I-CUBE-wolfSSL.5.8.2
2025-09-10 08:22:52,842 [WARN] PackLoader:240 - Cannot read IP mode file for STMicroelectronics.X-CUBE-BLE1.7.1.0
2025-09-10 08:22:52,847 [WARN] PackLoader:240 - Cannot read IP mode file for wolfSSL.I-CUBE-wolfMQTT.1.19.2
2025-09-10 08:22:52,854 [WARN] PackLoader:240 - Cannot read IP mode file for STMicroelectronics.X-CUBE-EEPRMA1.5.2.0
2025-09-10 08:22:52,876 [WARN] PackLoader:240 - Cannot read IP mode file for STMicroelectronics.X-CUBE-AZRTOS-G0.1.1.0
2025-09-10 08:22:52,886 [WARN] PackLoader:240 - Cannot read IP mode file for STMicroelectronics.X-CUBE-SAFEA1.1.2.2
2025-09-10 08:22:52,894 [WARN] PackLoader:240 - Cannot read IP mode file for STMicroelectronics.X-CUBE-NFC4.3.0.0
2025-09-10 08:22:52,905 [WARN] PackLoader:240 - Cannot read IP mode file for EmbeddedOffice.I-CUBE-FS-RTOS.1.0.1
2025-09-10 08:22:52,912 [WARN] PackLoader:240 - Cannot read IP mode file for STMicroelectronics.X-CUBE-WB05N.2.0.0
2025-09-10 08:22:52,917 [WARN] PackLoader:240 - Cannot read IP mode file for wolfSSL.I-CUBE-wolfTPM.3.8.0
2025-09-10 08:22:52,925 [WARN] PackLoader:240 - Cannot read IP mode file for STMicroelectronics.X-CUBE-TCPP.4.2.0
2025-09-10 08:22:52,933 [WARN] PackLoader:240 - Cannot read IP mode file for RealThread.X-CUBE-RT-Thread_Nano.4.1.1
2025-09-10 08:22:52,939 [WARN] PackLoader:240 - Cannot read IP mode file for STMicroelectronics.FP-ATR-SIGFOX1.3.2.0
2025-09-10 08:22:52,947 [WARN] PackLoader:240 - Cannot read IP mode file for ITTIA_DB.I-CUBE-ITTIADB.8.9.0
2025-09-10 08:22:52,954 [WARN] PackLoader:240 - Cannot read IP mode file for STMicroelectronics.X-CUBE-ST67W61.1.0.0
2025-09-10 08:22:52,960 [WARN] PackLoader:240 - Cannot read IP mode file for STMicroelectronics.X-CUBE-AI.10.2.0
2025-09-10 08:22:52,997 [WARN] PackLoader:240 - Cannot read IP mode file for SEGGER.I-CUBE-embOS.1.3.1
2025-09-10 08:22:53,045 [WARN] PackLoader:240 - Cannot read IP mode file for STMicroelectronics.X-CUBE-ALGOBUILD.1.4.0
2025-09-10 08:22:53,095 [WARN] PackLoader:240 - Cannot read IP mode file for STMicroelectronics.X-CUBE-MEMS1.11.3.0
2025-09-10 08:22:53,259 [WARN] PackLoader:240 - Cannot read IP mode file for STMicroelectronics.X-CUBE-PM33A1.1.0.0
2025-09-10 08:22:53,278 [WARN] PackLoader:240 - Cannot read IP mode file for STMicroelectronics.X-CUBE-AZRTOS-F4.1.1.0
2025-09-10 08:22:53,285 [WARN] PackLoader:240 - Cannot read IP mode file for Avnet-IotConnect.X-CUBE-IoTC-DA16k-PMOD.1.0.0
2025-09-10 08:22:53,293 [WARN] PackLoader:240 - Cannot read IP mode file for STMicroelectronics.X-CUBE-ISPU.2.1.0
2025-09-10 08:22:53,300 [WARN] PackLoader:240 - Cannot read IP mode file for STMicroelectronics.X-CUBE-NFC12.1.0.0
2025-09-10 08:22:53,314 [WARN] PackLoader:240 - Cannot read IP mode file for STMicroelectronics.X-CUBE-AZRTOS-L5.2.0.0
2025-09-10 08:22:53,326 [WARN] PackLoader:240 - Cannot read IP mode file for STMicroelectronics.X-CUBE-NFC6.3.1.0
2025-09-10 08:22:53,333 [WARN] PackLoader:240 - Cannot read IP mode file for STMicroelectronics.X-CUBE-FREERTOS.1.3.1
2025-09-10 08:22:53,340 [WARN] PackLoader:240 - Cannot read IP mode file for STMicroelectronics.FP-SNS-STAIOTCFT.1.0.0
2025-09-10 08:22:53,346 [WARN] PackLoader:240 - Cannot read IP mode file for STMicroelectronics.X-CUBE-DPower.1.3.0
2025-09-10 08:22:53,367 [WARN] ConditionMgr:438 - getConditionDescription Invalid condition id : LAN8742 Phy interface Condition cause : null
2025-09-10 08:22:53,368 [WARN] PackLoader:240 - Cannot read IP mode file for STMicroelectronics.X-CUBE-AZRTOS-L4.2.0.0
2025-09-10 08:22:53,369 [WARN] ConditionMgr:1044 - genDependencies : Invalid condition id : LAN8742 Phy interface Condition cause : null
2025-09-10 08:22:53,370 [WARN] ConditionMgr:1044 - genDependencies : Invalid condition id : LAN8742 Phy interface Condition cause : null
2025-09-10 08:22:53,370 [WARN] ConditionMgr:1044 - genDependencies : Invalid condition id : LAN8742 Phy interface Condition cause : null
2025-09-10 08:22:53,379 [WARN] PackLoader:240 - Cannot read IP mode file for STMicroelectronics.X-CUBE-SFXS2LP1.4.0.0
2025-09-10 08:22:53,390 [WARN] PackLoader:240 - Cannot read IP mode file for STMicroelectronics.X-CUBE-BLEMGR.4.1.0
2025-09-10 08:22:53,410 [WARN] ConditionMgr:438 - getConditionDescription Invalid condition id : UX DEVICE CLASS RTOS Condition cause : null
2025-09-10 08:22:53,411 [WARN] ConditionMgr:438 - getConditionDescription Invalid condition id : UX DEVICE CLASS RTOS Condition cause : null
2025-09-10 08:22:53,413 [WARN] PackLoader:240 - Cannot read IP mode file for STMicroelectronics.X-CUBE-AZRTOS-WB.2.0.0
2025-09-10 08:22:53,413 [WARN] ConditionMgr:1044 - genDependencies : Invalid condition id : UX DEVICE CLASS RTOS Condition cause : null
2025-09-10 08:22:53,414 [WARN] ConditionMgr:1044 - genDependencies : Invalid condition id : UX DEVICE CLASS RTOS Condition cause : null
2025-09-10 08:22:53,414 [WARN] ConditionMgr:1044 - genDependencies : Invalid condition id : UX DEVICE CLASS RTOS Condition cause : null
2025-09-10 08:22:53,414 [WARN] ConditionMgr:1044 - genDependencies : Invalid condition id : UX DEVICE CLASS RTOS Condition cause : null
2025-09-10 08:22:53,414 [WARN] ConditionMgr:1044 - genDependencies : Invalid condition id : UX DEVICE CLASS RTOS Condition cause : null
2025-09-10 08:22:53,421 [WARN] PackLoader:240 - Cannot read IP mode file for STMicroelectronics.X-CUBE-GNSS1.7.0.1
2025-09-10 08:22:53,439 [WARN] PackLoader:240 - Cannot read IP mode file for STMicroelectronics.X-CUBE-TOUCHGFX.4.25.0
2025-09-10 08:22:53,445 [WARN] ConditionMgr:438 - getConditionDescription Invalid condition id : Cortex-A Device cause : null
2025-09-10 08:22:53,463 [WARN] ConditionMgr:1044 - genDependencies : Invalid condition id : Cortex-A Device cause : null
2025-09-10 08:22:53,463 [WARN] ConditionMgr:1044 - genDependencies : Invalid condition id : Cortex-A Device cause : null
2025-09-10 08:22:53,463 [WARN] ConditionMgr:1044 - genDependencies : Invalid condition id : Cortex-A Device cause : null
2025-09-10 08:22:53,480 [WARN] PackLoader:240 - Cannot read IP mode file for STMicroelectronics.X-CUBE-SUBG2.5.0.0
2025-09-10 08:22:53,515 [WARN] PackLoader:240 - Cannot read IP mode file for STMicroelectronics.X-CUBE-AZRTOS-H7RS.1.1.0
2025-09-10 08:22:53,550 [WARN] PackLoader:240 - Cannot read IP mode file for Cesanta.I-CUBE-Mongoose.7.13.0
2025-09-10 08:22:53,570 [WARN] PackLoader:240 - Cannot read IP mode file for STMicroelectronics.X-CUBE-AZRTOS-G4.2.0.0
2025-09-10 08:22:53,577 [WARN] PackLoader:240 - Cannot read IP mode file for wolfSSL.I-CUBE-wolfSSH.1.4.20
2025-09-10 08:22:53,583 [WARN] PackLoader:240 - Cannot read IP mode file for STMicroelectronics.X-CUBE-NFC7.2.0.0
2025-09-10 08:22:53,600 [WARN] PackLoader:240 - Cannot read IP mode file for STMicroelectronics.X-CUBE-IPS.3.1.0
2025-09-10 08:22:53,610 [WARN] PackLoader:240 - Cannot read IP mode file for STMicroelectronics.X-CUBE-ALS.1.0.2
2025-09-10 08:22:53,618 [WARN] PackLoader:240 - Cannot read IP mode file for STMicroelectronics.X-CUBE-STSE01.1.0.0
2025-09-10 08:22:53,631 [WARN] PackLoader:240 - Cannot read IP mode file for portGmbH.I-Cube-SoM-uGOAL.1.1.0
2025-09-10 08:22:53,647 [WARN] PackLoader:240 - Cannot read IP mode file for STMicroelectronics.X-CUBE-TOF1.3.4.3
2025-09-10 08:22:53,661 [INFO] ThirdParty:978 - Integrity check success = true
2025-09-10 08:22:53,661 [INFO] IntegrityCheckThread:100 - exiting critical section [integrity check]
2025-09-10 08:22:53,661 [INFO] IntegrityCheckThread:103 - End integrity checks thread
2025-09-10 08:22:53,753 [INFO] WebApp:191 - Connection restablished
2025-09-10 08:41:02,469 [ERROR] LogOutputStream:75 - [STDERR_REDIRECT] 
2025-09-10 20:04:09,184 [INFO] Activator:176 - 


2025-09-10 20:04:09,187 [INFO] Activator:177 - !SESSION log4j initialized
2025-09-10 20:04:16,047 [INFO] LogOutputStream:77 - [STDOUT_REDIRECT] 
2025-09-10 20:04:24,027 [INFO] ApplicationProperties:184 - Using Application install path: C:\ST\STM32CubeIDE_1.19.0\STM32CubeIDE\plugins\com.st.stm32cube.common.mx_6.15.0.202507011659
2025-09-10 20:04:24,049 [INFO] DbMcusXml:78 - Set database path to: C:\ST\STM32CubeIDE_1.19.0\STM32CubeIDE\plugins\com.st.stm32cube.common.mx_6.15.0.202507011659\\db\/mcu/
2025-09-10 20:04:24,049 [INFO] ApiDb:274 - Set plugin database path to: C:\ST\STM32CubeIDE_1.19.0\STM32CubeIDE\plugins\com.st.stm32cube.common.mx_6.15.0.202507011659\\db\/plugins/boardmanager/
2025-09-10 20:04:24,049 [WARN] ApiDb:259 - Overriding images path with different value:  => C:\ST\STM32CubeIDE_1.19.0\STM32CubeIDE\plugins\com.st.stm32cube.common.mx_6.15.0.202507011659\\db\/plugins/mcufinder/images/
2025-09-10 20:04:24,061 [INFO] ApiDb:250 - Set database path to: C:\Users\matth_ik1hap6\.stmcufinder\plugins\mcufinder//mcu/
2025-09-10 20:04:24,062 [INFO] DbMcusAds:125 - Set database path to: C:\Users\matth_ik1hap6\.stmcufinder\plugins\mcufinder//mcu/
2025-09-10 20:04:24,066 [INFO] CrossReferenceDbSqlite:203 - Set database path to: C:\Users\matth_ik1hap6\.stmcufinder\plugins\mcufinder//mcu/cs/
2025-09-10 20:04:24,205 [INFO] RulesReader:64 - Compatibility file has been processed (317 Rules)
2025-09-10 20:04:24,301 [INFO] DbMcusXml:78 - Set database path to: C:\ST\STM32CubeIDE_1.19.0\STM32CubeIDE\plugins\com.st.stm32cube.common.mx_6.15.0.202507011659\\db\/mcu/
2025-09-10 20:04:24,301 [INFO] ApiDb:274 - Set plugin database path to: C:\ST\STM32CubeIDE_1.19.0\STM32CubeIDE\plugins\com.st.stm32cube.common.mx_6.15.0.202507011659\\db\/plugins/boardmanager/
2025-09-10 20:04:24,301 [INFO] ApiDb:261 - Set plugin images path to: C:\ST\STM32CubeIDE_1.19.0\STM32CubeIDE\plugins\com.st.stm32cube.common.mx_6.15.0.202507011659\\db\/plugins/mcufinder/images/
2025-09-10 20:04:24,302 [WARN] DbFile:41 - Overriding database path with different value: C:\Users\matth_ik1hap6\.stmcufinder\plugins\mcufinder/ => C:\Users\matth_ik1hap6\.stmcufinder\plugins\mcufinder
2025-09-10 20:04:24,302 [INFO] ApiDb:250 - Set database path to: C:\Users\matth_ik1hap6\.stmcufinder\plugins\mcufinder//mcu/
2025-09-10 20:04:24,302 [WARN] DbFile:41 - Overriding database path with different value: C:\Users\matth_ik1hap6\.stmcufinder\plugins\mcufinder/ => C:\Users\matth_ik1hap6\.stmcufinder\plugins\mcufinder
2025-09-10 20:04:24,302 [INFO] DbMcusAds:125 - Set database path to: C:\Users\matth_ik1hap6\.stmcufinder\plugins\mcufinder//mcu/
2025-09-10 20:04:24,302 [WARN] DbFile:41 - Overriding database path with different value: C:\Users\matth_ik1hap6\.stmcufinder\plugins\mcufinder/ => C:\Users\matth_ik1hap6\.stmcufinder\plugins\mcufinder
2025-09-10 20:04:24,303 [WARN] DbFile:41 - Overriding database path with different value: C:\Users\matth_ik1hap6\.stmcufinder\plugins\mcufinder/ => C:\Users\matth_ik1hap6\.stmcufinder\plugins\mcufinder
2025-09-10 20:04:24,303 [INFO] CrossReferenceDbSqlite:203 - Set database path to: C:\Users\matth_ik1hap6\.stmcufinder\plugins\mcufinder//mcu/cs/
2025-09-10 20:04:24,391 [INFO] MainPanel:274 - HeapMemory: 268435456
2025-09-10 20:04:24,525 [INFO] DbMcusXml:78 - Set database path to: C:\ST\STM32CubeIDE_1.19.0\STM32CubeIDE\plugins\com.st.stm32cube.common.mx_6.15.0.202507011659\\db\/mcu/
2025-09-10 20:04:24,525 [INFO] ApiDb:274 - Set plugin database path to: C:\ST\STM32CubeIDE_1.19.0\STM32CubeIDE\plugins\com.st.stm32cube.common.mx_6.15.0.202507011659\\db\/plugins/boardmanager/
2025-09-10 20:04:24,525 [INFO] ApiDb:261 - Set plugin images path to: C:\ST\STM32CubeIDE_1.19.0\STM32CubeIDE\plugins\com.st.stm32cube.common.mx_6.15.0.202507011659\\db\/plugins/mcufinder/images/
2025-09-10 20:04:24,526 [WARN] DbFile:41 - Overriding database path with different value: C:\Users\matth_ik1hap6\.stmcufinder\plugins\mcufinder/ => C:\Users\matth_ik1hap6\.stmcufinder\plugins\mcufinder
2025-09-10 20:04:24,526 [INFO] ApiDb:250 - Set database path to: C:\Users\matth_ik1hap6\.stmcufinder\plugins\mcufinder//mcu/
2025-09-10 20:04:24,526 [WARN] DbFile:41 - Overriding database path with different value: C:\Users\matth_ik1hap6\.stmcufinder\plugins\mcufinder/ => C:\Users\matth_ik1hap6\.stmcufinder\plugins\mcufinder
2025-09-10 20:04:24,526 [INFO] DbMcusAds:125 - Set database path to: C:\Users\matth_ik1hap6\.stmcufinder\plugins\mcufinder//mcu/
2025-09-10 20:04:24,526 [WARN] DbFile:41 - Overriding database path with different value: C:\Users\matth_ik1hap6\.stmcufinder\plugins\mcufinder/ => C:\Users\matth_ik1hap6\.stmcufinder\plugins\mcufinder
2025-09-10 20:04:24,526 [WARN] DbFile:41 - Overriding database path with different value: C:\Users\matth_ik1hap6\.stmcufinder\plugins\mcufinder/ => C:\Users\matth_ik1hap6\.stmcufinder\plugins\mcufinder
2025-09-10 20:04:24,526 [INFO] CrossReferenceDbSqlite:203 - Set database path to: C:\Users\matth_ik1hap6\.stmcufinder\plugins\mcufinder//mcu/cs/
2025-09-10 20:04:24,546 [INFO] ApplicationProperties:184 - Using Application install path: C:\ST\STM32CubeIDE_1.19.0\STM32CubeIDE\plugins\com.st.stm32cube.common.mx_6.15.0.202507011659
2025-09-10 20:04:24,547 [INFO] PluginManage:196 - Search for loadable plugins [exclusion list=, ]
2025-09-10 20:04:24,549 [INFO] PluginManage:310 - Check plugin analytics
2025-09-10 20:04:24,784 [INFO] AnalyticsPlugin:253 - Accepted Software Licenses: 
2025-09-10 20:04:24,784 [INFO] AnalyticsPlugin:255 - Accepted CMSIS Pack Licenses: 
2025-09-10 20:04:24,784 [INFO] AnalyticsPlugin:257 - Accepted Firmware Licenses: FW.L4.1.18.0
2025-09-10 20:04:24,787 [INFO] PluginManage:359 - Loaded plugin analytics (category:tool,tabindex:-1)
2025-09-10 20:04:24,787 [INFO] PluginManage:310 - Check plugin cadmodel
2025-09-10 20:04:24,796 [INFO] CADModel:105 - Init CAD model plugin
2025-09-10 20:04:24,796 [INFO] PluginManage:359 - Loaded plugin cadmodel (category:power,tabindex:5)
2025-09-10 20:04:24,796 [INFO] PluginManage:310 - Check plugin clock
2025-09-10 20:04:24,811 [INFO] PluginManage:359 - Loaded plugin clock (category:base,tabindex:2)
2025-09-10 20:04:24,811 [INFO] PluginManage:310 - Check plugin ddr
2025-09-10 20:04:24,815 [INFO] PluginManage:359 - Loaded plugin ddr (category:tool,tabindex:6)
2025-09-10 20:04:24,815 [INFO] PluginManage:310 - Check plugin filemanager
2025-09-10 20:04:24,985 [INFO] PluginManage:359 - Loaded plugin filemanager (category:base,tabindex:10)
2025-09-10 20:04:24,985 [INFO] PluginManage:310 - Check plugin ipmanager
2025-09-10 20:04:24,993 [INFO] PluginManage:359 - Loaded plugin ipmanager (category:base,tabindex:5)
2025-09-10 20:04:24,994 [INFO] PluginManage:310 - Check plugin lpbam
2025-09-10 20:04:25,004 [INFO] PluginManage:359 - Loaded plugin lpbam (category:base,tabindex:0)
2025-09-10 20:04:25,004 [INFO] PluginManage:310 - Check plugin memorymap
2025-09-10 20:04:25,022 [INFO] PluginManage:359 - Loaded plugin memorymap (category:base,tabindex:4)
2025-09-10 20:04:25,022 [INFO] PluginManage:310 - Check plugin pinoutandconfiguration
2025-09-10 20:04:25,034 [INFO] PluginManage:359 - Loaded plugin pinoutandconfiguration (category:base,tabindex:1)
2025-09-10 20:04:25,034 [INFO] PluginManage:310 - Check plugin pinoutconfig
2025-09-10 20:04:25,141 [WARN] SupportedApi:132 - Cannot load RTOS API schema: s4s-elt-must-match.1: The content of 'definitions' must match (annotation?, (simpleType | complexType)?, (unique | key | keyref)*)). A problem was found starting at: attribute.
2025-09-10 20:04:25,309 [INFO] PluginManage:359 - Loaded plugin pinoutconfig (category:base,tabindex:0)
2025-09-10 20:04:25,309 [INFO] PluginManage:310 - Check plugin power
2025-09-10 20:04:25,322 [INFO] PluginManage:359 - Loaded plugin power (category:power,tabindex:4)
2025-09-10 20:04:25,322 [INFO] PluginManage:310 - Check plugin projectmanager
2025-09-10 20:04:25,340 [INFO] PluginManage:359 - Loaded plugin projectmanager (category:projectmanager,tabindex:4)
2025-09-10 20:04:25,340 [INFO] PluginManage:310 - Check plugin rif
2025-09-10 20:04:25,352 [INFO] PluginManage:359 - Loaded plugin rif (category:base,tabindex:3)
2025-09-10 20:04:25,352 [INFO] PluginManage:310 - Check plugin thirdparty
2025-09-10 20:04:25,512 [INFO] PluginManage:359 - Loaded plugin thirdparty (category:base,tabindex:-1)
2025-09-10 20:04:25,512 [WARN] IntegrityCheckThread:84 - waiting for thirdparty lock release [integrity check]
2025-09-10 20:04:25,512 [INFO] IntegrityCheckThread:86 - entering critical section [integrity check]
2025-09-10 20:04:25,512 [INFO] PluginManage:310 - Check plugin tools
2025-09-10 20:04:25,512 [INFO] ThirdPartyUpdaterWithRetryManager:70 - Updater plugin not ready yet. [1/15]
2025-09-10 20:04:25,516 [INFO] PluginManage:359 - Loaded plugin tools (category:base,tabindex:7)
2025-09-10 20:04:25,516 [INFO] PluginManage:310 - Check plugin tutovideos
2025-09-10 20:04:25,767 [INFO] PluginManage:359 - Loaded plugin tutovideos (category:base,tabindex:-1)
2025-09-10 20:04:25,767 [INFO] PluginManage:310 - Check plugin updater
2025-09-10 20:04:25,790 [INFO] PluginManage:359 - Loaded plugin updater (category:base,tabindex:12)
2025-09-10 20:04:25,791 [INFO] PluginManage:310 - Check plugin userauth
2025-09-10 20:04:25,797 [INFO] UserAuth:118 - Init User Auth plugin
2025-09-10 20:04:25,798 [INFO] PluginManage:359 - Loaded plugin userauth (category:base,tabindex:14)
2025-09-10 20:04:25,798 [INFO] PluginManage:283 - PluginManage : Loaded plugins [18]
2025-09-10 20:04:26,067 [INFO] PinOutPanel:1589 - setPackage(No Configuration,No Configuration)
2025-09-10 20:04:26,169 [INFO] CADModel:165 - CPN selected for project level
2025-09-10 20:04:26,170 [INFO] CADModel:114 - Register for checkConnection events
2025-09-10 20:04:26,195 [INFO] IPUIPlugin:80 - create IPUIPlugin
2025-09-10 20:04:26,196 [INFO] PluginManager:220 - loadIPPluginJar : add adc
2025-09-10 20:04:26,200 [INFO] IPUIPlugin:80 - create IPUIPlugin
2025-09-10 20:04:26,200 [INFO] PluginManager:220 - loadIPPluginJar : add aes
2025-09-10 20:04:26,205 [INFO] IPUIPlugin:80 - create IPUIPlugin
2025-09-10 20:04:26,205 [INFO] PluginManager:220 - loadIPPluginJar : add can
2025-09-10 20:04:26,209 [INFO] IPUIPlugin:80 - create IPUIPlugin
2025-09-10 20:04:26,209 [INFO] PluginManager:220 - loadIPPluginJar : add comp
2025-09-10 20:04:26,213 [INFO] IPUIPlugin:80 - create IPUIPlugin
2025-09-10 20:04:26,214 [INFO] PluginManager:220 - loadIPPluginJar : add cryp
2025-09-10 20:04:26,219 [INFO] IPUIPlugin:80 - create IPUIPlugin
2025-09-10 20:04:26,220 [INFO] PluginManager:220 - loadIPPluginJar : add ddr_ctrl_phy
2025-09-10 20:04:26,224 [INFO] IPUIPlugin:80 - create IPUIPlugin
2025-09-10 20:04:26,224 [INFO] PluginManager:220 - loadIPPluginJar : add dfsdm
2025-09-10 20:04:26,233 [INFO] IPUIPlugin:80 - create IPUIPlugin
2025-09-10 20:04:26,234 [INFO] PluginManager:220 - loadIPPluginJar : add dma
2025-09-10 20:04:26,238 [INFO] IPUIPlugin:80 - create IPUIPlugin
2025-09-10 20:04:26,238 [INFO] PluginManager:220 - loadIPPluginJar : add dma3
2025-09-10 20:04:26,242 [INFO] IPUIPlugin:80 - create IPUIPlugin
2025-09-10 20:04:26,242 [INFO] PluginManager:220 - loadIPPluginJar : add extmemmanager
2025-09-10 20:04:26,244 [INFO] IPUIPlugin:80 - create IPUIPlugin
2025-09-10 20:04:26,245 [INFO] PluginManager:220 - loadIPPluginJar : add fatfs
2025-09-10 20:04:26,251 [INFO] IPUIPlugin:80 - create IPUIPlugin
2025-09-10 20:04:26,252 [INFO] PluginManager:220 - loadIPPluginJar : add fmc
2025-09-10 20:04:26,263 [INFO] IPUIPlugin:80 - create IPUIPlugin
2025-09-10 20:04:26,263 [INFO] PluginManager:220 - loadIPPluginJar : add freertos
2025-09-10 20:04:26,266 [INFO] IPUIPlugin:80 - create IPUIPlugin
2025-09-10 20:04:26,266 [INFO] PluginManager:220 - loadIPPluginJar : add genericplugin
2025-09-10 20:04:26,269 [INFO] IPUIPlugin:80 - create IPUIPlugin
2025-09-10 20:04:26,269 [INFO] PluginManager:220 - loadIPPluginJar : add gfxmmu
2025-09-10 20:04:26,276 [INFO] IPUIPlugin:80 - create IPUIPlugin
2025-09-10 20:04:26,276 [INFO] PluginManager:220 - loadIPPluginJar : add gic
2025-09-10 20:04:26,282 [INFO] IPUIPlugin:80 - create IPUIPlugin
2025-09-10 20:04:26,283 [INFO] PluginManager:220 - loadIPPluginJar : add gpio
2025-09-10 20:04:26,287 [INFO] IPUIPlugin:80 - create IPUIPlugin
2025-09-10 20:04:26,288 [INFO] PluginManager:220 - loadIPPluginJar : add gtzc
2025-09-10 20:04:26,291 [INFO] IPUIPlugin:80 - create IPUIPlugin
2025-09-10 20:04:26,292 [INFO] PluginManager:220 - loadIPPluginJar : add hash
2025-09-10 20:04:26,295 [INFO] IPUIPlugin:80 - create IPUIPlugin
2025-09-10 20:04:26,295 [INFO] PluginManager:220 - loadIPPluginJar : add i2c
2025-09-10 20:04:26,299 [INFO] IPUIPlugin:80 - create IPUIPlugin
2025-09-10 20:04:26,299 [INFO] PluginManager:220 - loadIPPluginJar : add i2s
2025-09-10 20:04:26,303 [INFO] IPUIPlugin:80 - create IPUIPlugin
2025-09-10 20:04:26,303 [INFO] PluginManager:220 - loadIPPluginJar : add i3c
2025-09-10 20:04:26,308 [INFO] IPUIPlugin:80 - create IPUIPlugin
2025-09-10 20:04:26,308 [INFO] PluginManager:220 - loadIPPluginJar : add ipddr
2025-09-10 20:04:26,317 [INFO] IPUIPlugin:80 - create IPUIPlugin
2025-09-10 20:04:26,317 [INFO] PluginManager:220 - loadIPPluginJar : add linkedlist
2025-09-10 20:04:26,321 [INFO] IPUIPlugin:80 - create IPUIPlugin
2025-09-10 20:04:26,321 [INFO] PluginManager:220 - loadIPPluginJar : add lorawan
2025-09-10 20:04:26,324 [INFO] IPUIPlugin:80 - create IPUIPlugin
2025-09-10 20:04:26,324 [INFO] PluginManager:220 - loadIPPluginJar : add ltdc
2025-09-10 20:04:26,331 [INFO] IPUIPlugin:80 - create IPUIPlugin
2025-09-10 20:04:26,332 [INFO] PluginManager:220 - loadIPPluginJar : add mdma
2025-09-10 20:04:26,336 [INFO] IPUIPlugin:80 - create IPUIPlugin
2025-09-10 20:04:26,336 [INFO] PluginManager:220 - loadIPPluginJar : add nvic
2025-09-10 20:04:26,341 [INFO] IPUIPlugin:80 - create IPUIPlugin
2025-09-10 20:04:26,341 [INFO] PluginManager:220 - loadIPPluginJar : add opamp
2025-09-10 20:04:26,345 [INFO] IPUIPlugin:80 - create IPUIPlugin
2025-09-10 20:04:26,346 [INFO] PluginManager:220 - loadIPPluginJar : add openamp
2025-09-10 20:04:26,350 [INFO] IPUIPlugin:80 - create IPUIPlugin
2025-09-10 20:04:26,350 [INFO] PluginManager:220 - loadIPPluginJar : add pdm2pcm
2025-09-10 20:04:26,357 [INFO] IPUIPlugin:80 - create IPUIPlugin
2025-09-10 20:04:26,361 [INFO] PluginManager:220 - loadIPPluginJar : add plateformsettings
2025-09-10 20:04:26,363 [INFO] IPUIPlugin:80 - create IPUIPlugin
2025-09-10 20:04:26,363 [INFO] PluginManager:220 - loadIPPluginJar : add quadspi
2025-09-10 20:04:26,366 [INFO] IPUIPlugin:80 - create IPUIPlugin
2025-09-10 20:04:26,367 [INFO] PluginManager:220 - loadIPPluginJar : add radio
2025-09-10 20:04:26,373 [INFO] IPUIPlugin:80 - create IPUIPlugin
2025-09-10 20:04:26,373 [INFO] PluginManager:220 - loadIPPluginJar : add resmgrutility
2025-09-10 20:04:26,378 [INFO] IPUIPlugin:80 - create IPUIPlugin
2025-09-10 20:04:26,378 [INFO] PluginManager:220 - loadIPPluginJar : add sai
2025-09-10 20:04:26,382 [INFO] IPUIPlugin:80 - create IPUIPlugin
2025-09-10 20:04:26,382 [INFO] PluginManager:220 - loadIPPluginJar : add spi
2025-09-10 20:04:26,391 [INFO] IPUIPlugin:80 - create IPUIPlugin
2025-09-10 20:04:26,392 [INFO] PluginManager:220 - loadIPPluginJar : add stm32_wpan
2025-09-10 20:04:26,394 [INFO] IPUIPlugin:80 - create IPUIPlugin
2025-09-10 20:04:26,395 [INFO] PluginManager:220 - loadIPPluginJar : add tim
2025-09-10 20:04:26,400 [INFO] IPUIPlugin:80 - create IPUIPlugin
2025-09-10 20:04:26,400 [INFO] PluginManager:220 - loadIPPluginJar : add touchsensing
2025-09-10 20:04:26,403 [INFO] IPUIPlugin:80 - create IPUIPlugin
2025-09-10 20:04:26,403 [INFO] PluginManager:220 - loadIPPluginJar : add tracer_emb
2025-09-10 20:04:26,406 [INFO] IPUIPlugin:80 - create IPUIPlugin
2025-09-10 20:04:26,407 [INFO] PluginManager:220 - loadIPPluginJar : add ts
2025-09-10 20:04:26,409 [INFO] IPUIPlugin:80 - create IPUIPlugin
2025-09-10 20:04:26,410 [INFO] PluginManager:220 - loadIPPluginJar : add tsc
2025-09-10 20:04:26,413 [INFO] IPUIPlugin:80 - create IPUIPlugin
2025-09-10 20:04:26,413 [INFO] PluginManager:220 - loadIPPluginJar : add ucpd
2025-09-10 20:04:26,418 [INFO] IPUIPlugin:80 - create IPUIPlugin
2025-09-10 20:04:26,418 [INFO] PluginManager:220 - loadIPPluginJar : add usart
2025-09-10 20:04:26,423 [INFO] IPUIPlugin:80 - create IPUIPlugin
2025-09-10 20:04:26,423 [INFO] PluginManager:220 - loadIPPluginJar : add usbx
2025-09-10 20:04:26,567 [FATAL] Updater:351 - Updater called before beeing initialized
2025-09-10 20:04:26,616 [INFO] RulesReader:64 - Compatibility file has been processed (317 Rules)
2025-09-10 20:04:26,629 [INFO] RulesReader:64 - Compatibility file has been processed (317 Rules)
2025-09-10 20:04:26,638 [INFO] CADModel:165 - CPN selected for project level
2025-09-10 20:04:26,638 [INFO] CADModel:114 - Register for checkConnection events
2025-09-10 20:04:26,638 [FATAL] Updater:351 - Updater called before beeing initialized
2025-09-10 20:04:26,638 [ERROR] CADModel:125 - Updater not yet initialized, retry later 
2025-09-10 20:04:26,809 [FATAL] Updater:351 - Updater called before beeing initialized
2025-09-10 20:04:26,811 [INFO] CADModel:165 - CPN selected for project level
2025-09-10 20:04:26,812 [INFO] CADModel:114 - Register for checkConnection events
2025-09-10 20:04:26,812 [FATAL] Updater:351 - Updater called before beeing initialized
2025-09-10 20:04:26,812 [ERROR] CADModel:125 - Updater not yet initialized, retry later 
2025-09-10 20:04:26,817 [FATAL] Updater:351 - Updater called before beeing initialized
2025-09-10 20:04:26,932 [FATAL] Updater:351 - Updater called before beeing initialized
2025-09-10 20:04:26,937 [INFO] DbMcusAds:53 - JSON generation date=Tue Jul 08 12:14:23 GST 2025 (1751962463582)
2025-09-10 20:04:26,937 [FATAL] Updater:351 - Updater called before beeing initialized
2025-09-10 20:04:26,982 [WARN] DetailPanel:346 - Failed to get advertising image, set to default
2025-09-10 20:04:27,068 [FATAL] Updater:351 - Updater called before beeing initialized
2025-09-10 20:04:27,070 [FATAL] Updater:351 - Updater called before beeing initialized
2025-09-10 20:04:27,070 [FATAL] Updater:351 - Updater called before beeing initialized
2025-09-10 20:04:27,070 [WARN] DetailPanel:346 - Failed to get advertising image, set to default
2025-09-10 20:04:27,071 [FATAL] Updater:351 - Updater called before beeing initialized
2025-09-10 20:04:27,121 [ERROR] Updater:1198 - MainUpdater not yet initialized. External WinMGr cannot be set.
2025-09-10 20:04:27,125 [INFO] Updater:1134 - Updater Version found : 6.15.0
2025-09-10 20:04:27,146 [INFO] ApplicationProperties:184 - Using Application install path: C:\ST\STM32CubeIDE_1.19.0\STM32CubeIDE\plugins\com.st.stm32cube.common.mx_6.15.0.202507011659
2025-09-10 20:04:28,514 [INFO] ThirdPartyUpdaterWithRetryManager:70 - Updater plugin not ready yet. [2/15]
2025-09-10 20:04:28,730 [ERROR] LogOutputStream:75 - [STDERR_REDIRECT] Sep 10, 2025 8:04:28 PM java.util.prefs.WindowsPreferences <init>
2025-09-10 20:04:28,731 [ERROR] LogOutputStream:75 - [STDERR_REDIRECT] WARNING: Could not open/create prefs root node Software\JavaSoft\Prefs at root 0xffffffff80000002. Windows RegCreateKeyEx(...) returned error code 5.
2025-09-10 20:04:28,732 [ERROR] LogOutputStream:75 - [STDERR_REDIRECT] 
2025-09-10 20:04:31,515 [FATAL] Updater:351 - Updater called before beeing initialized
2025-09-10 20:04:31,516 [ERROR] IntegrityCheckThread:130 - Cannot retrieve database content from updater: error 21
2025-09-10 20:04:31,516 [INFO] ThirdParty:978 - Integrity check success = false
2025-09-10 20:04:31,516 [INFO] IntegrityCheckThread:100 - exiting critical section [integrity check]
2025-09-10 20:04:31,516 [INFO] IntegrityCheckThread:103 - End integrity checks thread
2025-09-10 20:04:33,269 [INFO] MainUpdater:2872 - connection check result : 10
2025-09-10 20:04:33,270 [INFO] MainUpdater:289 - Updater Check For Update Now.
2025-09-10 20:04:33,270 [INFO] MicroXplorer:498 - Change Database Version : DB.6.0.150
2025-09-10 20:04:33,291 [INFO] McuFinderGlobals:63 - Set McuFinder mode to 2 (CubeIDE integrated)
2025-09-10 20:04:33,292 [INFO] UserAuth:171 - activating auth plugin
2025-09-10 20:04:33,295 [INFO] UserAuth:487 - Internet connection configuration mode: 1
2025-09-10 20:04:33,338 [INFO] JxBrowserEngine:152 - Initiate JxBrowser Engine with user profile folder
2025-09-10 20:04:33,493 [INFO] CheckServerUpdateThread:120 - End of CheckServer Thread
2025-09-10 20:04:34,409 [INFO] WebApp:169 - Instantiating new browser for Auth
2025-09-10 20:04:35,666 [INFO] WebApp:463 - Apply proxy settings
2025-09-10 20:04:35,667 [INFO] WebApp:548 - Chromium requires no authentication
2025-09-10 20:04:35,692 [INFO] WebApp:491 - Direct internet connection detected
2025-09-10 20:04:35,754 [INFO] WebApp:900 - Register for checkConnection events
2025-09-10 20:04:35,754 [INFO] WebApp:463 - Apply proxy settings
2025-09-10 20:04:35,755 [INFO] WebApp:548 - Chromium requires no authentication
2025-09-10 20:04:35,756 [INFO] WebApp:491 - Direct internet connection detected
2025-09-10 20:04:36,296 [INFO] WebApp:191 - Connection restablished
2025-09-10 20:04:36,340 [INFO] WebApp:225 - Starting web application
2025-09-10 20:04:36,340 [INFO] WebApp:593 - Web application path used C:\ST\STM32CubeIDE_1.19.0\STM32CubeIDE\plugins\com.st.stm32cube.common.mx_6.15.0.202507011659\db\plugins\mcufinder\reactClient1\index.html
2025-09-10 22:39:20,671 [INFO] WebApp:194 - Connection lost
2025-09-10 22:39:21,151 [INFO] WebApp:191 - Connection restablished
2025-09-10 22:49:44,774 [INFO] WebApp:194 - Connection lost
2025-09-10 22:49:45,622 [INFO] WebApp:191 - Connection restablished
2025-09-10 22:50:51,923 [INFO] WebApp:194 - Connection lost
2025-09-10 22:50:52,677 [INFO] WebApp:191 - Connection restablished
2025-09-10 23:05:59,950 [INFO] WebApp:194 - Connection lost
2025-09-10 23:06:00,879 [INFO] WebApp:191 - Connection restablished
2025-09-10 23:31:42,542 [ERROR] LogOutputStream:75 - [STDERR_REDIRECT] 
